Using pre-set license
Built from '2020.3/staging' branch; Version is '2020.3.18f1 (a7d1c678663c) revision 10998214'; Using compiler version '192528614'; Build Type 'Release'
OS: 'Windows 10 Home; OS build 19042.1288; Version 2009; 64bit' Language: 'ko' Physical Memory: 32676 MB
BatchMode: 1, IsHumanControllingUs: 0, StartBugReporterOnCrash: 0, Is64bit: 1, IsPro: 0

COMMAND LINE ARGUMENTS:
D:\Unity\2020.3.18f1\Editor\Unity.exe
-adb2
-batchMode
-noUpm
-name
AssetImportWorker0
-projectPath
D:/UnityProject/Luxa_Unity
-logFile
Logs/AssetImportWorker0.log
-srvPort
61989
Successfully changed project path to: D:/UnityProject/Luxa_Unity
D:/UnityProject/Luxa_Unity
Using Asset Import Pipeline V2.
Refreshing native plugins compatible for Editor in 144.54 ms, found 3 plugins.
Preloading 0 native plugins for Editor in 0.00 ms.
Initialize engine version: 2020.3.18f1 (a7d1c678663c)
[Subsystems] Discovering subsystems at path D:/Unity/2020.3.18f1/Editor/Data/Resources/UnitySubsystems
[Subsystems] Discovering subsystems at path D:/UnityProject/Luxa_Unity/Assets
GfxDevice: creating device client; threaded=0
Direct3D:
    Version:  Direct3D 11.0 [level 11.1]
    Renderer: NVIDIA GeForce GTX 970M (ID=0x13d8)
    Vendor:   
    VRAM:     3040 MB
    Driver:   22.21.13.8205
Initialize mono
Mono path[0] = 'D:/Unity/2020.3.18f1/Editor/Data/Managed'
Mono path[1] = 'D:/Unity/2020.3.18f1/Editor/Data/MonoBleedingEdge/lib/mono/unityjit'
Mono config path = 'D:/Unity/2020.3.18f1/Editor/Data/MonoBleedingEdge/etc'
Using monoOptions --debugger-agent=transport=dt_socket,embedding=1,server=y,suspend=n,address=127.0.0.1:56700
Begin MonoManager ReloadAssembly
Registering precompiled unity dll's ...
Register platform support module: D:/Unity/2020.3.18f1/Editor/Data/PlaybackEngines/WindowsStandaloneSupport/UnityEditor.WindowsStandalone.Extensions.dll
Registered in 0.006168 seconds.
Native extension for WindowsStandalone target not found
Refreshing native plugins compatible for Editor in 154.46 ms, found 3 plugins.
Preloading 0 native plugins for Editor in 0.00 ms.
Mono: successfully reloaded assembly
- Completed reload, in  8.772 seconds
Domain Reload Profiling:
	ReloadAssembly (8773ms)
		BeginReloadAssembly (243ms)
			ExecutionOrderSort (0ms)
			DisableScriptedObjects (0ms)
			BackupInstance (0ms)
			ReleaseScriptingObjects (0ms)
			CreateAndSetChildDomain (2ms)
		EndReloadAssembly (1552ms)
			LoadAssemblies (242ms)
			RebuildTransferFunctionScriptingTraits (0ms)
			SetupTypeCache (476ms)
			ReleaseScriptCaches (0ms)
			RebuildScriptCaches (136ms)
			SetupLoadedEditorAssemblies (555ms)
				LogAssemblyErrors (0ms)
				InitializePlatformSupportModulesInManaged (16ms)
				SetLoadedEditorAssemblies (1ms)
				RefreshPlugins (155ms)
				BeforeProcessingInitializeOnLoad (58ms)
				ProcessInitializeOnLoadAttributes (276ms)
				ProcessInitializeOnLoadMethodAttributes (50ms)
				AfterProcessingInitializeOnLoad (0ms)
				EditorAssembliesLoaded (0ms)
			ExecutionOrderSort2 (0ms)
			AwakeInstancesAfterBackupRestoration (0ms)
Platform modules already initialized, skipping
Registering precompiled user dll's ...
Registered in 0.048530 seconds.
Begin MonoManager ReloadAssembly
Native extension for WindowsStandalone target not found
Refreshing native plugins compatible for Editor in 194.44 ms, found 3 plugins.
Preloading 0 native plugins for Editor in 0.00 ms.
GPGSUpgrader start
0x00007ff6c05c48bc (Unity) StackWalker::GetCurrentCallstack
0x00007ff6c05ccf59 (Unity) StackWalker::ShowCallstack
0x00007ff6c1aebe7c (Unity) GetStacktrace
0x00007ff6c2c187c3 (Unity) DebugStringToFile
0x00007ff6c066f4c6 (Unity) DebugLogHandler_CUSTOM_Internal_Log
0x0000015c7fdc1a0b (Mono JIT Code) (wrapper managed-to-native) UnityEngine.DebugLogHandler:Internal_Log (UnityEngine.LogType,UnityEngine.LogOption,string,UnityEngine.Object)
0x0000015c7fdc161b (Mono JIT Code) UnityEngine.DebugLogHandler:LogFormat (UnityEngine.LogType,UnityEngine.Object,string,object[])
0x0000015c7fdc0a6e (Mono JIT Code) UnityEngine.Logger:Log (UnityEngine.LogType,object)
0x0000015c7fdbff8d (Mono JIT Code) UnityEngine.Debug:Log (object)
0x0000015c7fdbeb63 (Mono JIT Code) [GPGSUpgrader.cs:38] GooglePlayGames.Editor.GPGSUpgrader:.cctor () 
0x0000015c7fdbfaf5 (Mono JIT Code) (wrapper runtime-invoke) object:runtime_invoke_void (object,intptr,intptr,intptr)
0x00007ffcf0b1e660 (mono-2.0-bdwgc) [mini-runtime.c:2816] mono_jit_runtime_invoke 
0x00007ffcf0aa2ae2 (mono-2.0-bdwgc) [object.c:2921] do_runtime_invoke 
0x00007ffcf0aab1fc (mono-2.0-bdwgc) [object.c:477] mono_runtime_class_init_full 
0x00007ffcf0a58d5e (mono-2.0-bdwgc) [icall.c:990] ves_icall_System_Runtime_CompilerServices_RuntimeHelpers_RunClassConstructor 
0x0000015c7fb4e7d7 (Mono JIT Code) (wrapper managed-to-native) System.Runtime.CompilerServices.RuntimeHelpers:RunClassConstructor (intptr)
0x0000015c7fb4e6ab (Mono JIT Code) System.Runtime.CompilerServices.RuntimeHelpers:RunClassConstructor (System.RuntimeTypeHandle)
0x0000015c7fb4d95b (Mono JIT Code) UnityEditor.EditorAssemblies:ProcessInitializeOnLoadAttributes (System.Type[])
0x0000015c7dac3fdb (Mono JIT Code) (wrapper runtime-invoke) <Module>:runtime_invoke_void_object (object,intptr,intptr,intptr)
0x00007ffcf0b1e660 (mono-2.0-bdwgc) [mini-runtime.c:2816] mono_jit_runtime_invoke 
0x00007ffcf0aa2ae2 (mono-2.0-bdwgc) [object.c:2921] do_runtime_invoke 
0x00007ffcf0aabb3f (mono-2.0-bdwgc) [object.c:2968] mono_runtime_invoke 
0x00007ff6c044c0e4 (Unity) scripting_method_invoke
0x00007ff6c0444a35 (Unity) ScriptingInvocation::Invoke
0x00007ff6c043d525 (Unity) ScriptingInvocation::Invoke<void>
0x00007ff6bea8c11b (Unity) Scripting::UnityEditor::EditorAssembliesProxy::ProcessInitializeOnLoadAttributes
0x00007ff6c03fc715 (Unity) MonoManager::SetupLoadedEditorAssemblies
0x00007ff6c03f3801 (Unity) MonoManager::EndReloadAssembly
0x00007ff6c03fa771 (Unity) MonoManager::ReloadAssembly
0x00007ff6c17e67a1 (Unity) LoadDomainAndUserAssemblies
0x00007ff6c17e6c4e (Unity) LoadUserAssemblies
0x00007ff6c1151591 (Unity) Application::InitializeProject
0x00007ff6c1af93e2 (Unity) WinMain
0x00007ff6c394bf46 (Unity) __scrt_common_main_seh
0x00007ffd4b997034 (KERNEL32) BaseThreadInitThunk
0x00007ffd4d242651 (ntdll) RtlUserThreadStart

GPGSUpgrader done
0x00007ff6c05c48bc (Unity) StackWalker::GetCurrentCallstack
0x00007ff6c05ccf59 (Unity) StackWalker::ShowCallstack
0x00007ff6c1aebe7c (Unity) GetStacktrace
0x00007ff6c2c187c3 (Unity) DebugStringToFile
0x00007ff6c066f4c6 (Unity) DebugLogHandler_CUSTOM_Internal_Log
0x0000015c7fdc1a0b (Mono JIT Code) (wrapper managed-to-native) UnityEngine.DebugLogHandler:Internal_Log (UnityEngine.LogType,UnityEngine.LogOption,string,UnityEngine.Object)
0x0000015c7fdc161b (Mono JIT Code) UnityEngine.DebugLogHandler:LogFormat (UnityEngine.LogType,UnityEngine.Object,string,object[])
0x0000015c7fdc0a6e (Mono JIT Code) UnityEngine.Logger:Log (UnityEngine.LogType,object)
0x0000015c7fdbff8d (Mono JIT Code) UnityEngine.Debug:Log (object)
0x0000015c7fdbf79b (Mono JIT Code) [GPGSUpgrader.cs:105] GooglePlayGames.Editor.GPGSUpgrader:.cctor () 
0x0000015c7fdbfaf5 (Mono JIT Code) (wrapper runtime-invoke) object:runtime_invoke_void (object,intptr,intptr,intptr)
0x00007ffcf0b1e660 (mono-2.0-bdwgc) [mini-runtime.c:2816] mono_jit_runtime_invoke 
0x00007ffcf0aa2ae2 (mono-2.0-bdwgc) [object.c:2921] do_runtime_invoke 
0x00007ffcf0aab1fc (mono-2.0-bdwgc) [object.c:477] mono_runtime_class_init_full 
0x00007ffcf0a58d5e (mono-2.0-bdwgc) [icall.c:990] ves_icall_System_Runtime_CompilerServices_RuntimeHelpers_RunClassConstructor 
0x0000015c7fb4e7d7 (Mono JIT Code) (wrapper managed-to-native) System.Runtime.CompilerServices.RuntimeHelpers:RunClassConstructor (intptr)
0x0000015c7fb4e6ab (Mono JIT Code) System.Runtime.CompilerServices.RuntimeHelpers:RunClassConstructor (System.RuntimeTypeHandle)
0x0000015c7fb4d95b (Mono JIT Code) UnityEditor.EditorAssemblies:ProcessInitializeOnLoadAttributes (System.Type[])
0x0000015c7dac3fdb (Mono JIT Code) (wrapper runtime-invoke) <Module>:runtime_invoke_void_object (object,intptr,intptr,intptr)
0x00007ffcf0b1e660 (mono-2.0-bdwgc) [mini-runtime.c:2816] mono_jit_runtime_invoke 
0x00007ffcf0aa2ae2 (mono-2.0-bdwgc) [object.c:2921] do_runtime_invoke 
0x00007ffcf0aabb3f (mono-2.0-bdwgc) [object.c:2968] mono_runtime_invoke 
0x00007ff6c044c0e4 (Unity) scripting_method_invoke
0x00007ff6c0444a35 (Unity) ScriptingInvocation::Invoke
0x00007ff6c043d525 (Unity) ScriptingInvocation::Invoke<void>
0x00007ff6bea8c11b (Unity) Scripting::UnityEditor::EditorAssembliesProxy::ProcessInitializeOnLoadAttributes
0x00007ff6c03fc715 (Unity) MonoManager::SetupLoadedEditorAssemblies
0x00007ff6c03f3801 (Unity) MonoManager::EndReloadAssembly
0x00007ff6c03fa771 (Unity) MonoManager::ReloadAssembly
0x00007ff6c17e67a1 (Unity) LoadDomainAndUserAssemblies
0x00007ff6c17e6c4e (Unity) LoadUserAssemblies
0x00007ff6c1151591 (Unity) Application::InitializeProject
0x00007ff6c1af93e2 (Unity) WinMain
0x00007ff6c394bf46 (Unity) __scrt_common_main_seh
0x00007ffd4b997034 (KERNEL32) BaseThreadInitThunk
0x00007ffd4d242651 (ntdll) RtlUserThreadStart

Mono: successfully reloaded assembly
- Completed reload, in  5.475 seconds
Domain Reload Profiling:
	ReloadAssembly (5478ms)
		BeginReloadAssembly (385ms)
			ExecutionOrderSort (0ms)
			DisableScriptedObjects (8ms)
			BackupInstance (0ms)
			ReleaseScriptingObjects (0ms)
			CreateAndSetChildDomain (62ms)
		EndReloadAssembly (4963ms)
			LoadAssemblies (454ms)
			RebuildTransferFunctionScriptingTraits (0ms)
			SetupTypeCache (768ms)
			ReleaseScriptCaches (1ms)
			RebuildScriptCaches (197ms)
			SetupLoadedEditorAssemblies (2763ms)
				LogAssemblyErrors (0ms)
				InitializePlatformSupportModulesInManaged (12ms)
				SetLoadedEditorAssemblies (1ms)
				RefreshPlugins (195ms)
				BeforeProcessingInitializeOnLoad (388ms)
				ProcessInitializeOnLoadAttributes (2108ms)
				ProcessInitializeOnLoadMethodAttributes (43ms)
				AfterProcessingInitializeOnLoad (16ms)
				EditorAssembliesLoaded (1ms)
			ExecutionOrderSort2 (0ms)
			AwakeInstancesAfterBackupRestoration (33ms)
Platform modules already initialized, skipping
========================================================================
Worker process is ready to serve import requests
Launched and connected shader compiler UnityShaderCompiler.exe after 0.23 seconds
Refreshing native plugins compatible for Editor in 1.46 ms, found 3 plugins.
Preloading 0 native plugins for Editor in 0.00 ms.
Unloading 2348 Unused Serialized files (Serialized files now loaded: 0)
System memory in use before: 100.7 MB.
System memory in use after: 100.8 MB.

Unloading 106 unused Assets to reduce memory usage. Loaded Objects now: 2721.
Total: 4.188400 ms (FindLiveObjects: 0.269100 ms CreateObjectMapping: 0.113000 ms MarkObjects: 3.693700 ms  DeleteObjects: 0.111400 ms)

AssetImportParameters requested are different than current active one (requested -> active):
  custom:framework-win-MediaFoundation: 216162199b28c13a410421893ffa2e32 -> 
  custom:video-decoder-ogg-theora: a1e56fd34408186e4bbccfd4996cb3dc -> 
  custom:container-muxer-webm: aa71ff27fc2769a1b78a27578f13a17b -> 
  custom:container-demuxer-webm: 4f35f7cbe854078d1ac9338744f61a02 -> 
  custom:container-demuxer-ogg: 62fdf1f143b41e24485cea50d1cbac27 -> 
  custom:video-encoder-webm-vp8: eb34c28f22e8b96e1ab97ce403110664 -> 
  custom:video-decoder-webm-vp8: 9c59270c3fd7afecdb556c50c9e8de78 -> 
  custom:audio-decoder-ogg-vorbis: bf7c407c2cedff20999df2af8eb42d56 -> 
  custom:audio-encoder-webm-vorbis: bf7c407c2cedff20999df2af8eb42d56 -> 
========================================================================
Received Import Request.
  path: ProjectSettings/TagManager.asset
  artifactKey: Guid(00000000000000003000000000000000) Importer(815301076,1909f56bfc062723c751e8b465ee728b)
Start importing ProjectSettings/TagManager.asset using Guid(00000000000000003000000000000000) Importer(815301076,1909f56bfc062723c751e8b465ee728b)  -> (artifact id: 'ce6a35c3cddc746e7501c0bd0ed6d4ce') in 0.156333 seconds 
  Import took 0.162749 seconds .

========================================================================
Received Import Request.
  Time since last request: 6.880590 seconds.
  path: Assets/Prefabs/Bead.prefab
  artifactKey: Guid(f8cfcb136f145364189a6ca6b0b60388) Importer(815301076,1909f56bfc062723c751e8b465ee728b)
Start importing Assets/Prefabs/Bead.prefab using Guid(f8cfcb136f145364189a6ca6b0b60388) Importer(815301076,1909f56bfc062723c751e8b465ee728b)  -> (artifact id: '49b3c848fd4f33a2fc4fdeca87fbb842') in 0.151798 seconds 
  Import took 0.158353 seconds .

========================================================================
Received Import Request.
  Time since last request: 7.680356 seconds.
  path: Assets/Prefabs/Bead.prefab
  artifactKey: Guid(f8cfcb136f145364189a6ca6b0b60388) Importer(815301076,1909f56bfc062723c751e8b465ee728b)
Start importing Assets/Prefabs/Bead.prefab using Guid(f8cfcb136f145364189a6ca6b0b60388) Importer(815301076,1909f56bfc062723c751e8b465ee728b)  -> (artifact id: 'adc3ef7bb4997ac41b051bab99e321de') in 0.018706 seconds 
  Import took 0.026636 seconds .

========================================================================
Received Import Request.
  Time since last request: 4.359644 seconds.
  path: Assets/Prefabs/Ring.prefab
  artifactKey: Guid(c40dbaabfbc849a4ab909cb1e093deb2) Importer(815301076,1909f56bfc062723c751e8b465ee728b)
Start importing Assets/Prefabs/Ring.prefab using Guid(c40dbaabfbc849a4ab909cb1e093deb2) Importer(815301076,1909f56bfc062723c751e8b465ee728b)  -> (artifact id: '26581a66521661aec304052ddf0ce5bb') in 0.022026 seconds 
  Import took 0.039692 seconds .

========================================================================
Received Prepare
Registering precompiled user dll's ...
Registered in 0.019424 seconds.
Begin MonoManager ReloadAssembly
Native extension for WindowsStandalone target not found
Refreshing native plugins compatible for Editor in 1.11 ms, found 3 plugins.
Preloading 0 native plugins for Editor in 0.00 ms.
GPGSUpgrader start
0x00007ff6c05c48bc (Unity) StackWalker::GetCurrentCallstack
0x00007ff6c05ccf59 (Unity) StackWalker::ShowCallstack
0x00007ff6c1aebe7c (Unity) GetStacktrace
0x00007ff6c2c187c3 (Unity) DebugStringToFile
0x00007ff6c066f4c6 (Unity) DebugLogHandler_CUSTOM_Internal_Log
0x0000015c7fb6691b (Mono JIT Code) (wrapper managed-to-native) UnityEngine.DebugLogHandler:Internal_Log (UnityEngine.LogType,UnityEngine.LogOption,string,UnityEngine.Object)
0x0000015c7fb6652b (Mono JIT Code) UnityEngine.DebugLogHandler:LogFormat (UnityEngine.LogType,UnityEngine.Object,string,object[])
0x0000015c7fb65a4e (Mono JIT Code) UnityEngine.Logger:Log (UnityEngine.LogType,object)
0x0000015c7fb64f6d (Mono JIT Code) UnityEngine.Debug:Log (object)
0x0000015c7fb63b43 (Mono JIT Code) [GPGSUpgrader.cs:38] GooglePlayGames.Editor.GPGSUpgrader:.cctor () 
0x0000015c7fb64ad5 (Mono JIT Code) (wrapper runtime-invoke) object:runtime_invoke_void (object,intptr,intptr,intptr)
0x00007ffcf0b1e660 (mono-2.0-bdwgc) [mini-runtime.c:2816] mono_jit_runtime_invoke 
0x00007ffcf0aa2ae2 (mono-2.0-bdwgc) [object.c:2921] do_runtime_invoke 
0x00007ffcf0aab1fc (mono-2.0-bdwgc) [object.c:477] mono_runtime_class_init_full 
0x00007ffcf0a58d5e (mono-2.0-bdwgc) [icall.c:990] ves_icall_System_Runtime_CompilerServices_RuntimeHelpers_RunClassConstructor 
0x0000015c7eb2b837 (Mono JIT Code) (wrapper managed-to-native) System.Runtime.CompilerServices.RuntimeHelpers:RunClassConstructor (intptr)
0x0000015c7eb2b70b (Mono JIT Code) System.Runtime.CompilerServices.RuntimeHelpers:RunClassConstructor (System.RuntimeTypeHandle)
0x0000015c7eb2a9bb (Mono JIT Code) UnityEditor.EditorAssemblies:ProcessInitializeOnLoadAttributes (System.Type[])
0x0000015acb4f70ab (Mono JIT Code) (wrapper runtime-invoke) <Module>:runtime_invoke_void_object (object,intptr,intptr,intptr)
0x00007ffcf0b1e660 (mono-2.0-bdwgc) [mini-runtime.c:2816] mono_jit_runtime_invoke 
0x00007ffcf0aa2ae2 (mono-2.0-bdwgc) [object.c:2921] do_runtime_invoke 
0x00007ffcf0aabb3f (mono-2.0-bdwgc) [object.c:2968] mono_runtime_invoke 
0x00007ff6c044c0e4 (Unity) scripting_method_invoke
0x00007ff6c0444a35 (Unity) ScriptingInvocation::Invoke
0x00007ff6c043d525 (Unity) ScriptingInvocation::Invoke<void>
0x00007ff6bea8c11b (Unity) Scripting::UnityEditor::EditorAssembliesProxy::ProcessInitializeOnLoadAttributes
0x00007ff6c03fc715 (Unity) MonoManager::SetupLoadedEditorAssemblies
0x00007ff6c03f3801 (Unity) MonoManager::EndReloadAssembly
0x00007ff6c03fa771 (Unity) MonoManager::ReloadAssembly
0x00007ff6c17e67a1 (Unity) LoadDomainAndUserAssemblies
0x00007ff6c17e6c4e (Unity) LoadUserAssemblies
0x00007ff6c1c5dab8 (Unity) <lambda_d5cd3abeeb3ed75489242b6b28c1fa53>::operator()
0x00007ff6c1d01612 (Unity) asio::detail::completion_handler<core::mutable_function<void __cdecl(void)> >::do_complete
0x00007ff6c1d03770 (Unity) asio::detail::win_iocp_io_service::do_one
0x00007ff6c1d06efe (Unity) asio::io_service::run
0x00007ff6c1c8a13b (Unity) RunAssetImportWorkerClientV2
0x00007ff6c1c8a190 (Unity) RunAssetImporterV2
0x00007ff6c1151596 (Unity) Application::InitializeProject
0x00007ff6c1af93e2 (Unity) WinMain
0x00007ff6c394bf46 (Unity) __scrt_common_main_seh
0x00007ffd4b997034 (KERNEL32) BaseThreadInitThunk
0x00007ffd4d242651 (ntdll) RtlUserThreadStart

GPGSUpgrader done
0x00007ff6c05c48bc (Unity) StackWalker::GetCurrentCallstack
0x00007ff6c05ccf59 (Unity) StackWalker::ShowCallstack
0x00007ff6c1aebe7c (Unity) GetStacktrace
0x00007ff6c2c187c3 (Unity) DebugStringToFile
0x00007ff6c066f4c6 (Unity) DebugLogHandler_CUSTOM_Internal_Log
0x0000015c7fb6691b (Mono JIT Code) (wrapper managed-to-native) UnityEngine.DebugLogHandler:Internal_Log (UnityEngine.LogType,UnityEngine.LogOption,string,UnityEngine.Object)
0x0000015c7fb6652b (Mono JIT Code) UnityEngine.DebugLogHandler:LogFormat (UnityEngine.LogType,UnityEngine.Object,string,object[])
0x0000015c7fb65a4e (Mono JIT Code) UnityEngine.Logger:Log (UnityEngine.LogType,object)
0x0000015c7fb64f6d (Mono JIT Code) UnityEngine.Debug:Log (object)
0x0000015c7fb6477b (Mono JIT Code) [GPGSUpgrader.cs:105] GooglePlayGames.Editor.GPGSUpgrader:.cctor () 
0x0000015c7fb64ad5 (Mono JIT Code) (wrapper runtime-invoke) object:runtime_invoke_void (object,intptr,intptr,intptr)
0x00007ffcf0b1e660 (mono-2.0-bdwgc) [mini-runtime.c:2816] mono_jit_runtime_invoke 
0x00007ffcf0aa2ae2 (mono-2.0-bdwgc) [object.c:2921] do_runtime_invoke 
0x00007ffcf0aab1fc (mono-2.0-bdwgc) [object.c:477] mono_runtime_class_init_full 
0x00007ffcf0a58d5e (mono-2.0-bdwgc) [icall.c:990] ves_icall_System_Runtime_CompilerServices_RuntimeHelpers_RunClassConstructor 
0x0000015c7eb2b837 (Mono JIT Code) (wrapper managed-to-native) System.Runtime.CompilerServices.RuntimeHelpers:RunClassConstructor (intptr)
0x0000015c7eb2b70b (Mono JIT Code) System.Runtime.CompilerServices.RuntimeHelpers:RunClassConstructor (System.RuntimeTypeHandle)
0x0000015c7eb2a9bb (Mono JIT Code) UnityEditor.EditorAssemblies:ProcessInitializeOnLoadAttributes (System.Type[])
0x0000015acb4f70ab (Mono JIT Code) (wrapper runtime-invoke) <Module>:runtime_invoke_void_object (object,intptr,intptr,intptr)
0x00007ffcf0b1e660 (mono-2.0-bdwgc) [mini-runtime.c:2816] mono_jit_runtime_invoke 
0x00007ffcf0aa2ae2 (mono-2.0-bdwgc) [object.c:2921] do_runtime_invoke 
0x00007ffcf0aabb3f (mono-2.0-bdwgc) [object.c:2968] mono_runtime_invoke 
0x00007ff6c044c0e4 (Unity) scripting_method_invoke
0x00007ff6c0444a35 (Unity) ScriptingInvocation::Invoke
0x00007ff6c043d525 (Unity) ScriptingInvocation::Invoke<void>
0x00007ff6bea8c11b (Unity) Scripting::UnityEditor::EditorAssembliesProxy::ProcessInitializeOnLoadAttributes
0x00007ff6c03fc715 (Unity) MonoManager::SetupLoadedEditorAssemblies
0x00007ff6c03f3801 (Unity) MonoManager::EndReloadAssembly
0x00007ff6c03fa771 (Unity) MonoManager::ReloadAssembly
0x00007ff6c17e67a1 (Unity) LoadDomainAndUserAssemblies
0x00007ff6c17e6c4e (Unity) LoadUserAssemblies
0x00007ff6c1c5dab8 (Unity) <lambda_d5cd3abeeb3ed75489242b6b28c1fa53>::operator()
0x00007ff6c1d01612 (Unity) asio::detail::completion_handler<core::mutable_function<void __cdecl(void)> >::do_complete
0x00007ff6c1d03770 (Unity) asio::detail::win_iocp_io_service::do_one
0x00007ff6c1d06efe (Unity) asio::io_service::run
0x00007ff6c1c8a13b (Unity) RunAssetImportWorkerClientV2
0x00007ff6c1c8a190 (Unity) RunAssetImporterV2
0x00007ff6c1151596 (Unity) Application::InitializeProject
0x00007ff6c1af93e2 (Unity) WinMain
0x00007ff6c394bf46 (Unity) __scrt_common_main_seh
0x00007ffd4b997034 (KERNEL32) BaseThreadInitThunk
0x00007ffd4d242651 (ntdll) RtlUserThreadStart

Mono: successfully reloaded assembly
- Completed reload, in  1.666 seconds
Domain Reload Profiling:
	ReloadAssembly (1666ms)
		BeginReloadAssembly (170ms)
			ExecutionOrderSort (0ms)
			DisableScriptedObjects (7ms)
			BackupInstance (0ms)
			ReleaseScriptingObjects (0ms)
			CreateAndSetChildDomain (49ms)
		EndReloadAssembly (1422ms)
			LoadAssemblies (153ms)
			RebuildTransferFunctionScriptingTraits (0ms)
			SetupTypeCache (392ms)
			ReleaseScriptCaches (1ms)
			RebuildScriptCaches (73ms)
			SetupLoadedEditorAssemblies (685ms)
				LogAssemblyErrors (0ms)
				InitializePlatformSupportModulesInManaged (6ms)
				SetLoadedEditorAssemblies (1ms)
				RefreshPlugins (1ms)
				BeforeProcessingInitializeOnLoad (111ms)
				ProcessInitializeOnLoadAttributes (553ms)
				ProcessInitializeOnLoadMethodAttributes (8ms)
				AfterProcessingInitializeOnLoad (4ms)
				EditorAssembliesLoaded (0ms)
			ExecutionOrderSort2 (0ms)
			AwakeInstancesAfterBackupRestoration (14ms)
Platform modules already initialized, skipping
Switching build target platform(19) subTarget(0) extendedPlatform(0) -> platform(13) subTarget(537395200) extendedPlatform(0)
Refreshing native plugins compatible for Editor in 1.24 ms, found 3 plugins.
Preloading 0 native plugins for Editor in 0.00 ms.
Unloading 2341 Unused Serialized files (Serialized files now loaded: 0)
System memory in use before: 103.2 MB.
System memory in use after: 103.5 MB.

Unloading 95 unused Assets to reduce memory usage. Loaded Objects now: 2731.
Total: 4.803800 ms (FindLiveObjects: 0.257100 ms CreateObjectMapping: 0.119900 ms MarkObjects: 4.375200 ms  DeleteObjects: 0.050000 ms)

AssetImportParameters requested are different than current active one (requested -> active):
  custom:framework-win-MediaFoundation: 216162199b28c13a410421893ffa2e32 -> 
  custom:video-decoder-ogg-theora: a1e56fd34408186e4bbccfd4996cb3dc -> 
  custom:container-muxer-webm: aa71ff27fc2769a1b78a27578f13a17b -> 
  custom:container-demuxer-webm: 4f35f7cbe854078d1ac9338744f61a02 -> 
  custom:container-demuxer-ogg: 62fdf1f143b41e24485cea50d1cbac27 -> 
  custom:video-encoder-webm-vp8: eb34c28f22e8b96e1ab97ce403110664 -> 
  custom:video-decoder-webm-vp8: 9c59270c3fd7afecdb556c50c9e8de78 -> 
  custom:graphics/normal-map-encoding: 01000000000000000000000000000000 -> 02000000000000000000000000000000
  custom:audio-decoder-ogg-vorbis: bf7c407c2cedff20999df2af8eb42d56 -> 
  custom:audio-encoder-webm-vorbis: bf7c407c2cedff20999df2af8eb42d56 -> 
========================================================================
Received Import Request.
  Time since last request: 902.273846 seconds.
  path: Assets/StreamingAssets/Stages/1/8.txt
  artifactKey: Guid(e37a73b780ed0984b861aa87be084c89) Importer(815301076,1909f56bfc062723c751e8b465ee728b)
Start importing Assets/StreamingAssets/Stages/1/8.txt using Guid(e37a73b780ed0984b861aa87be084c89) Importer(815301076,1909f56bfc062723c751e8b465ee728b)  -> (artifact id: 'f28103ba52e194b0b0a312749c55db90') in 0.040069 seconds 
  Import took 0.045511 seconds .

========================================================================
Received Import Request.
  Time since last request: 83.808428 seconds.
  path: Assets/StreamingAssets/Stages/1/2.txt
  artifactKey: Guid(878a2183703df014eba4aa1ad785d600) Importer(815301076,1909f56bfc062723c751e8b465ee728b)
Start importing Assets/StreamingAssets/Stages/1/2.txt using Guid(878a2183703df014eba4aa1ad785d600) Importer(815301076,1909f56bfc062723c751e8b465ee728b)  -> (artifact id: '03b65f90c3fd79214941db49d832fa31') in 0.009854 seconds 
  Import took 0.014761 seconds .

========================================================================
Received Import Request.
  Time since last request: 4.378979 seconds.
  path: Assets/StreamingAssets/Stages/1/2 1.txt
  artifactKey: Guid(0a6cb82e56400a1428d2a5d4e26928b5) Importer(815301076,1909f56bfc062723c751e8b465ee728b)
Start importing Assets/StreamingAssets/Stages/1/2 1.txt using Guid(0a6cb82e56400a1428d2a5d4e26928b5) Importer(815301076,1909f56bfc062723c751e8b465ee728b)  -> (artifact id: 'c05c91c3cb3fb1584fbb8d1aa0222681') in 0.010758 seconds 
  Import took 0.016060 seconds .

========================================================================
Received Import Request.
  Time since last request: 3.486578 seconds.
  path: Assets/StreamingAssets/Stages/1/10.txt
  artifactKey: Guid(0a6cb82e56400a1428d2a5d4e26928b5) Importer(815301076,1909f56bfc062723c751e8b465ee728b)
Start importing Assets/StreamingAssets/Stages/1/10.txt using Guid(0a6cb82e56400a1428d2a5d4e26928b5) Importer(815301076,1909f56bfc062723c751e8b465ee728b)  -> (artifact id: 'cb49b3e7abe9bcd889af3cfc11e44730') in 0.013611 seconds 
  Import took 0.019485 seconds .

========================================================================
Received Import Request.
  Time since last request: 5.562628 seconds.
  path: Assets/StreamingAssets/Stages/1/10 1.txt
  artifactKey: Guid(de434337c22fdae48bb34d342f8a68b3) Importer(815301076,1909f56bfc062723c751e8b465ee728b)
Start importing Assets/StreamingAssets/Stages/1/10 1.txt using Guid(de434337c22fdae48bb34d342f8a68b3) Importer(815301076,1909f56bfc062723c751e8b465ee728b)  -> (artifact id: 'f25e6fc2d056217f7009715f0165d818') in 0.009401 seconds 
  Import took 0.014082 seconds .

========================================================================
Received Import Request.
  Time since last request: 2.541081 seconds.
  path: Assets/StreamingAssets/Stages/1/12.txt
  artifactKey: Guid(de434337c22fdae48bb34d342f8a68b3) Importer(815301076,1909f56bfc062723c751e8b465ee728b)
Start importing Assets/StreamingAssets/Stages/1/12.txt using Guid(de434337c22fdae48bb34d342f8a68b3) Importer(815301076,1909f56bfc062723c751e8b465ee728b)  -> (artifact id: '25f1e01ce30162fd035f743e4f9b8836') in 0.009581 seconds 
  Import took 0.014687 seconds .

========================================================================
Received Import Request.
  Time since last request: 43.656557 seconds.
  path: Assets/StreamingAssets/Stages/1/10.txt
  artifactKey: Guid(0a6cb82e56400a1428d2a5d4e26928b5) Importer(815301076,1909f56bfc062723c751e8b465ee728b)
Start importing Assets/StreamingAssets/Stages/1/10.txt using Guid(0a6cb82e56400a1428d2a5d4e26928b5) Importer(815301076,1909f56bfc062723c751e8b465ee728b)  -> (artifact id: '6a61d89b6dda9f0db1f688438e0df061') in 0.005444 seconds 
  Import took 0.010487 seconds .

========================================================================
Received Prepare
Registering precompiled user dll's ...
Registered in 0.021962 seconds.
Begin MonoManager ReloadAssembly
Native extension for WindowsStandalone target not found
Refreshing native plugins compatible for Editor in 1.06 ms, found 3 plugins.
Preloading 0 native plugins for Editor in 0.00 ms.
GPGSUpgrader start
0x00007ff6c05c48bc (Unity) StackWalker::GetCurrentCallstack
0x00007ff6c05ccf59 (Unity) StackWalker::ShowCallstack
0x00007ff6c1aebe7c (Unity) GetStacktrace
0x00007ff6c2c187c3 (Unity) DebugStringToFile
0x00007ff6c066f4c6 (Unity) DebugLogHandler_CUSTOM_Internal_Log
0x0000015c7fb8fb1b (Mono JIT Code) (wrapper managed-to-native) UnityEngine.DebugLogHandler:Internal_Log (UnityEngine.LogType,UnityEngine.LogOption,string,UnityEngine.Object)
0x0000015c7fbefefb (Mono JIT Code) UnityEngine.DebugLogHandler:LogFormat (UnityEngine.LogType,UnityEngine.Object,string,object[])
0x0000015c7fbef41e (Mono JIT Code) UnityEngine.Logger:Log (UnityEngine.LogType,object)
0x0000015c7fbee93d (Mono JIT Code) UnityEngine.Debug:Log (object)
0x0000015c7fbecdd3 (Mono JIT Code) [GPGSUpgrader.cs:38] GooglePlayGames.Editor.GPGSUpgrader:.cctor () 
0x0000015c7fbee185 (Mono JIT Code) (wrapper runtime-invoke) object:runtime_invoke_void (object,intptr,intptr,intptr)
0x00007ffcf0b1e660 (mono-2.0-bdwgc) [mini-runtime.c:2816] mono_jit_runtime_invoke 
0x00007ffcf0aa2ae2 (mono-2.0-bdwgc) [object.c:2921] do_runtime_invoke 
0x00007ffcf0aab1fc (mono-2.0-bdwgc) [object.c:477] mono_runtime_class_init_full 
0x00007ffcf0a58d5e (mono-2.0-bdwgc) [icall.c:990] ves_icall_System_Runtime_CompilerServices_RuntimeHelpers_RunClassConstructor 
0x0000015c7eb736e7 (Mono JIT Code) (wrapper managed-to-native) System.Runtime.CompilerServices.RuntimeHelpers:RunClassConstructor (intptr)
0x0000015c7eb735bb (Mono JIT Code) System.Runtime.CompilerServices.RuntimeHelpers:RunClassConstructor (System.RuntimeTypeHandle)
0x0000015c7eb7286b (Mono JIT Code) UnityEditor.EditorAssemblies:ProcessInitializeOnLoadAttributes (System.Type[])
0x0000015c7eb53fdb (Mono JIT Code) (wrapper runtime-invoke) <Module>:runtime_invoke_void_object (object,intptr,intptr,intptr)
0x00007ffcf0b1e660 (mono-2.0-bdwgc) [mini-runtime.c:2816] mono_jit_runtime_invoke 
0x00007ffcf0aa2ae2 (mono-2.0-bdwgc) [object.c:2921] do_runtime_invoke 
0x00007ffcf0aabb3f (mono-2.0-bdwgc) [object.c:2968] mono_runtime_invoke 
0x00007ff6c044c0e4 (Unity) scripting_method_invoke
0x00007ff6c0444a35 (Unity) ScriptingInvocation::Invoke
0x00007ff6c043d525 (Unity) ScriptingInvocation::Invoke<void>
0x00007ff6bea8c11b (Unity) Scripting::UnityEditor::EditorAssembliesProxy::ProcessInitializeOnLoadAttributes
0x00007ff6c03fc715 (Unity) MonoManager::SetupLoadedEditorAssemblies
0x00007ff6c03f3801 (Unity) MonoManager::EndReloadAssembly
0x00007ff6c03fa771 (Unity) MonoManager::ReloadAssembly
0x00007ff6c17e67a1 (Unity) LoadDomainAndUserAssemblies
0x00007ff6c17e6c4e (Unity) LoadUserAssemblies
0x00007ff6c1c5dab8 (Unity) <lambda_d5cd3abeeb3ed75489242b6b28c1fa53>::operator()
0x00007ff6c1d01612 (Unity) asio::detail::completion_handler<core::mutable_function<void __cdecl(void)> >::do_complete
0x00007ff6c1d03770 (Unity) asio::detail::win_iocp_io_service::do_one
0x00007ff6c1d06efe (Unity) asio::io_service::run
0x00007ff6c1c8a13b (Unity) RunAssetImportWorkerClientV2
0x00007ff6c1c8a190 (Unity) RunAssetImporterV2
0x00007ff6c1151596 (Unity) Application::InitializeProject
0x00007ff6c1af93e2 (Unity) WinMain
0x00007ff6c394bf46 (Unity) __scrt_common_main_seh
0x00007ffd4b997034 (KERNEL32) BaseThreadInitThunk
0x00007ffd4d242651 (ntdll) RtlUserThreadStart

GPGSUpgrader done
0x00007ff6c05c48bc (Unity) StackWalker::GetCurrentCallstack
0x00007ff6c05ccf59 (Unity) StackWalker::ShowCallstack
0x00007ff6c1aebe7c (Unity) GetStacktrace
0x00007ff6c2c187c3 (Unity) DebugStringToFile
0x00007ff6c066f4c6 (Unity) DebugLogHandler_CUSTOM_Internal_Log
0x0000015c7fb8fb1b (Mono JIT Code) (wrapper managed-to-native) UnityEngine.DebugLogHandler:Internal_Log (UnityEngine.LogType,UnityEngine.LogOption,string,UnityEngine.Object)
0x0000015c7fbefefb (Mono JIT Code) UnityEngine.DebugLogHandler:LogFormat (UnityEngine.LogType,UnityEngine.Object,string,object[])
0x0000015c7fbef41e (Mono JIT Code) UnityEngine.Logger:Log (UnityEngine.LogType,object)
0x0000015c7fbee93d (Mono JIT Code) UnityEngine.Debug:Log (object)
0x0000015c7fbeda0b (Mono JIT Code) [GPGSUpgrader.cs:105] GooglePlayGames.Editor.GPGSUpgrader:.cctor () 
0x0000015c7fbee185 (Mono JIT Code) (wrapper runtime-invoke) object:runtime_invoke_void (object,intptr,intptr,intptr)
0x00007ffcf0b1e660 (mono-2.0-bdwgc) [mini-runtime.c:2816] mono_jit_runtime_invoke 
0x00007ffcf0aa2ae2 (mono-2.0-bdwgc) [object.c:2921] do_runtime_invoke 
0x00007ffcf0aab1fc (mono-2.0-bdwgc) [object.c:477] mono_runtime_class_init_full 
0x00007ffcf0a58d5e (mono-2.0-bdwgc) [icall.c:990] ves_icall_System_Runtime_CompilerServices_RuntimeHelpers_RunClassConstructor 
0x0000015c7eb736e7 (Mono JIT Code) (wrapper managed-to-native) System.Runtime.CompilerServices.RuntimeHelpers:RunClassConstructor (intptr)
0x0000015c7eb735bb (Mono JIT Code) System.Runtime.CompilerServices.RuntimeHelpers:RunClassConstructor (System.RuntimeTypeHandle)
0x0000015c7eb7286b (Mono JIT Code) UnityEditor.EditorAssemblies:ProcessInitializeOnLoadAttributes (System.Type[])
0x0000015c7eb53fdb (Mono JIT Code) (wrapper runtime-invoke) <Module>:runtime_invoke_void_object (object,intptr,intptr,intptr)
0x00007ffcf0b1e660 (mono-2.0-bdwgc) [mini-runtime.c:2816] mono_jit_runtime_invoke 
0x00007ffcf0aa2ae2 (mono-2.0-bdwgc) [object.c:2921] do_runtime_invoke 
0x00007ffcf0aabb3f (mono-2.0-bdwgc) [object.c:2968] mono_runtime_invoke 
0x00007ff6c044c0e4 (Unity) scripting_method_invoke
0x00007ff6c0444a35 (Unity) ScriptingInvocation::Invoke
0x00007ff6c043d525 (Unity) ScriptingInvocation::Invoke<void>
0x00007ff6bea8c11b (Unity) Scripting::UnityEditor::EditorAssembliesProxy::ProcessInitializeOnLoadAttributes
0x00007ff6c03fc715 (Unity) MonoManager::SetupLoadedEditorAssemblies
0x00007ff6c03f3801 (Unity) MonoManager::EndReloadAssembly
0x00007ff6c03fa771 (Unity) MonoManager::ReloadAssembly
0x00007ff6c17e67a1 (Unity) LoadDomainAndUserAssemblies
0x00007ff6c17e6c4e (Unity) LoadUserAssemblies
0x00007ff6c1c5dab8 (Unity) <lambda_d5cd3abeeb3ed75489242b6b28c1fa53>::operator()
0x00007ff6c1d01612 (Unity) asio::detail::completion_handler<core::mutable_function<void __cdecl(void)> >::do_complete
0x00007ff6c1d03770 (Unity) asio::detail::win_iocp_io_service::do_one
0x00007ff6c1d06efe (Unity) asio::io_service::run
0x00007ff6c1c8a13b (Unity) RunAssetImportWorkerClientV2
0x00007ff6c1c8a190 (Unity) RunAssetImporterV2
0x00007ff6c1151596 (Unity) Application::InitializeProject
0x00007ff6c1af93e2 (Unity) WinMain
0x00007ff6c394bf46 (Unity) __scrt_common_main_seh
0x00007ffd4b997034 (KERNEL32) BaseThreadInitThunk
0x00007ffd4d242651 (ntdll) RtlUserThreadStart

Mono: successfully reloaded assembly
- Completed reload, in  1.510 seconds
Domain Reload Profiling:
	ReloadAssembly (1511ms)
		BeginReloadAssembly (186ms)
			ExecutionOrderSort (0ms)
			DisableScriptedObjects (8ms)
			BackupInstance (0ms)
			ReleaseScriptingObjects (0ms)
			CreateAndSetChildDomain (55ms)
		EndReloadAssembly (1254ms)
			LoadAssemblies (170ms)
			RebuildTransferFunctionScriptingTraits (0ms)
			SetupTypeCache (400ms)
			ReleaseScriptCaches (1ms)
			RebuildScriptCaches (66ms)
			SetupLoadedEditorAssemblies (507ms)
				LogAssemblyErrors (0ms)
				InitializePlatformSupportModulesInManaged (7ms)
				SetLoadedEditorAssemblies (1ms)
				RefreshPlugins (1ms)
				BeforeProcessingInitializeOnLoad (109ms)
				ProcessInitializeOnLoadAttributes (378ms)
				ProcessInitializeOnLoadMethodAttributes (7ms)
				AfterProcessingInitializeOnLoad (4ms)
				EditorAssembliesLoaded (0ms)
			ExecutionOrderSort2 (0ms)
			AwakeInstancesAfterBackupRestoration (13ms)
Platform modules already initialized, skipping
Switching build target platform(19) subTarget(0) extendedPlatform(0) -> platform(13) subTarget(537395200) extendedPlatform(0)
Refreshing native plugins compatible for Editor in 1.12 ms, found 3 plugins.
Preloading 0 native plugins for Editor in 0.00 ms.
Unloading 2341 Unused Serialized files (Serialized files now loaded: 0)
System memory in use before: 103.4 MB.
System memory in use after: 103.6 MB.

Unloading 94 unused Assets to reduce memory usage. Loaded Objects now: 2734.
Total: 4.564400 ms (FindLiveObjects: 0.256900 ms CreateObjectMapping: 0.117600 ms MarkObjects: 4.126100 ms  DeleteObjects: 0.062300 ms)

AssetImportParameters requested are different than current active one (requested -> active):
  custom:framework-win-MediaFoundation: 216162199b28c13a410421893ffa2e32 -> 
  custom:video-decoder-ogg-theora: a1e56fd34408186e4bbccfd4996cb3dc -> 
  custom:container-muxer-webm: aa71ff27fc2769a1b78a27578f13a17b -> 
  custom:container-demuxer-webm: 4f35f7cbe854078d1ac9338744f61a02 -> 
  custom:container-demuxer-ogg: 62fdf1f143b41e24485cea50d1cbac27 -> 
  custom:video-encoder-webm-vp8: eb34c28f22e8b96e1ab97ce403110664 -> 
  custom:video-decoder-webm-vp8: 9c59270c3fd7afecdb556c50c9e8de78 -> 
  custom:graphics/normal-map-encoding: 01000000000000000000000000000000 -> 02000000000000000000000000000000
  custom:audio-decoder-ogg-vorbis: bf7c407c2cedff20999df2af8eb42d56 -> 
  custom:audio-encoder-webm-vorbis: bf7c407c2cedff20999df2af8eb42d56 -> 
========================================================================
Received Import Request.
  Time since last request: 122.442701 seconds.
  path: Assets/StreamingAssets/Stages/1/10.txt
  artifactKey: Guid(0a6cb82e56400a1428d2a5d4e26928b5) Importer(815301076,1909f56bfc062723c751e8b465ee728b)
Start importing Assets/StreamingAssets/Stages/1/10.txt using Guid(0a6cb82e56400a1428d2a5d4e26928b5) Importer(815301076,1909f56bfc062723c751e8b465ee728b)  -> (artifact id: 'deb9fea0d748c4477e859e61f2a373d8') in 0.020428 seconds 
  Import took 0.026030 seconds .

========================================================================
Received Import Request.
  Time since last request: 0.001178 seconds.
  path: Assets/StreamingAssets/Stages/1/10.txt
  artifactKey: Guid(0a6cb82e56400a1428d2a5d4e26928b5) Importer(815301076,1909f56bfc062723c751e8b465ee728b)
Start importing Assets/StreamingAssets/Stages/1/10.txt using Guid(0a6cb82e56400a1428d2a5d4e26928b5) Importer(815301076,1909f56bfc062723c751e8b465ee728b)  -> (artifact id: 'deb9fea0d748c4477e859e61f2a373d8') in 0.004691 seconds 
  Import took 0.009957 seconds .

========================================================================
Received Prepare
Registering precompiled user dll's ...
Registered in 0.017476 seconds.
Begin MonoManager ReloadAssembly
Native extension for WindowsStandalone target not found
Refreshing native plugins compatible for Editor in 1.13 ms, found 3 plugins.
Preloading 0 native plugins for Editor in 0.00 ms.
GPGSUpgrader start
0x00007ff6c05c48bc (Unity) StackWalker::GetCurrentCallstack
0x00007ff6c05ccf59 (Unity) StackWalker::ShowCallstack
0x00007ff6c1aebe7c (Unity) GetStacktrace
0x00007ff6c2c187c3 (Unity) DebugStringToFile
0x00007ff6c066f4c6 (Unity) DebugLogHandler_CUSTOM_Internal_Log
0x0000015c7fb6fc0b (Mono JIT Code) (wrapper managed-to-native) UnityEngine.DebugLogHandler:Internal_Log (UnityEngine.LogType,UnityEngine.LogOption,string,UnityEngine.Object)
0x0000015c7fbcfb1b (Mono JIT Code) UnityEngine.DebugLogHandler:LogFormat (UnityEngine.LogType,UnityEngine.Object,string,object[])
0x0000015c7fbcf03e (Mono JIT Code) UnityEngine.Logger:Log (UnityEngine.LogType,object)
0x0000015c7fbcdfed (Mono JIT Code) UnityEngine.Debug:Log (object)
0x0000015c7fbcc333 (Mono JIT Code) [GPGSUpgrader.cs:38] GooglePlayGames.Editor.GPGSUpgrader:.cctor () 
0x0000015c7fbcd775 (Mono JIT Code) (wrapper runtime-invoke) object:runtime_invoke_void (object,intptr,intptr,intptr)
0x00007ffcf0b1e660 (mono-2.0-bdwgc) [mini-runtime.c:2816] mono_jit_runtime_invoke 
0x00007ffcf0aa2ae2 (mono-2.0-bdwgc) [object.c:2921] do_runtime_invoke 
0x00007ffcf0aab1fc (mono-2.0-bdwgc) [object.c:477] mono_runtime_class_init_full 
0x00007ffcf0a58d5e (mono-2.0-bdwgc) [icall.c:990] ves_icall_System_Runtime_CompilerServices_RuntimeHelpers_RunClassConstructor 
0x0000015c7eb236e7 (Mono JIT Code) (wrapper managed-to-native) System.Runtime.CompilerServices.RuntimeHelpers:RunClassConstructor (intptr)
0x0000015c7eb235bb (Mono JIT Code) System.Runtime.CompilerServices.RuntimeHelpers:RunClassConstructor (System.RuntimeTypeHandle)
0x0000015c7eb2286b (Mono JIT Code) UnityEditor.EditorAssemblies:ProcessInitializeOnLoadAttributes (System.Type[])
0x0000015c7fc13fdb (Mono JIT Code) (wrapper runtime-invoke) <Module>:runtime_invoke_void_object (object,intptr,intptr,intptr)
0x00007ffcf0b1e660 (mono-2.0-bdwgc) [mini-runtime.c:2816] mono_jit_runtime_invoke 
0x00007ffcf0aa2ae2 (mono-2.0-bdwgc) [object.c:2921] do_runtime_invoke 
0x00007ffcf0aabb3f (mono-2.0-bdwgc) [object.c:2968] mono_runtime_invoke 
0x00007ff6c044c0e4 (Unity) scripting_method_invoke
0x00007ff6c0444a35 (Unity) ScriptingInvocation::Invoke
0x00007ff6c043d525 (Unity) ScriptingInvocation::Invoke<void>
0x00007ff6bea8c11b (Unity) Scripting::UnityEditor::EditorAssembliesProxy::ProcessInitializeOnLoadAttributes
0x00007ff6c03fc715 (Unity) MonoManager::SetupLoadedEditorAssemblies
0x00007ff6c03f3801 (Unity) MonoManager::EndReloadAssembly
0x00007ff6c03fa771 (Unity) MonoManager::ReloadAssembly
0x00007ff6c17e67a1 (Unity) LoadDomainAndUserAssemblies
0x00007ff6c17e6c4e (Unity) LoadUserAssemblies
0x00007ff6c1c5dab8 (Unity) <lambda_d5cd3abeeb3ed75489242b6b28c1fa53>::operator()
0x00007ff6c1d01612 (Unity) asio::detail::completion_handler<core::mutable_function<void __cdecl(void)> >::do_complete
0x00007ff6c1d03770 (Unity) asio::detail::win_iocp_io_service::do_one
0x00007ff6c1d06efe (Unity) asio::io_service::run
0x00007ff6c1c8a13b (Unity) RunAssetImportWorkerClientV2
0x00007ff6c1c8a190 (Unity) RunAssetImporterV2
0x00007ff6c1151596 (Unity) Application::InitializeProject
0x00007ff6c1af93e2 (Unity) WinMain
0x00007ff6c394bf46 (Unity) __scrt_common_main_seh
0x00007ffd4b997034 (KERNEL32) BaseThreadInitThunk
0x00007ffd4d242651 (ntdll) RtlUserThreadStart

GPGSUpgrader done
0x00007ff6c05c48bc (Unity) StackWalker::GetCurrentCallstack
0x00007ff6c05ccf59 (Unity) StackWalker::ShowCallstack
0x00007ff6c1aebe7c (Unity) GetStacktrace
0x00007ff6c2c187c3 (Unity) DebugStringToFile
0x00007ff6c066f4c6 (Unity) DebugLogHandler_CUSTOM_Internal_Log
0x0000015c7fb6fc0b (Mono JIT Code) (wrapper managed-to-native) UnityEngine.DebugLogHandler:Internal_Log (UnityEngine.LogType,UnityEngine.LogOption,string,UnityEngine.Object)
0x0000015c7fbcfb1b (Mono JIT Code) UnityEngine.DebugLogHandler:LogFormat (UnityEngine.LogType,UnityEngine.Object,string,object[])
0x0000015c7fbcf03e (Mono JIT Code) UnityEngine.Logger:Log (UnityEngine.LogType,object)
0x0000015c7fbcdfed (Mono JIT Code) UnityEngine.Debug:Log (object)
0x0000015c7fbccf6b (Mono JIT Code) [GPGSUpgrader.cs:105] GooglePlayGames.Editor.GPGSUpgrader:.cctor () 
0x0000015c7fbcd775 (Mono JIT Code) (wrapper runtime-invoke) object:runtime_invoke_void (object,intptr,intptr,intptr)
0x00007ffcf0b1e660 (mono-2.0-bdwgc) [mini-runtime.c:2816] mono_jit_runtime_invoke 
0x00007ffcf0aa2ae2 (mono-2.0-bdwgc) [object.c:2921] do_runtime_invoke 
0x00007ffcf0aab1fc (mono-2.0-bdwgc) [object.c:477] mono_runtime_class_init_full 
0x00007ffcf0a58d5e (mono-2.0-bdwgc) [icall.c:990] ves_icall_System_Runtime_CompilerServices_RuntimeHelpers_RunClassConstructor 
0x0000015c7eb236e7 (Mono JIT Code) (wrapper managed-to-native) System.Runtime.CompilerServices.RuntimeHelpers:RunClassConstructor (intptr)
0x0000015c7eb235bb (Mono JIT Code) System.Runtime.CompilerServices.RuntimeHelpers:RunClassConstructor (System.RuntimeTypeHandle)
0x0000015c7eb2286b (Mono JIT Code) UnityEditor.EditorAssemblies:ProcessInitializeOnLoadAttributes (System.Type[])
0x0000015c7fc13fdb (Mono JIT Code) (wrapper runtime-invoke) <Module>:runtime_invoke_void_object (object,intptr,intptr,intptr)
0x00007ffcf0b1e660 (mono-2.0-bdwgc) [mini-runtime.c:2816] mono_jit_runtime_invoke 
0x00007ffcf0aa2ae2 (mono-2.0-bdwgc) [object.c:2921] do_runtime_invoke 
0x00007ffcf0aabb3f (mono-2.0-bdwgc) [object.c:2968] mono_runtime_invoke 
0x00007ff6c044c0e4 (Unity) scripting_method_invoke
0x00007ff6c0444a35 (Unity) ScriptingInvocation::Invoke
0x00007ff6c043d525 (Unity) ScriptingInvocation::Invoke<void>
0x00007ff6bea8c11b (Unity) Scripting::UnityEditor::EditorAssembliesProxy::ProcessInitializeOnLoadAttributes
0x00007ff6c03fc715 (Unity) MonoManager::SetupLoadedEditorAssemblies
0x00007ff6c03f3801 (Unity) MonoManager::EndReloadAssembly
0x00007ff6c03fa771 (Unity) MonoManager::ReloadAssembly
0x00007ff6c17e67a1 (Unity) LoadDomainAndUserAssemblies
0x00007ff6c17e6c4e (Unity) LoadUserAssemblies
0x00007ff6c1c5dab8 (Unity) <lambda_d5cd3abeeb3ed75489242b6b28c1fa53>::operator()
0x00007ff6c1d01612 (Unity) asio::detail::completion_handler<core::mutable_function<void __cdecl(void)> >::do_complete
0x00007ff6c1d03770 (Unity) asio::detail::win_iocp_io_service::do_one
0x00007ff6c1d06efe (Unity) asio::io_service::run
0x00007ff6c1c8a13b (Unity) RunAssetImportWorkerClientV2
0x00007ff6c1c8a190 (Unity) RunAssetImporterV2
0x00007ff6c1151596 (Unity) Application::InitializeProject
0x00007ff6c1af93e2 (Unity) WinMain
0x00007ff6c394bf46 (Unity) __scrt_common_main_seh
0x00007ffd4b997034 (KERNEL32) BaseThreadInitThunk
0x00007ffd4d242651 (ntdll) RtlUserThreadStart

Mono: successfully reloaded assembly
- Completed reload, in  1.491 seconds
Domain Reload Profiling:
	ReloadAssembly (1492ms)
		BeginReloadAssembly (178ms)
			ExecutionOrderSort (0ms)
			DisableScriptedObjects (8ms)
			BackupInstance (0ms)
			ReleaseScriptingObjects (0ms)
			CreateAndSetChildDomain (47ms)
		EndReloadAssembly (1224ms)
			LoadAssemblies (174ms)
			RebuildTransferFunctionScriptingTraits (0ms)
			SetupTypeCache (362ms)
			ReleaseScriptCaches (1ms)
			RebuildScriptCaches (63ms)
			SetupLoadedEditorAssemblies (510ms)
				LogAssemblyErrors (0ms)
				InitializePlatformSupportModulesInManaged (6ms)
				SetLoadedEditorAssemblies (1ms)
				RefreshPlugins (1ms)
				BeforeProcessingInitializeOnLoad (111ms)
				ProcessInitializeOnLoadAttributes (377ms)
				ProcessInitializeOnLoadMethodAttributes (8ms)
				AfterProcessingInitializeOnLoad (4ms)
				EditorAssembliesLoaded (0ms)
			ExecutionOrderSort2 (0ms)
			AwakeInstancesAfterBackupRestoration (15ms)
Platform modules already initialized, skipping
Switching build target platform(19) subTarget(0) extendedPlatform(0) -> platform(13) subTarget(537395200) extendedPlatform(0)
Refreshing native plugins compatible for Editor in 1.09 ms, found 3 plugins.
Preloading 0 native plugins for Editor in 0.00 ms.
Unloading 2341 Unused Serialized files (Serialized files now loaded: 0)
System memory in use before: 103.4 MB.
System memory in use after: 103.6 MB.

Unloading 94 unused Assets to reduce memory usage. Loaded Objects now: 2737.
Total: 4.614200 ms (FindLiveObjects: 0.433600 ms CreateObjectMapping: 0.178900 ms MarkObjects: 3.950800 ms  DeleteObjects: 0.049800 ms)

AssetImportParameters requested are different than current active one (requested -> active):
  custom:framework-win-MediaFoundation: 216162199b28c13a410421893ffa2e32 -> 
  custom:video-decoder-ogg-theora: a1e56fd34408186e4bbccfd4996cb3dc -> 
  custom:container-muxer-webm: aa71ff27fc2769a1b78a27578f13a17b -> 
  custom:container-demuxer-webm: 4f35f7cbe854078d1ac9338744f61a02 -> 
  custom:container-demuxer-ogg: 62fdf1f143b41e24485cea50d1cbac27 -> 
  custom:video-encoder-webm-vp8: eb34c28f22e8b96e1ab97ce403110664 -> 
  custom:video-decoder-webm-vp8: 9c59270c3fd7afecdb556c50c9e8de78 -> 
  custom:graphics/normal-map-encoding: 01000000000000000000000000000000 -> 02000000000000000000000000000000
  custom:audio-decoder-ogg-vorbis: bf7c407c2cedff20999df2af8eb42d56 -> 
  custom:audio-encoder-webm-vorbis: bf7c407c2cedff20999df2af8eb42d56 -> 
========================================================================
Received Prepare
Registering precompiled user dll's ...
Registered in 0.021619 seconds.
Begin MonoManager ReloadAssembly
Native extension for WindowsStandalone target not found
Refreshing native plugins compatible for Editor in 1.18 ms, found 3 plugins.
Preloading 0 native plugins for Editor in 0.00 ms.
GPGSUpgrader start
0x00007ff6c05c48bc (Unity) StackWalker::GetCurrentCallstack
0x00007ff6c05ccf59 (Unity) StackWalker::ShowCallstack
0x00007ff6c1aebe7c (Unity) GetStacktrace
0x00007ff6c2c187c3 (Unity) DebugStringToFile
0x00007ff6c066f4c6 (Unity) DebugLogHandler_CUSTOM_Internal_Log
0x0000015c7fb7fc4b (Mono JIT Code) (wrapper managed-to-native) UnityEngine.DebugLogHandler:Internal_Log (UnityEngine.LogType,UnityEngine.LogOption,string,UnityEngine.Object)
0x0000015c7fbdfb1b (Mono JIT Code) UnityEngine.DebugLogHandler:LogFormat (UnityEngine.LogType,UnityEngine.Object,string,object[])
0x0000015c7fbdf03e (Mono JIT Code) UnityEngine.Logger:Log (UnityEngine.LogType,object)
0x0000015c7fbde55d (Mono JIT Code) UnityEngine.Debug:Log (object)
0x0000015c7fbdd133 (Mono JIT Code) [GPGSUpgrader.cs:38] GooglePlayGames.Editor.GPGSUpgrader:.cctor () 
0x0000015c7fbde0c5 (Mono JIT Code) (wrapper runtime-invoke) object:runtime_invoke_void (object,intptr,intptr,intptr)
0x00007ffcf0b1e660 (mono-2.0-bdwgc) [mini-runtime.c:2816] mono_jit_runtime_invoke 
0x00007ffcf0aa2ae2 (mono-2.0-bdwgc) [object.c:2921] do_runtime_invoke 
0x00007ffcf0aab1fc (mono-2.0-bdwgc) [object.c:477] mono_runtime_class_init_full 
0x00007ffcf0a58d5e (mono-2.0-bdwgc) [icall.c:990] ves_icall_System_Runtime_CompilerServices_RuntimeHelpers_RunClassConstructor 
0x0000015c7eb336e7 (Mono JIT Code) (wrapper managed-to-native) System.Runtime.CompilerServices.RuntimeHelpers:RunClassConstructor (intptr)
0x0000015c7eb335bb (Mono JIT Code) System.Runtime.CompilerServices.RuntimeHelpers:RunClassConstructor (System.RuntimeTypeHandle)
0x0000015c7eb3286b (Mono JIT Code) UnityEditor.EditorAssemblies:ProcessInitializeOnLoadAttributes (System.Type[])
0x0000015c7fc23fdb (Mono JIT Code) (wrapper runtime-invoke) <Module>:runtime_invoke_void_object (object,intptr,intptr,intptr)
0x00007ffcf0b1e660 (mono-2.0-bdwgc) [mini-runtime.c:2816] mono_jit_runtime_invoke 
0x00007ffcf0aa2ae2 (mono-2.0-bdwgc) [object.c:2921] do_runtime_invoke 
0x00007ffcf0aabb3f (mono-2.0-bdwgc) [object.c:2968] mono_runtime_invoke 
0x00007ff6c044c0e4 (Unity) scripting_method_invoke
0x00007ff6c0444a35 (Unity) ScriptingInvocation::Invoke
0x00007ff6c043d525 (Unity) ScriptingInvocation::Invoke<void>
0x00007ff6bea8c11b (Unity) Scripting::UnityEditor::EditorAssembliesProxy::ProcessInitializeOnLoadAttributes
0x00007ff6c03fc715 (Unity) MonoManager::SetupLoadedEditorAssemblies
0x00007ff6c03f3801 (Unity) MonoManager::EndReloadAssembly
0x00007ff6c03fa771 (Unity) MonoManager::ReloadAssembly
0x00007ff6c17e67a1 (Unity) LoadDomainAndUserAssemblies
0x00007ff6c17e6c4e (Unity) LoadUserAssemblies
0x00007ff6c1c5dab8 (Unity) <lambda_d5cd3abeeb3ed75489242b6b28c1fa53>::operator()
0x00007ff6c1d01612 (Unity) asio::detail::completion_handler<core::mutable_function<void __cdecl(void)> >::do_complete
0x00007ff6c1d03770 (Unity) asio::detail::win_iocp_io_service::do_one
0x00007ff6c1d06efe (Unity) asio::io_service::run
0x00007ff6c1c8a13b (Unity) RunAssetImportWorkerClientV2
0x00007ff6c1c8a190 (Unity) RunAssetImporterV2
0x00007ff6c1151596 (Unity) Application::InitializeProject
0x00007ff6c1af93e2 (Unity) WinMain
0x00007ff6c394bf46 (Unity) __scrt_common_main_seh
0x00007ffd4b997034 (KERNEL32) BaseThreadInitThunk
0x00007ffd4d242651 (ntdll) RtlUserThreadStart

GPGSUpgrader done
0x00007ff6c05c48bc (Unity) StackWalker::GetCurrentCallstack
0x00007ff6c05ccf59 (Unity) StackWalker::ShowCallstack
0x00007ff6c1aebe7c (Unity) GetStacktrace
0x00007ff6c2c187c3 (Unity) DebugStringToFile
0x00007ff6c066f4c6 (Unity) DebugLogHandler_CUSTOM_Internal_Log
0x0000015c7fb7fc4b (Mono JIT Code) (wrapper managed-to-native) UnityEngine.DebugLogHandler:Internal_Log (UnityEngine.LogType,UnityEngine.LogOption,string,UnityEngine.Object)
0x0000015c7fbdfb1b (Mono JIT Code) UnityEngine.DebugLogHandler:LogFormat (UnityEngine.LogType,UnityEngine.Object,string,object[])
0x0000015c7fbdf03e (Mono JIT Code) UnityEngine.Logger:Log (UnityEngine.LogType,object)
0x0000015c7fbde55d (Mono JIT Code) UnityEngine.Debug:Log (object)
0x0000015c7fbddd6b (Mono JIT Code) [GPGSUpgrader.cs:105] GooglePlayGames.Editor.GPGSUpgrader:.cctor () 
0x0000015c7fbde0c5 (Mono JIT Code) (wrapper runtime-invoke) object:runtime_invoke_void (object,intptr,intptr,intptr)
0x00007ffcf0b1e660 (mono-2.0-bdwgc) [mini-runtime.c:2816] mono_jit_runtime_invoke 
0x00007ffcf0aa2ae2 (mono-2.0-bdwgc) [object.c:2921] do_runtime_invoke 
0x00007ffcf0aab1fc (mono-2.0-bdwgc) [object.c:477] mono_runtime_class_init_full 
0x00007ffcf0a58d5e (mono-2.0-bdwgc) [icall.c:990] ves_icall_System_Runtime_CompilerServices_RuntimeHelpers_RunClassConstructor 
0x0000015c7eb336e7 (Mono JIT Code) (wrapper managed-to-native) System.Runtime.CompilerServices.RuntimeHelpers:RunClassConstructor (intptr)
0x0000015c7eb335bb (Mono JIT Code) System.Runtime.CompilerServices.RuntimeHelpers:RunClassConstructor (System.RuntimeTypeHandle)
0x0000015c7eb3286b (Mono JIT Code) UnityEditor.EditorAssemblies:ProcessInitializeOnLoadAttributes (System.Type[])
0x0000015c7fc23fdb (Mono JIT Code) (wrapper runtime-invoke) <Module>:runtime_invoke_void_object (object,intptr,intptr,intptr)
0x00007ffcf0b1e660 (mono-2.0-bdwgc) [mini-runtime.c:2816] mono_jit_runtime_invoke 
0x00007ffcf0aa2ae2 (mono-2.0-bdwgc) [object.c:2921] do_runtime_invoke 
0x00007ffcf0aabb3f (mono-2.0-bdwgc) [object.c:2968] mono_runtime_invoke 
0x00007ff6c044c0e4 (Unity) scripting_method_invoke
0x00007ff6c0444a35 (Unity) ScriptingInvocation::Invoke
0x00007ff6c043d525 (Unity) ScriptingInvocation::Invoke<void>
0x00007ff6bea8c11b (Unity) Scripting::UnityEditor::EditorAssembliesProxy::ProcessInitializeOnLoadAttributes
0x00007ff6c03fc715 (Unity) MonoManager::SetupLoadedEditorAssemblies
0x00007ff6c03f3801 (Unity) MonoManager::EndReloadAssembly
0x00007ff6c03fa771 (Unity) MonoManager::ReloadAssembly
0x00007ff6c17e67a1 (Unity) LoadDomainAndUserAssemblies
0x00007ff6c17e6c4e (Unity) LoadUserAssemblies
0x00007ff6c1c5dab8 (Unity) <lambda_d5cd3abeeb3ed75489242b6b28c1fa53>::operator()
0x00007ff6c1d01612 (Unity) asio::detail::completion_handler<core::mutable_function<void __cdecl(void)> >::do_complete
0x00007ff6c1d03770 (Unity) asio::detail::win_iocp_io_service::do_one
0x00007ff6c1d06efe (Unity) asio::io_service::run
0x00007ff6c1c8a13b (Unity) RunAssetImportWorkerClientV2
0x00007ff6c1c8a190 (Unity) RunAssetImporterV2
0x00007ff6c1151596 (Unity) Application::InitializeProject
0x00007ff6c1af93e2 (Unity) WinMain
0x00007ff6c394bf46 (Unity) __scrt_common_main_seh
0x00007ffd4b997034 (KERNEL32) BaseThreadInitThunk
0x00007ffd4d242651 (ntdll) RtlUserThreadStart

Mono: successfully reloaded assembly
- Completed reload, in  1.586 seconds
Domain Reload Profiling:
	ReloadAssembly (1586ms)
		BeginReloadAssembly (190ms)
			ExecutionOrderSort (0ms)
			DisableScriptedObjects (8ms)
			BackupInstance (0ms)
			ReleaseScriptingObjects (0ms)
			CreateAndSetChildDomain (47ms)
		EndReloadAssembly (1314ms)
			LoadAssemblies (183ms)
			RebuildTransferFunctionScriptingTraits (0ms)
			SetupTypeCache (381ms)
			ReleaseScriptCaches (1ms)
			RebuildScriptCaches (78ms)
			SetupLoadedEditorAssemblies (528ms)
				LogAssemblyErrors (0ms)
				InitializePlatformSupportModulesInManaged (7ms)
				SetLoadedEditorAssemblies (1ms)
				RefreshPlugins (1ms)
				BeforeProcessingInitializeOnLoad (132ms)
				ProcessInitializeOnLoadAttributes (375ms)
				ProcessInitializeOnLoadMethodAttributes (7ms)
				AfterProcessingInitializeOnLoad (4ms)
				EditorAssembliesLoaded (0ms)
			ExecutionOrderSort2 (0ms)
			AwakeInstancesAfterBackupRestoration (13ms)
Platform modules already initialized, skipping
Switching build target platform(19) subTarget(0) extendedPlatform(0) -> platform(13) subTarget(537395200) extendedPlatform(0)
Refreshing native plugins compatible for Editor in 1.80 ms, found 3 plugins.
Preloading 0 native plugins for Editor in 0.00 ms.
Unloading 2341 Unused Serialized files (Serialized files now loaded: 0)
System memory in use before: 103.5 MB.
System memory in use after: 103.7 MB.

Unloading 94 unused Assets to reduce memory usage. Loaded Objects now: 2740.
Total: 4.559700 ms (FindLiveObjects: 0.291000 ms CreateObjectMapping: 0.184800 ms MarkObjects: 4.003200 ms  DeleteObjects: 0.078400 ms)

AssetImportParameters requested are different than current active one (requested -> active):
  custom:framework-win-MediaFoundation: 216162199b28c13a410421893ffa2e32 -> 
  custom:video-decoder-ogg-theora: a1e56fd34408186e4bbccfd4996cb3dc -> 
  custom:container-muxer-webm: aa71ff27fc2769a1b78a27578f13a17b -> 
  custom:container-demuxer-webm: 4f35f7cbe854078d1ac9338744f61a02 -> 
  custom:container-demuxer-ogg: 62fdf1f143b41e24485cea50d1cbac27 -> 
  custom:video-encoder-webm-vp8: eb34c28f22e8b96e1ab97ce403110664 -> 
  custom:video-decoder-webm-vp8: 9c59270c3fd7afecdb556c50c9e8de78 -> 
  custom:graphics/normal-map-encoding: 01000000000000000000000000000000 -> 02000000000000000000000000000000
  custom:audio-decoder-ogg-vorbis: bf7c407c2cedff20999df2af8eb42d56 -> 
  custom:audio-encoder-webm-vorbis: bf7c407c2cedff20999df2af8eb42d56 -> 
========================================================================
Received Import Request.
  Time since last request: 172.274978 seconds.
  path: Assets/StreamingAssets/Stages/1/12.txt
  artifactKey: Guid(de434337c22fdae48bb34d342f8a68b3) Importer(815301076,1909f56bfc062723c751e8b465ee728b)
Start importing Assets/StreamingAssets/Stages/1/12.txt using Guid(de434337c22fdae48bb34d342f8a68b3) Importer(815301076,1909f56bfc062723c751e8b465ee728b)  -> (artifact id: '638a4e236e605c7be7710e67d844a89f') in 0.018795 seconds 
  Import took 0.023438 seconds .

========================================================================
Received Import Request.
  Time since last request: 12.382214 seconds.
  path: Assets/StreamingAssets/Stages/1/12 1.txt
  artifactKey: Guid(4945fab4142a1be4db93b2249e93f636) Importer(815301076,1909f56bfc062723c751e8b465ee728b)
Start importing Assets/StreamingAssets/Stages/1/12 1.txt using Guid(4945fab4142a1be4db93b2249e93f636) Importer(815301076,1909f56bfc062723c751e8b465ee728b)  -> (artifact id: '0ae2e1eb92d48186b7d36e39a4ff0d11') in 0.009400 seconds 
  Import took 0.032514 seconds .

========================================================================
Received Import Request.
  Time since last request: 3.265814 seconds.
  path: Assets/StreamingAssets/Stages/1/14.txt
  artifactKey: Guid(4945fab4142a1be4db93b2249e93f636) Importer(815301076,1909f56bfc062723c751e8b465ee728b)
Start importing Assets/StreamingAssets/Stages/1/14.txt using Guid(4945fab4142a1be4db93b2249e93f636) Importer(815301076,1909f56bfc062723c751e8b465ee728b)  -> (artifact id: '7f2c09b49d75ff4b81d72ee923c078f0') in 0.009089 seconds 
  Import took 0.014665 seconds .

========================================================================
Received Import Request.
  Time since last request: 205.456892 seconds.
  path: Assets/StreamingAssets/Stages/1/14.txt
  artifactKey: Guid(4945fab4142a1be4db93b2249e93f636) Importer(815301076,1909f56bfc062723c751e8b465ee728b)
Start importing Assets/StreamingAssets/Stages/1/14.txt using Guid(4945fab4142a1be4db93b2249e93f636) Importer(815301076,1909f56bfc062723c751e8b465ee728b)  -> (artifact id: 'd5e851fd65c2f46853fe1fc524e0bf38') in 0.004694 seconds 
  Import took 0.271319 seconds .

========================================================================
Received Prepare
Registering precompiled user dll's ...
Registered in 0.025109 seconds.
Begin MonoManager ReloadAssembly
Native extension for WindowsStandalone target not found
Refreshing native plugins compatible for Editor in 1.30 ms, found 3 plugins.
Preloading 0 native plugins for Editor in 0.00 ms.
GPGSUpgrader start
0x00007ff6c05c48bc (Unity) StackWalker::GetCurrentCallstack
0x00007ff6c05ccf59 (Unity) StackWalker::ShowCallstack
0x00007ff6c1aebe7c (Unity) GetStacktrace
0x00007ff6c2c187c3 (Unity) DebugStringToFile
0x00007ff6c066f4c6 (Unity) DebugLogHandler_CUSTOM_Internal_Log
0x0000015ca7f3fe8b (Mono JIT Code) (wrapper managed-to-native) UnityEngine.DebugLogHandler:Internal_Log (UnityEngine.LogType,UnityEngine.LogOption,string,UnityEngine.Object)
0x0000015ca7f4fdfb (Mono JIT Code) UnityEngine.DebugLogHandler:LogFormat (UnityEngine.LogType,UnityEngine.Object,string,object[])
0x0000015ca7f5fa6e (Mono JIT Code) UnityEngine.Logger:Log (UnityEngine.LogType,object)
0x0000015ca7f5ef8d (Mono JIT Code) UnityEngine.Debug:Log (object)
0x0000015ca7f5db63 (Mono JIT Code) [GPGSUpgrader.cs:38] GooglePlayGames.Editor.GPGSUpgrader:.cctor () 
0x0000015ca7f5eaf5 (Mono JIT Code) (wrapper runtime-invoke) object:runtime_invoke_void (object,intptr,intptr,intptr)
0x00007ffcf0b1e660 (mono-2.0-bdwgc) [mini-runtime.c:2816] mono_jit_runtime_invoke 
0x00007ffcf0aa2ae2 (mono-2.0-bdwgc) [object.c:2921] do_runtime_invoke 
0x00007ffcf0aab1fc (mono-2.0-bdwgc) [object.c:477] mono_runtime_class_init_full 
0x00007ffcf0a58d5e (mono-2.0-bdwgc) [icall.c:990] ves_icall_System_Runtime_CompilerServices_RuntimeHelpers_RunClassConstructor 
0x0000015ca7dd36e7 (Mono JIT Code) (wrapper managed-to-native) System.Runtime.CompilerServices.RuntimeHelpers:RunClassConstructor (intptr)
0x0000015ca7dd35bb (Mono JIT Code) System.Runtime.CompilerServices.RuntimeHelpers:RunClassConstructor (System.RuntimeTypeHandle)
0x0000015ca7dd286b (Mono JIT Code) UnityEditor.EditorAssemblies:ProcessInitializeOnLoadAttributes (System.Type[])
0x0000015c7fc03fdb (Mono JIT Code) (wrapper runtime-invoke) <Module>:runtime_invoke_void_object (object,intptr,intptr,intptr)
0x00007ffcf0b1e660 (mono-2.0-bdwgc) [mini-runtime.c:2816] mono_jit_runtime_invoke 
0x00007ffcf0aa2ae2 (mono-2.0-bdwgc) [object.c:2921] do_runtime_invoke 
0x00007ffcf0aabb3f (mono-2.0-bdwgc) [object.c:2968] mono_runtime_invoke 
0x00007ff6c044c0e4 (Unity) scripting_method_invoke
0x00007ff6c0444a35 (Unity) ScriptingInvocation::Invoke
0x00007ff6c043d525 (Unity) ScriptingInvocation::Invoke<void>
0x00007ff6bea8c11b (Unity) Scripting::UnityEditor::EditorAssembliesProxy::ProcessInitializeOnLoadAttributes
0x00007ff6c03fc715 (Unity) MonoManager::SetupLoadedEditorAssemblies
0x00007ff6c03f3801 (Unity) MonoManager::EndReloadAssembly
0x00007ff6c03fa771 (Unity) MonoManager::ReloadAssembly
0x00007ff6c17e67a1 (Unity) LoadDomainAndUserAssemblies
0x00007ff6c17e6c4e (Unity) LoadUserAssemblies
0x00007ff6c1c5dab8 (Unity) <lambda_d5cd3abeeb3ed75489242b6b28c1fa53>::operator()
0x00007ff6c1d01612 (Unity) asio::detail::completion_handler<core::mutable_function<void __cdecl(void)> >::do_complete
0x00007ff6c1d03770 (Unity) asio::detail::win_iocp_io_service::do_one
0x00007ff6c1d06efe (Unity) asio::io_service::run
0x00007ff6c1c8a13b (Unity) RunAssetImportWorkerClientV2
0x00007ff6c1c8a190 (Unity) RunAssetImporterV2
0x00007ff6c1151596 (Unity) Application::InitializeProject
0x00007ff6c1af93e2 (Unity) WinMain
0x00007ff6c394bf46 (Unity) __scrt_common_main_seh
0x00007ffd4b997034 (KERNEL32) BaseThreadInitThunk
0x00007ffd4d242651 (ntdll) RtlUserThreadStart

GPGSUpgrader done
0x00007ff6c05c48bc (Unity) StackWalker::GetCurrentCallstack
0x00007ff6c05ccf59 (Unity) StackWalker::ShowCallstack
0x00007ff6c1aebe7c (Unity) GetStacktrace
0x00007ff6c2c187c3 (Unity) DebugStringToFile
0x00007ff6c066f4c6 (Unity) DebugLogHandler_CUSTOM_Internal_Log
0x0000015ca7f3fe8b (Mono JIT Code) (wrapper managed-to-native) UnityEngine.DebugLogHandler:Internal_Log (UnityEngine.LogType,UnityEngine.LogOption,string,UnityEngine.Object)
0x0000015ca7f4fdfb (Mono JIT Code) UnityEngine.DebugLogHandler:LogFormat (UnityEngine.LogType,UnityEngine.Object,string,object[])
0x0000015ca7f5fa6e (Mono JIT Code) UnityEngine.Logger:Log (UnityEngine.LogType,object)
0x0000015ca7f5ef8d (Mono JIT Code) UnityEngine.Debug:Log (object)
0x0000015ca7f5e79b (Mono JIT Code) [GPGSUpgrader.cs:105] GooglePlayGames.Editor.GPGSUpgrader:.cctor () 
0x0000015ca7f5eaf5 (Mono JIT Code) (wrapper runtime-invoke) object:runtime_invoke_void (object,intptr,intptr,intptr)
0x00007ffcf0b1e660 (mono-2.0-bdwgc) [mini-runtime.c:2816] mono_jit_runtime_invoke 
0x00007ffcf0aa2ae2 (mono-2.0-bdwgc) [object.c:2921] do_runtime_invoke 
0x00007ffcf0aab1fc (mono-2.0-bdwgc) [object.c:477] mono_runtime_class_init_full 
0x00007ffcf0a58d5e (mono-2.0-bdwgc) [icall.c:990] ves_icall_System_Runtime_CompilerServices_RuntimeHelpers_RunClassConstructor 
0x0000015ca7dd36e7 (Mono JIT Code) (wrapper managed-to-native) System.Runtime.CompilerServices.RuntimeHelpers:RunClassConstructor (intptr)
0x0000015ca7dd35bb (Mono JIT Code) System.Runtime.CompilerServices.RuntimeHelpers:RunClassConstructor (System.RuntimeTypeHandle)
0x0000015ca7dd286b (Mono JIT Code) UnityEditor.EditorAssemblies:ProcessInitializeOnLoadAttributes (System.Type[])
0x0000015c7fc03fdb (Mono JIT Code) (wrapper runtime-invoke) <Module>:runtime_invoke_void_object (object,intptr,intptr,intptr)
0x00007ffcf0b1e660 (mono-2.0-bdwgc) [mini-runtime.c:2816] mono_jit_runtime_invoke 
0x00007ffcf0aa2ae2 (mono-2.0-bdwgc) [object.c:2921] do_runtime_invoke 
0x00007ffcf0aabb3f (mono-2.0-bdwgc) [object.c:2968] mono_runtime_invoke 
0x00007ff6c044c0e4 (Unity) scripting_method_invoke
0x00007ff6c0444a35 (Unity) ScriptingInvocation::Invoke
0x00007ff6c043d525 (Unity) ScriptingInvocation::Invoke<void>
0x00007ff6bea8c11b (Unity) Scripting::UnityEditor::EditorAssembliesProxy::ProcessInitializeOnLoadAttributes
0x00007ff6c03fc715 (Unity) MonoManager::SetupLoadedEditorAssemblies
0x00007ff6c03f3801 (Unity) MonoManager::EndReloadAssembly
0x00007ff6c03fa771 (Unity) MonoManager::ReloadAssembly
0x00007ff6c17e67a1 (Unity) LoadDomainAndUserAssemblies
0x00007ff6c17e6c4e (Unity) LoadUserAssemblies
0x00007ff6c1c5dab8 (Unity) <lambda_d5cd3abeeb3ed75489242b6b28c1fa53>::operator()
0x00007ff6c1d01612 (Unity) asio::detail::completion_handler<core::mutable_function<void __cdecl(void)> >::do_complete
0x00007ff6c1d03770 (Unity) asio::detail::win_iocp_io_service::do_one
0x00007ff6c1d06efe (Unity) asio::io_service::run
0x00007ff6c1c8a13b (Unity) RunAssetImportWorkerClientV2
0x00007ff6c1c8a190 (Unity) RunAssetImporterV2
0x00007ff6c1151596 (Unity) Application::InitializeProject
0x00007ff6c1af93e2 (Unity) WinMain
0x00007ff6c394bf46 (Unity) __scrt_common_main_seh
0x00007ffd4b997034 (KERNEL32) BaseThreadInitThunk
0x00007ffd4d242651 (ntdll) RtlUserThreadStart

Mono: successfully reloaded assembly
- Completed reload, in  2.151 seconds
Domain Reload Profiling:
	ReloadAssembly (2152ms)
		BeginReloadAssembly (243ms)
			ExecutionOrderSort (0ms)
			DisableScriptedObjects (13ms)
			BackupInstance (0ms)
			ReleaseScriptingObjects (0ms)
			CreateAndSetChildDomain (63ms)
		EndReloadAssembly (1812ms)
			LoadAssemblies (246ms)
			RebuildTransferFunctionScriptingTraits (0ms)
			SetupTypeCache (553ms)
			ReleaseScriptCaches (1ms)
			RebuildScriptCaches (96ms)
			SetupLoadedEditorAssemblies (741ms)
				LogAssemblyErrors (0ms)
				InitializePlatformSupportModulesInManaged (9ms)
				SetLoadedEditorAssemblies (1ms)
				RefreshPlugins (1ms)
				BeforeProcessingInitializeOnLoad (160ms)
				ProcessInitializeOnLoadAttributes (550ms)
				ProcessInitializeOnLoadMethodAttributes (12ms)
				AfterProcessingInitializeOnLoad (7ms)
				EditorAssembliesLoaded (0ms)
			ExecutionOrderSort2 (0ms)
			AwakeInstancesAfterBackupRestoration (21ms)
Platform modules already initialized, skipping
Switching build target platform(19) subTarget(0) extendedPlatform(0) -> platform(13) subTarget(537395200) extendedPlatform(0)
Refreshing native plugins compatible for Editor in 1.42 ms, found 3 plugins.
Preloading 0 native plugins for Editor in 0.00 ms.
Unloading 2341 Unused Serialized files (Serialized files now loaded: 0)
System memory in use before: 103.4 MB.
System memory in use after: 103.7 MB.

Unloading 94 unused Assets to reduce memory usage. Loaded Objects now: 2743.
Total: 5.751000 ms (FindLiveObjects: 0.569400 ms CreateObjectMapping: 0.242000 ms MarkObjects: 4.883000 ms  DeleteObjects: 0.054500 ms)

AssetImportParameters requested are different than current active one (requested -> active):
  custom:framework-win-MediaFoundation: 216162199b28c13a410421893ffa2e32 -> 
  custom:video-decoder-ogg-theora: a1e56fd34408186e4bbccfd4996cb3dc -> 
  custom:container-muxer-webm: aa71ff27fc2769a1b78a27578f13a17b -> 
  custom:container-demuxer-webm: 4f35f7cbe854078d1ac9338744f61a02 -> 
  custom:container-demuxer-ogg: 62fdf1f143b41e24485cea50d1cbac27 -> 
  custom:video-encoder-webm-vp8: eb34c28f22e8b96e1ab97ce403110664 -> 
  custom:video-decoder-webm-vp8: 9c59270c3fd7afecdb556c50c9e8de78 -> 
  custom:graphics/normal-map-encoding: 01000000000000000000000000000000 -> 02000000000000000000000000000000
  custom:audio-decoder-ogg-vorbis: bf7c407c2cedff20999df2af8eb42d56 -> 
  custom:audio-encoder-webm-vorbis: bf7c407c2cedff20999df2af8eb42d56 -> 
========================================================================
Received Import Request.
  Time since last request: 2773.939033 seconds.
  path: Assets/StreamingAssets/Stages/1/14 1.txt
  artifactKey: Guid(49ab9c52d7312d445a350999c2ae6d45) Importer(815301076,1909f56bfc062723c751e8b465ee728b)
Start importing Assets/StreamingAssets/Stages/1/14 1.txt using Guid(49ab9c52d7312d445a350999c2ae6d45) Importer(815301076,1909f56bfc062723c751e8b465ee728b)  -> (artifact id: '4e2ddfcb6363c9864cd503640338ffca') in 0.030134 seconds 
  Import took 0.035867 seconds .

========================================================================
Received Import Request.
  Time since last request: 2.449477 seconds.
  path: Assets/StreamingAssets/Stages/1/15.txt
  artifactKey: Guid(49ab9c52d7312d445a350999c2ae6d45) Importer(815301076,1909f56bfc062723c751e8b465ee728b)
Start importing Assets/StreamingAssets/Stages/1/15.txt using Guid(49ab9c52d7312d445a350999c2ae6d45) Importer(815301076,1909f56bfc062723c751e8b465ee728b)  -> (artifact id: 'a4b78d4b4aa36124e5053e850bb53374') in 0.011368 seconds 
  Import took 0.016259 seconds .

========================================================================
Received Import Request.
  Time since last request: 177.052284 seconds.
  path: Assets/StreamingAssets/Stages/1/15.txt
  artifactKey: Guid(49ab9c52d7312d445a350999c2ae6d45) Importer(815301076,1909f56bfc062723c751e8b465ee728b)
Start importing Assets/StreamingAssets/Stages/1/15.txt using Guid(49ab9c52d7312d445a350999c2ae6d45) Importer(815301076,1909f56bfc062723c751e8b465ee728b)  -> (artifact id: 'abc42ca9dd24cd365d77d43c1865df04') in 0.005743 seconds 
  Import took 0.011874 seconds .

========================================================================
Received Prepare
Registering precompiled user dll's ...
Registered in 0.028115 seconds.
Begin MonoManager ReloadAssembly
Native extension for WindowsStandalone target not found
Refreshing native plugins compatible for Editor in 1.47 ms, found 3 plugins.
Preloading 0 native plugins for Editor in 0.00 ms.
GPGSUpgrader start
0x00007ff6c05c48bc (Unity) StackWalker::GetCurrentCallstack
0x00007ff6c05ccf59 (Unity) StackWalker::ShowCallstack
0x00007ff6c1aebe7c (Unity) GetStacktrace
0x00007ff6c2c187c3 (Unity) DebugStringToFile
0x00007ff6c066f4c6 (Unity) DebugLogHandler_CUSTOM_Internal_Log
0x0000015ca821faeb (Mono JIT Code) (wrapper managed-to-native) UnityEngine.DebugLogHandler:Internal_Log (UnityEngine.LogType,UnityEngine.LogOption,string,UnityEngine.Object)
0x0000015ca822fb0b (Mono JIT Code) UnityEngine.DebugLogHandler:LogFormat (UnityEngine.LogType,UnityEngine.Object,string,object[])
0x0000015ca822f02e (Mono JIT Code) UnityEngine.Logger:Log (UnityEngine.LogType,object)
0x0000015ca822e54d (Mono JIT Code) UnityEngine.Debug:Log (object)
0x0000015ca822d033 (Mono JIT Code) [GPGSUpgrader.cs:38] GooglePlayGames.Editor.GPGSUpgrader:.cctor () 
0x0000015ca822e0b5 (Mono JIT Code) (wrapper runtime-invoke) object:runtime_invoke_void (object,intptr,intptr,intptr)
0x00007ffcf0b1e660 (mono-2.0-bdwgc) [mini-runtime.c:2816] mono_jit_runtime_invoke 
0x00007ffcf0aa2ae2 (mono-2.0-bdwgc) [object.c:2921] do_runtime_invoke 
0x00007ffcf0aab1fc (mono-2.0-bdwgc) [object.c:477] mono_runtime_class_init_full 
0x00007ffcf0a58d5e (mono-2.0-bdwgc) [icall.c:990] ves_icall_System_Runtime_CompilerServices_RuntimeHelpers_RunClassConstructor 
0x0000015ca80a36e7 (Mono JIT Code) (wrapper managed-to-native) System.Runtime.CompilerServices.RuntimeHelpers:RunClassConstructor (intptr)
0x0000015ca80a35bb (Mono JIT Code) System.Runtime.CompilerServices.RuntimeHelpers:RunClassConstructor (System.RuntimeTypeHandle)
0x0000015ca80a286b (Mono JIT Code) UnityEditor.EditorAssemblies:ProcessInitializeOnLoadAttributes (System.Type[])
0x0000015ca7ea3fdb (Mono JIT Code) (wrapper runtime-invoke) <Module>:runtime_invoke_void_object (object,intptr,intptr,intptr)
0x00007ffcf0b1e660 (mono-2.0-bdwgc) [mini-runtime.c:2816] mono_jit_runtime_invoke 
0x00007ffcf0aa2ae2 (mono-2.0-bdwgc) [object.c:2921] do_runtime_invoke 
0x00007ffcf0aabb3f (mono-2.0-bdwgc) [object.c:2968] mono_runtime_invoke 
0x00007ff6c044c0e4 (Unity) scripting_method_invoke
0x00007ff6c0444a35 (Unity) ScriptingInvocation::Invoke
0x00007ff6c043d525 (Unity) ScriptingInvocation::Invoke<void>
0x00007ff6bea8c11b (Unity) Scripting::UnityEditor::EditorAssembliesProxy::ProcessInitializeOnLoadAttributes
0x00007ff6c03fc715 (Unity) MonoManager::SetupLoadedEditorAssemblies
0x00007ff6c03f3801 (Unity) MonoManager::EndReloadAssembly
0x00007ff6c03fa771 (Unity) MonoManager::ReloadAssembly
0x00007ff6c17e67a1 (Unity) LoadDomainAndUserAssemblies
0x00007ff6c17e6c4e (Unity) LoadUserAssemblies
0x00007ff6c1c5dab8 (Unity) <lambda_d5cd3abeeb3ed75489242b6b28c1fa53>::operator()
0x00007ff6c1d01612 (Unity) asio::detail::completion_handler<core::mutable_function<void __cdecl(void)> >::do_complete
0x00007ff6c1d03770 (Unity) asio::detail::win_iocp_io_service::do_one
0x00007ff6c1d06efe (Unity) asio::io_service::run
0x00007ff6c1c8a13b (Unity) RunAssetImportWorkerClientV2
0x00007ff6c1c8a190 (Unity) RunAssetImporterV2
0x00007ff6c1151596 (Unity) Application::InitializeProject
0x00007ff6c1af93e2 (Unity) WinMain
0x00007ff6c394bf46 (Unity) __scrt_common_main_seh
0x00007ffd4b997034 (KERNEL32) BaseThreadInitThunk
0x00007ffd4d242651 (ntdll) RtlUserThreadStart

GPGSUpgrader done
0x00007ff6c05c48bc (Unity) StackWalker::GetCurrentCallstack
0x00007ff6c05ccf59 (Unity) StackWalker::ShowCallstack
0x00007ff6c1aebe7c (Unity) GetStacktrace
0x00007ff6c2c187c3 (Unity) DebugStringToFile
0x00007ff6c066f4c6 (Unity) DebugLogHandler_CUSTOM_Internal_Log
0x0000015ca821faeb (Mono JIT Code) (wrapper managed-to-native) UnityEngine.DebugLogHandler:Internal_Log (UnityEngine.LogType,UnityEngine.LogOption,string,UnityEngine.Object)
0x0000015ca822fb0b (Mono JIT Code) UnityEngine.DebugLogHandler:LogFormat (UnityEngine.LogType,UnityEngine.Object,string,object[])
0x0000015ca822f02e (Mono JIT Code) UnityEngine.Logger:Log (UnityEngine.LogType,object)
0x0000015ca822e54d (Mono JIT Code) UnityEngine.Debug:Log (object)
0x0000015ca822dc6b (Mono JIT Code) [GPGSUpgrader.cs:105] GooglePlayGames.Editor.GPGSUpgrader:.cctor () 
0x0000015ca822e0b5 (Mono JIT Code) (wrapper runtime-invoke) object:runtime_invoke_void (object,intptr,intptr,intptr)
0x00007ffcf0b1e660 (mono-2.0-bdwgc) [mini-runtime.c:2816] mono_jit_runtime_invoke 
0x00007ffcf0aa2ae2 (mono-2.0-bdwgc) [object.c:2921] do_runtime_invoke 
0x00007ffcf0aab1fc (mono-2.0-bdwgc) [object.c:477] mono_runtime_class_init_full 
0x00007ffcf0a58d5e (mono-2.0-bdwgc) [icall.c:990] ves_icall_System_Runtime_CompilerServices_RuntimeHelpers_RunClassConstructor 
0x0000015ca80a36e7 (Mono JIT Code) (wrapper managed-to-native) System.Runtime.CompilerServices.RuntimeHelpers:RunClassConstructor (intptr)
0x0000015ca80a35bb (Mono JIT Code) System.Runtime.CompilerServices.RuntimeHelpers:RunClassConstructor (System.RuntimeTypeHandle)
0x0000015ca80a286b (Mono JIT Code) UnityEditor.EditorAssemblies:ProcessInitializeOnLoadAttributes (System.Type[])
0x0000015ca7ea3fdb (Mono JIT Code) (wrapper runtime-invoke) <Module>:runtime_invoke_void_object (object,intptr,intptr,intptr)
0x00007ffcf0b1e660 (mono-2.0-bdwgc) [mini-runtime.c:2816] mono_jit_runtime_invoke 
0x00007ffcf0aa2ae2 (mono-2.0-bdwgc) [object.c:2921] do_runtime_invoke 
0x00007ffcf0aabb3f (mono-2.0-bdwgc) [object.c:2968] mono_runtime_invoke 
0x00007ff6c044c0e4 (Unity) scripting_method_invoke
0x00007ff6c0444a35 (Unity) ScriptingInvocation::Invoke
0x00007ff6c043d525 (Unity) ScriptingInvocation::Invoke<void>
0x00007ff6bea8c11b (Unity) Scripting::UnityEditor::EditorAssembliesProxy::ProcessInitializeOnLoadAttributes
0x00007ff6c03fc715 (Unity) MonoManager::SetupLoadedEditorAssemblies
0x00007ff6c03f3801 (Unity) MonoManager::EndReloadAssembly
0x00007ff6c03fa771 (Unity) MonoManager::ReloadAssembly
0x00007ff6c17e67a1 (Unity) LoadDomainAndUserAssemblies
0x00007ff6c17e6c4e (Unity) LoadUserAssemblies
0x00007ff6c1c5dab8 (Unity) <lambda_d5cd3abeeb3ed75489242b6b28c1fa53>::operator()
0x00007ff6c1d01612 (Unity) asio::detail::completion_handler<core::mutable_function<void __cdecl(void)> >::do_complete
0x00007ff6c1d03770 (Unity) asio::detail::win_iocp_io_service::do_one
0x00007ff6c1d06efe (Unity) asio::io_service::run
0x00007ff6c1c8a13b (Unity) RunAssetImportWorkerClientV2
0x00007ff6c1c8a190 (Unity) RunAssetImporterV2
0x00007ff6c1151596 (Unity) Application::InitializeProject
0x00007ff6c1af93e2 (Unity) WinMain
0x00007ff6c394bf46 (Unity) __scrt_common_main_seh
0x00007ffd4b997034 (KERNEL32) BaseThreadInitThunk
0x00007ffd4d242651 (ntdll) RtlUserThreadStart

Mono: successfully reloaded assembly
- Completed reload, in  1.654 seconds
Domain Reload Profiling:
	ReloadAssembly (1655ms)
		BeginReloadAssembly (174ms)
			ExecutionOrderSort (0ms)
			DisableScriptedObjects (8ms)
			BackupInstance (0ms)
			ReleaseScriptingObjects (0ms)
			CreateAndSetChildDomain (44ms)
		EndReloadAssembly (1390ms)
			LoadAssemblies (168ms)
			RebuildTransferFunctionScriptingTraits (0ms)
			SetupTypeCache (495ms)
			ReleaseScriptCaches (1ms)
			RebuildScriptCaches (74ms)
			SetupLoadedEditorAssemblies (513ms)
				LogAssemblyErrors (0ms)
				InitializePlatformSupportModulesInManaged (6ms)
				SetLoadedEditorAssemblies (1ms)
				RefreshPlugins (2ms)
				BeforeProcessingInitializeOnLoad (125ms)
				ProcessInitializeOnLoadAttributes (368ms)
				ProcessInitializeOnLoadMethodAttributes (8ms)
				AfterProcessingInitializeOnLoad (4ms)
				EditorAssembliesLoaded (0ms)
			ExecutionOrderSort2 (0ms)
			AwakeInstancesAfterBackupRestoration (14ms)
Platform modules already initialized, skipping
Switching build target platform(19) subTarget(0) extendedPlatform(0) -> platform(13) subTarget(537395200) extendedPlatform(0)
Refreshing native plugins compatible for Editor in 1.14 ms, found 3 plugins.
Preloading 0 native plugins for Editor in 0.00 ms.
Unloading 2341 Unused Serialized files (Serialized files now loaded: 0)
System memory in use before: 103.6 MB.
System memory in use after: 103.8 MB.

Unloading 94 unused Assets to reduce memory usage. Loaded Objects now: 2746.
Total: 4.875500 ms (FindLiveObjects: 0.265100 ms CreateObjectMapping: 0.131700 ms MarkObjects: 4.420000 ms  DeleteObjects: 0.057000 ms)

AssetImportParameters requested are different than current active one (requested -> active):
  custom:framework-win-MediaFoundation: 216162199b28c13a410421893ffa2e32 -> 
  custom:video-decoder-ogg-theora: a1e56fd34408186e4bbccfd4996cb3dc -> 
  custom:container-muxer-webm: aa71ff27fc2769a1b78a27578f13a17b -> 
  custom:container-demuxer-webm: 4f35f7cbe854078d1ac9338744f61a02 -> 
  custom:container-demuxer-ogg: 62fdf1f143b41e24485cea50d1cbac27 -> 
  custom:video-encoder-webm-vp8: eb34c28f22e8b96e1ab97ce403110664 -> 
  custom:video-decoder-webm-vp8: 9c59270c3fd7afecdb556c50c9e8de78 -> 
  custom:graphics/normal-map-encoding: 01000000000000000000000000000000 -> 02000000000000000000000000000000
  custom:audio-decoder-ogg-vorbis: bf7c407c2cedff20999df2af8eb42d56 -> 
  custom:audio-encoder-webm-vorbis: bf7c407c2cedff20999df2af8eb42d56 -> 
========================================================================
Received Prepare
Registering precompiled user dll's ...
Registered in 0.017278 seconds.
Begin MonoManager ReloadAssembly
Native extension for WindowsStandalone target not found
Refreshing native plugins compatible for Editor in 1.59 ms, found 3 plugins.
Preloading 0 native plugins for Editor in 0.00 ms.
GPGSUpgrader start
0x00007ff6c05c48bc (Unity) StackWalker::GetCurrentCallstack
0x00007ff6c05ccf59 (Unity) StackWalker::ShowCallstack
0x00007ff6c1aebe7c (Unity) GetStacktrace
0x00007ff6c2c187c3 (Unity) DebugStringToFile
0x00007ff6c066f4c6 (Unity) DebugLogHandler_CUSTOM_Internal_Log
0x0000015c7fb7118b (Mono JIT Code) (wrapper managed-to-native) UnityEngine.DebugLogHandler:Internal_Log (UnityEngine.LogType,UnityEngine.LogOption,string,UnityEngine.Object)
0x0000015c7fb70cbb (Mono JIT Code) UnityEngine.DebugLogHandler:LogFormat (UnityEngine.LogType,UnityEngine.Object,string,object[])
0x0000015c7fb701de (Mono JIT Code) UnityEngine.Logger:Log (UnityEngine.LogType,object)
0x0000015c7fb6efad (Mono JIT Code) UnityEngine.Debug:Log (object)
0x0000015c7fb6d0d3 (Mono JIT Code) [GPGSUpgrader.cs:38] GooglePlayGames.Editor.GPGSUpgrader:.cctor () 
0x0000015c7fb6e675 (Mono JIT Code) (wrapper runtime-invoke) object:runtime_invoke_void (object,intptr,intptr,intptr)
0x00007ffcf0b1e660 (mono-2.0-bdwgc) [mini-runtime.c:2816] mono_jit_runtime_invoke 
0x00007ffcf0aa2ae2 (mono-2.0-bdwgc) [object.c:2921] do_runtime_invoke 
0x00007ffcf0aab1fc (mono-2.0-bdwgc) [object.c:477] mono_runtime_class_init_full 
0x00007ffcf0a58d5e (mono-2.0-bdwgc) [icall.c:990] ves_icall_System_Runtime_CompilerServices_RuntimeHelpers_RunClassConstructor 
0x0000015c7eb236e7 (Mono JIT Code) (wrapper managed-to-native) System.Runtime.CompilerServices.RuntimeHelpers:RunClassConstructor (intptr)
0x0000015c7eb235bb (Mono JIT Code) System.Runtime.CompilerServices.RuntimeHelpers:RunClassConstructor (System.RuntimeTypeHandle)
0x0000015c7eb2286b (Mono JIT Code) UnityEditor.EditorAssemblies:ProcessInitializeOnLoadAttributes (System.Type[])
0x0000015ca8183fdb (Mono JIT Code) (wrapper runtime-invoke) <Module>:runtime_invoke_void_object (object,intptr,intptr,intptr)
0x00007ffcf0b1e660 (mono-2.0-bdwgc) [mini-runtime.c:2816] mono_jit_runtime_invoke 
0x00007ffcf0aa2ae2 (mono-2.0-bdwgc) [object.c:2921] do_runtime_invoke 
0x00007ffcf0aabb3f (mono-2.0-bdwgc) [object.c:2968] mono_runtime_invoke 
0x00007ff6c044c0e4 (Unity) scripting_method_invoke
0x00007ff6c0444a35 (Unity) ScriptingInvocation::Invoke
0x00007ff6c043d525 (Unity) ScriptingInvocation::Invoke<void>
0x00007ff6bea8c11b (Unity) Scripting::UnityEditor::EditorAssembliesProxy::ProcessInitializeOnLoadAttributes
0x00007ff6c03fc715 (Unity) MonoManager::SetupLoadedEditorAssemblies
0x00007ff6c03f3801 (Unity) MonoManager::EndReloadAssembly
0x00007ff6c03fa771 (Unity) MonoManager::ReloadAssembly
0x00007ff6c17e67a1 (Unity) LoadDomainAndUserAssemblies
0x00007ff6c17e6c4e (Unity) LoadUserAssemblies
0x00007ff6c1c5dab8 (Unity) <lambda_d5cd3abeeb3ed75489242b6b28c1fa53>::operator()
0x00007ff6c1d01612 (Unity) asio::detail::completion_handler<core::mutable_function<void __cdecl(void)> >::do_complete
0x00007ff6c1d03770 (Unity) asio::detail::win_iocp_io_service::do_one
0x00007ff6c1d06efe (Unity) asio::io_service::run
0x00007ff6c1c8a13b (Unity) RunAssetImportWorkerClientV2
0x00007ff6c1c8a190 (Unity) RunAssetImporterV2
0x00007ff6c1151596 (Unity) Application::InitializeProject
0x00007ff6c1af93e2 (Unity) WinMain
0x00007ff6c394bf46 (Unity) __scrt_common_main_seh
0x00007ffd4b997034 (KERNEL32) BaseThreadInitThunk
0x00007ffd4d242651 (ntdll) RtlUserThreadStart

GPGSUpgrader done
0x00007ff6c05c48bc (Unity) StackWalker::GetCurrentCallstack
0x00007ff6c05ccf59 (Unity) StackWalker::ShowCallstack
0x00007ff6c1aebe7c (Unity) GetStacktrace
0x00007ff6c2c187c3 (Unity) DebugStringToFile
0x00007ff6c066f4c6 (Unity) DebugLogHandler_CUSTOM_Internal_Log
0x0000015c7fb7118b (Mono JIT Code) (wrapper managed-to-native) UnityEngine.DebugLogHandler:Internal_Log (UnityEngine.LogType,UnityEngine.LogOption,string,UnityEngine.Object)
0x0000015c7fb70cbb (Mono JIT Code) UnityEngine.DebugLogHandler:LogFormat (UnityEngine.LogType,UnityEngine.Object,string,object[])
0x0000015c7fb701de (Mono JIT Code) UnityEngine.Logger:Log (UnityEngine.LogType,object)
0x0000015c7fb6efad (Mono JIT Code) UnityEngine.Debug:Log (object)
0x0000015c7fb6dd0b (Mono JIT Code) [GPGSUpgrader.cs:105] GooglePlayGames.Editor.GPGSUpgrader:.cctor () 
0x0000015c7fb6e675 (Mono JIT Code) (wrapper runtime-invoke) object:runtime_invoke_void (object,intptr,intptr,intptr)
0x00007ffcf0b1e660 (mono-2.0-bdwgc) [mini-runtime.c:2816] mono_jit_runtime_invoke 
0x00007ffcf0aa2ae2 (mono-2.0-bdwgc) [object.c:2921] do_runtime_invoke 
0x00007ffcf0aab1fc (mono-2.0-bdwgc) [object.c:477] mono_runtime_class_init_full 
0x00007ffcf0a58d5e (mono-2.0-bdwgc) [icall.c:990] ves_icall_System_Runtime_CompilerServices_RuntimeHelpers_RunClassConstructor 
0x0000015c7eb236e7 (Mono JIT Code) (wrapper managed-to-native) System.Runtime.CompilerServices.RuntimeHelpers:RunClassConstructor (intptr)
0x0000015c7eb235bb (Mono JIT Code) System.Runtime.CompilerServices.RuntimeHelpers:RunClassConstructor (System.RuntimeTypeHandle)
0x0000015c7eb2286b (Mono JIT Code) UnityEditor.EditorAssemblies:ProcessInitializeOnLoadAttributes (System.Type[])
0x0000015ca8183fdb (Mono JIT Code) (wrapper runtime-invoke) <Module>:runtime_invoke_void_object (object,intptr,intptr,intptr)
0x00007ffcf0b1e660 (mono-2.0-bdwgc) [mini-runtime.c:2816] mono_jit_runtime_invoke 
0x00007ffcf0aa2ae2 (mono-2.0-bdwgc) [object.c:2921] do_runtime_invoke 
0x00007ffcf0aabb3f (mono-2.0-bdwgc) [object.c:2968] mono_runtime_invoke 
0x00007ff6c044c0e4 (Unity) scripting_method_invoke
0x00007ff6c0444a35 (Unity) ScriptingInvocation::Invoke
0x00007ff6c043d525 (Unity) ScriptingInvocation::Invoke<void>
0x00007ff6bea8c11b (Unity) Scripting::UnityEditor::EditorAssembliesProxy::ProcessInitializeOnLoadAttributes
0x00007ff6c03fc715 (Unity) MonoManager::SetupLoadedEditorAssemblies
0x00007ff6c03f3801 (Unity) MonoManager::EndReloadAssembly
0x00007ff6c03fa771 (Unity) MonoManager::ReloadAssembly
0x00007ff6c17e67a1 (Unity) LoadDomainAndUserAssemblies
0x00007ff6c17e6c4e (Unity) LoadUserAssemblies
0x00007ff6c1c5dab8 (Unity) <lambda_d5cd3abeeb3ed75489242b6b28c1fa53>::operator()
0x00007ff6c1d01612 (Unity) asio::detail::completion_handler<core::mutable_function<void __cdecl(void)> >::do_complete
0x00007ff6c1d03770 (Unity) asio::detail::win_iocp_io_service::do_one
0x00007ff6c1d06efe (Unity) asio::io_service::run
0x00007ff6c1c8a13b (Unity) RunAssetImportWorkerClientV2
0x00007ff6c1c8a190 (Unity) RunAssetImporterV2
0x00007ff6c1151596 (Unity) Application::InitializeProject
0x00007ff6c1af93e2 (Unity) WinMain
0x00007ff6c394bf46 (Unity) __scrt_common_main_seh
0x00007ffd4b997034 (KERNEL32) BaseThreadInitThunk
0x00007ffd4d242651 (ntdll) RtlUserThreadStart

Mono: successfully reloaded assembly
- Completed reload, in  2.077 seconds
Domain Reload Profiling:
	ReloadAssembly (2078ms)
		BeginReloadAssembly (227ms)
			ExecutionOrderSort (0ms)
			DisableScriptedObjects (17ms)
			BackupInstance (0ms)
			ReleaseScriptingObjects (0ms)
			CreateAndSetChildDomain (55ms)
		EndReloadAssembly (1745ms)
			LoadAssemblies (221ms)
			RebuildTransferFunctionScriptingTraits (0ms)
			SetupTypeCache (523ms)
			ReleaseScriptCaches (2ms)
			RebuildScriptCaches (93ms)
			SetupLoadedEditorAssemblies (717ms)
				LogAssemblyErrors (0ms)
				InitializePlatformSupportModulesInManaged (11ms)
				SetLoadedEditorAssemblies (1ms)
				RefreshPlugins (2ms)
				BeforeProcessingInitializeOnLoad (162ms)
				ProcessInitializeOnLoadAttributes (523ms)
				ProcessInitializeOnLoadMethodAttributes (12ms)
				AfterProcessingInitializeOnLoad (6ms)
				EditorAssembliesLoaded (0ms)
			ExecutionOrderSort2 (0ms)
			AwakeInstancesAfterBackupRestoration (20ms)
Platform modules already initialized, skipping
Switching build target platform(19) subTarget(0) extendedPlatform(0) -> platform(13) subTarget(537395200) extendedPlatform(0)
Refreshing native plugins compatible for Editor in 1.80 ms, found 3 plugins.
Preloading 0 native plugins for Editor in 0.00 ms.
Unloading 2341 Unused Serialized files (Serialized files now loaded: 0)
System memory in use before: 103.6 MB.
System memory in use after: 103.8 MB.

Unloading 94 unused Assets to reduce memory usage. Loaded Objects now: 2749.
Total: 5.670100 ms (FindLiveObjects: 0.869300 ms CreateObjectMapping: 0.362700 ms MarkObjects: 4.370100 ms  DeleteObjects: 0.066100 ms)

AssetImportParameters requested are different than current active one (requested -> active):
  custom:framework-win-MediaFoundation: 216162199b28c13a410421893ffa2e32 -> 
  custom:video-decoder-ogg-theora: a1e56fd34408186e4bbccfd4996cb3dc -> 
  custom:container-muxer-webm: aa71ff27fc2769a1b78a27578f13a17b -> 
  custom:container-demuxer-webm: 4f35f7cbe854078d1ac9338744f61a02 -> 
  custom:container-demuxer-ogg: 62fdf1f143b41e24485cea50d1cbac27 -> 
  custom:video-encoder-webm-vp8: eb34c28f22e8b96e1ab97ce403110664 -> 
  custom:video-decoder-webm-vp8: 9c59270c3fd7afecdb556c50c9e8de78 -> 
  custom:graphics/normal-map-encoding: 01000000000000000000000000000000 -> 02000000000000000000000000000000
  custom:audio-decoder-ogg-vorbis: bf7c407c2cedff20999df2af8eb42d56 -> 
  custom:audio-encoder-webm-vorbis: bf7c407c2cedff20999df2af8eb42d56 -> 
========================================================================
Received Import Request.
  Time since last request: 128.684668 seconds.
  path: Assets/StreamingAssets/Stages/1/15.txt
  artifactKey: Guid(49ab9c52d7312d445a350999c2ae6d45) Importer(815301076,1909f56bfc062723c751e8b465ee728b)
Start importing Assets/StreamingAssets/Stages/1/15.txt using Guid(49ab9c52d7312d445a350999c2ae6d45) Importer(815301076,1909f56bfc062723c751e8b465ee728b)  -> (artifact id: 'c7aab241e896ebd451e3ac939d50e500') in 0.017527 seconds 
  Import took 0.022612 seconds .

========================================================================
Received Import Request.
  Time since last request: 0.002791 seconds.
  path: Assets/StreamingAssets/Stages/1/15.txt
  artifactKey: Guid(49ab9c52d7312d445a350999c2ae6d45) Importer(815301076,1909f56bfc062723c751e8b465ee728b)
Start importing Assets/StreamingAssets/Stages/1/15.txt using Guid(49ab9c52d7312d445a350999c2ae6d45) Importer(815301076,1909f56bfc062723c751e8b465ee728b)  -> (artifact id: 'c7aab241e896ebd451e3ac939d50e500') in 0.004596 seconds 
  Import took 0.009968 seconds .

