Using pre-set license
Built from '2020.3/staging' branch; Version is '2020.3.18f1 (a7d1c678663c) revision 10998214'; Using compiler version '192528614'; Build Type 'Release'
OS: 'Windows 10 Home; OS build 19042.1288; Version 2009; 64bit' Language: 'ko' Physical Memory: 32676 MB
BatchMode: 1, IsHumanControllingUs: 0, StartBugReporterOnCrash: 0, Is64bit: 1, IsPro: 0

COMMAND LINE ARGUMENTS:
D:\Unity\2020.3.18f1\Editor\Unity.exe
-adb2
-batchMode
-noUpm
-name
AssetImportWorker1
-projectPath
D:/UnityProject/Luxa_Unity
-logFile
Logs/AssetImportWorker1.log
-srvPort
65256
Successfully changed project path to: D:/UnityProject/Luxa_Unity
D:/UnityProject/Luxa_Unity
Using Asset Import Pipeline V2.
Refreshing native plugins compatible for Editor in 134.44 ms, found 3 plugins.
Preloading 0 native plugins for Editor in 0.00 ms.
Initialize engine version: 2020.3.18f1 (a7d1c678663c)
[Subsystems] Discovering subsystems at path D:/Unity/2020.3.18f1/Editor/Data/Resources/UnitySubsystems
[Subsystems] Discovering subsystems at path D:/UnityProject/Luxa_Unity/Assets
GfxDevice: creating device client; threaded=0
Direct3D:
    Version:  Direct3D 11.0 [level 11.1]
    Renderer: NVIDIA GeForce GTX 970M (ID=0x13d8)
    Vendor:   
    VRAM:     3040 MB
    Driver:   22.21.13.8205
Initialize mono
Mono path[0] = 'D:/Unity/2020.3.18f1/Editor/Data/Managed'
Mono path[1] = 'D:/Unity/2020.3.18f1/Editor/Data/MonoBleedingEdge/lib/mono/unityjit'
Mono config path = 'D:/Unity/2020.3.18f1/Editor/Data/MonoBleedingEdge/etc'
Using monoOptions --debugger-agent=transport=dt_socket,embedding=1,server=y,suspend=n,address=127.0.0.1:56468
Begin MonoManager ReloadAssembly
Registering precompiled unity dll's ...
Register platform support module: D:/Unity/2020.3.18f1/Editor/Data/PlaybackEngines/WindowsStandaloneSupport/UnityEditor.WindowsStandalone.Extensions.dll
Registered in 0.002752 seconds.
Native extension for WindowsStandalone target not found
Refreshing native plugins compatible for Editor in 86.43 ms, found 3 plugins.
Preloading 0 native plugins for Editor in 0.00 ms.
Mono: successfully reloaded assembly
- Completed reload, in  5.289 seconds
Domain Reload Profiling:
	ReloadAssembly (5289ms)
		BeginReloadAssembly (150ms)
			ExecutionOrderSort (0ms)
			DisableScriptedObjects (0ms)
			BackupInstance (0ms)
			ReleaseScriptingObjects (0ms)
			CreateAndSetChildDomain (1ms)
		EndReloadAssembly (847ms)
			LoadAssemblies (150ms)
			RebuildTransferFunctionScriptingTraits (0ms)
			SetupTypeCache (273ms)
			ReleaseScriptCaches (0ms)
			RebuildScriptCaches (61ms)
			SetupLoadedEditorAssemblies (341ms)
				LogAssemblyErrors (0ms)
				InitializePlatformSupportModulesInManaged (6ms)
				SetLoadedEditorAssemblies (0ms)
				RefreshPlugins (87ms)
				BeforeProcessingInitializeOnLoad (34ms)
				ProcessInitializeOnLoadAttributes (156ms)
				ProcessInitializeOnLoadMethodAttributes (58ms)
				AfterProcessingInitializeOnLoad (0ms)
				EditorAssembliesLoaded (0ms)
			ExecutionOrderSort2 (0ms)
			AwakeInstancesAfterBackupRestoration (0ms)
Platform modules already initialized, skipping
Registering precompiled user dll's ...
Registered in 0.022590 seconds.
Begin MonoManager ReloadAssembly
Native extension for WindowsStandalone target not found
Refreshing native plugins compatible for Editor in 100.86 ms, found 3 plugins.
Preloading 0 native plugins for Editor in 0.00 ms.
GPGSUpgrader start
0x00007ff6ebe948bc (Unity) StackWalker::GetCurrentCallstack
0x00007ff6ebe9cf59 (Unity) StackWalker::ShowCallstack
0x00007ff6ed3bbe7c (Unity) GetStacktrace
0x00007ff6ee4e87c3 (Unity) DebugStringToFile
0x00007ff6ebf3f4c6 (Unity) DebugLogHandler_CUSTOM_Internal_Log
0x0000016d10e03f8b (Mono JIT Code) (wrapper managed-to-native) UnityEngine.DebugLogHandler:Internal_Log (UnityEngine.LogType,UnityEngine.LogOption,string,UnityEngine.Object)
0x0000016d10e03b9b (Mono JIT Code) UnityEngine.DebugLogHandler:LogFormat (UnityEngine.LogType,UnityEngine.Object,string,object[])
0x0000016d10e030be (Mono JIT Code) UnityEngine.Logger:Log (UnityEngine.LogType,object)
0x0000016d10e0213d (Mono JIT Code) UnityEngine.Debug:Log (object)
0x0000016d10e00353 (Mono JIT Code) [GPGSUpgrader.cs:38] GooglePlayGames.Editor.GPGSUpgrader:.cctor () 
0x0000016d10e01715 (Mono JIT Code) (wrapper runtime-invoke) object:runtime_invoke_void (object,intptr,intptr,intptr)
0x00007ff98d8ce660 (mono-2.0-bdwgc) [mini-runtime.c:2816] mono_jit_runtime_invoke 
0x00007ff98d852ae2 (mono-2.0-bdwgc) [object.c:2921] do_runtime_invoke 
0x00007ff98d85b1fc (mono-2.0-bdwgc) [object.c:477] mono_runtime_class_init_full 
0x00007ff98d808d5e (mono-2.0-bdwgc) [icall.c:990] ves_icall_System_Runtime_CompilerServices_RuntimeHelpers_RunClassConstructor 
0x0000016d10b8e7d7 (Mono JIT Code) (wrapper managed-to-native) System.Runtime.CompilerServices.RuntimeHelpers:RunClassConstructor (intptr)
0x0000016d10b8e6ab (Mono JIT Code) System.Runtime.CompilerServices.RuntimeHelpers:RunClassConstructor (System.RuntimeTypeHandle)
0x0000016d10b8d95b (Mono JIT Code) UnityEditor.EditorAssemblies:ProcessInitializeOnLoadAttributes (System.Type[])
0x0000016d0dc03fdb (Mono JIT Code) (wrapper runtime-invoke) <Module>:runtime_invoke_void_object (object,intptr,intptr,intptr)
0x00007ff98d8ce660 (mono-2.0-bdwgc) [mini-runtime.c:2816] mono_jit_runtime_invoke 
0x00007ff98d852ae2 (mono-2.0-bdwgc) [object.c:2921] do_runtime_invoke 
0x00007ff98d85bb3f (mono-2.0-bdwgc) [object.c:2968] mono_runtime_invoke 
0x00007ff6ebd1c0e4 (Unity) scripting_method_invoke
0x00007ff6ebd14a35 (Unity) ScriptingInvocation::Invoke
0x00007ff6ebd0d525 (Unity) ScriptingInvocation::Invoke<void>
0x00007ff6ea35c11b (Unity) Scripting::UnityEditor::EditorAssembliesProxy::ProcessInitializeOnLoadAttributes
0x00007ff6ebccc715 (Unity) MonoManager::SetupLoadedEditorAssemblies
0x00007ff6ebcc3801 (Unity) MonoManager::EndReloadAssembly
0x00007ff6ebcca771 (Unity) MonoManager::ReloadAssembly
0x00007ff6ed0b67a1 (Unity) LoadDomainAndUserAssemblies
0x00007ff6ed0b6c4e (Unity) LoadUserAssemblies
0x00007ff6eca21591 (Unity) Application::InitializeProject
0x00007ff6ed3c93e2 (Unity) WinMain
0x00007ff6ef21bf46 (Unity) __scrt_common_main_seh
0x00007ff9eb257034 (KERNEL32) BaseThreadInitThunk
0x00007ff9ebdc2651 (ntdll) RtlUserThreadStart

GPGSUpgrader done
0x00007ff6ebe948bc (Unity) StackWalker::GetCurrentCallstack
0x00007ff6ebe9cf59 (Unity) StackWalker::ShowCallstack
0x00007ff6ed3bbe7c (Unity) GetStacktrace
0x00007ff6ee4e87c3 (Unity) DebugStringToFile
0x00007ff6ebf3f4c6 (Unity) DebugLogHandler_CUSTOM_Internal_Log
0x0000016d10e03f8b (Mono JIT Code) (wrapper managed-to-native) UnityEngine.DebugLogHandler:Internal_Log (UnityEngine.LogType,UnityEngine.LogOption,string,UnityEngine.Object)
0x0000016d10e03b9b (Mono JIT Code) UnityEngine.DebugLogHandler:LogFormat (UnityEngine.LogType,UnityEngine.Object,string,object[])
0x0000016d10e030be (Mono JIT Code) UnityEngine.Logger:Log (UnityEngine.LogType,object)
0x0000016d10e0213d (Mono JIT Code) UnityEngine.Debug:Log (object)
0x0000016d10e00f8b (Mono JIT Code) [GPGSUpgrader.cs:105] GooglePlayGames.Editor.GPGSUpgrader:.cctor () 
0x0000016d10e01715 (Mono JIT Code) (wrapper runtime-invoke) object:runtime_invoke_void (object,intptr,intptr,intptr)
0x00007ff98d8ce660 (mono-2.0-bdwgc) [mini-runtime.c:2816] mono_jit_runtime_invoke 
0x00007ff98d852ae2 (mono-2.0-bdwgc) [object.c:2921] do_runtime_invoke 
0x00007ff98d85b1fc (mono-2.0-bdwgc) [object.c:477] mono_runtime_class_init_full 
0x00007ff98d808d5e (mono-2.0-bdwgc) [icall.c:990] ves_icall_System_Runtime_CompilerServices_RuntimeHelpers_RunClassConstructor 
0x0000016d10b8e7d7 (Mono JIT Code) (wrapper managed-to-native) System.Runtime.CompilerServices.RuntimeHelpers:RunClassConstructor (intptr)
0x0000016d10b8e6ab (Mono JIT Code) System.Runtime.CompilerServices.RuntimeHelpers:RunClassConstructor (System.RuntimeTypeHandle)
0x0000016d10b8d95b (Mono JIT Code) UnityEditor.EditorAssemblies:ProcessInitializeOnLoadAttributes (System.Type[])
0x0000016d0dc03fdb (Mono JIT Code) (wrapper runtime-invoke) <Module>:runtime_invoke_void_object (object,intptr,intptr,intptr)
0x00007ff98d8ce660 (mono-2.0-bdwgc) [mini-runtime.c:2816] mono_jit_runtime_invoke 
0x00007ff98d852ae2 (mono-2.0-bdwgc) [object.c:2921] do_runtime_invoke 
0x00007ff98d85bb3f (mono-2.0-bdwgc) [object.c:2968] mono_runtime_invoke 
0x00007ff6ebd1c0e4 (Unity) scripting_method_invoke
0x00007ff6ebd14a35 (Unity) ScriptingInvocation::Invoke
0x00007ff6ebd0d525 (Unity) ScriptingInvocation::Invoke<void>
0x00007ff6ea35c11b (Unity) Scripting::UnityEditor::EditorAssembliesProxy::ProcessInitializeOnLoadAttributes
0x00007ff6ebccc715 (Unity) MonoManager::SetupLoadedEditorAssemblies
0x00007ff6ebcc3801 (Unity) MonoManager::EndReloadAssembly
0x00007ff6ebcca771 (Unity) MonoManager::ReloadAssembly
0x00007ff6ed0b67a1 (Unity) LoadDomainAndUserAssemblies
0x00007ff6ed0b6c4e (Unity) LoadUserAssemblies
0x00007ff6eca21591 (Unity) Application::InitializeProject
0x00007ff6ed3c93e2 (Unity) WinMain
0x00007ff6ef21bf46 (Unity) __scrt_common_main_seh
0x00007ff9eb257034 (KERNEL32) BaseThreadInitThunk
0x00007ff9ebdc2651 (ntdll) RtlUserThreadStart

Mono: successfully reloaded assembly
- Completed reload, in  3.847 seconds
Domain Reload Profiling:
	ReloadAssembly (3848ms)
		BeginReloadAssembly (292ms)
			ExecutionOrderSort (0ms)
			DisableScriptedObjects (9ms)
			BackupInstance (0ms)
			ReleaseScriptingObjects (0ms)
			CreateAndSetChildDomain (31ms)
		EndReloadAssembly (3450ms)
			LoadAssemblies (259ms)
			RebuildTransferFunctionScriptingTraits (0ms)
			SetupTypeCache (590ms)
			ReleaseScriptCaches (1ms)
			RebuildScriptCaches (120ms)
			SetupLoadedEditorAssemblies (2087ms)
				LogAssemblyErrors (0ms)
				InitializePlatformSupportModulesInManaged (10ms)
				SetLoadedEditorAssemblies (1ms)
				RefreshPlugins (101ms)
				BeforeProcessingInitializeOnLoad (155ms)
				ProcessInitializeOnLoadAttributes (1787ms)
				ProcessInitializeOnLoadMethodAttributes (27ms)
				AfterProcessingInitializeOnLoad (6ms)
				EditorAssembliesLoaded (0ms)
			ExecutionOrderSort2 (0ms)
			AwakeInstancesAfterBackupRestoration (12ms)
Platform modules already initialized, skipping
========================================================================
Worker process is ready to serve import requests
Launched and connected shader compiler UnityShaderCompiler.exe after 0.25 seconds
Refreshing native plugins compatible for Editor in 1.99 ms, found 3 plugins.
Preloading 0 native plugins for Editor in 0.00 ms.
Unloading 2348 Unused Serialized files (Serialized files now loaded: 0)
System memory in use before: 100.6 MB.
System memory in use after: 100.8 MB.

Unloading 106 unused Assets to reduce memory usage. Loaded Objects now: 2721.
Total: 5.908800 ms (FindLiveObjects: 0.285400 ms CreateObjectMapping: 0.155000 ms MarkObjects: 5.234400 ms  DeleteObjects: 0.232000 ms)

AssetImportParameters requested are different than current active one (requested -> active):
  custom:framework-win-MediaFoundation: 216162199b28c13a410421893ffa2e32 -> 
  custom:video-decoder-ogg-theora: a1e56fd34408186e4bbccfd4996cb3dc -> 
  custom:container-muxer-webm: aa71ff27fc2769a1b78a27578f13a17b -> 
  custom:container-demuxer-webm: 4f35f7cbe854078d1ac9338744f61a02 -> 
  custom:container-demuxer-ogg: 62fdf1f143b41e24485cea50d1cbac27 -> 
  custom:video-encoder-webm-vp8: eb34c28f22e8b96e1ab97ce403110664 -> 
  custom:video-decoder-webm-vp8: 9c59270c3fd7afecdb556c50c9e8de78 -> 
  custom:audio-decoder-ogg-vorbis: bf7c407c2cedff20999df2af8eb42d56 -> 
  custom:audio-encoder-webm-vorbis: bf7c407c2cedff20999df2af8eb42d56 -> 
========================================================================
Received Import Request.
  path: Assets/Scripts/Control/Controller.cs
  artifactKey: Guid(86a094942de56334b8c901150212bc3d) Importer(815301076,1909f56bfc062723c751e8b465ee728b)
Start importing Assets/Scripts/Control/Controller.cs using Guid(86a094942de56334b8c901150212bc3d) Importer(815301076,1909f56bfc062723c751e8b465ee728b)  -> (artifact id: '564598a31541d1a994d96900b60d7e13') in 0.128832 seconds 
  Import took 0.137161 seconds .

========================================================================
Received Prepare
Refreshing native plugins compatible for Editor in 46.59 ms, found 3 plugins.
Preloading 0 native plugins for Editor in 0.00 ms.
Unloading 92 Unused Serialized files (Serialized files now loaded: 0)
System memory in use before: 55.6 MB.
System memory in use after: 55.8 MB.

Unloading 92 unused Assets to reduce memory usage. Loaded Objects now: 2721.
Total: 5.156800 ms (FindLiveObjects: 0.295700 ms CreateObjectMapping: 0.221100 ms MarkObjects: 4.571100 ms  DeleteObjects: 0.067500 ms)

AssetImportParameters requested are different than current active one (requested -> active):
  custom:framework-win-MediaFoundation: 216162199b28c13a410421893ffa2e32 -> 
  custom:video-decoder-ogg-theora: a1e56fd34408186e4bbccfd4996cb3dc -> 
  custom:container-muxer-webm: aa71ff27fc2769a1b78a27578f13a17b -> 
  custom:container-demuxer-webm: 4f35f7cbe854078d1ac9338744f61a02 -> 
  custom:container-demuxer-ogg: 62fdf1f143b41e24485cea50d1cbac27 -> 
  custom:video-encoder-webm-vp8: eb34c28f22e8b96e1ab97ce403110664 -> 
  custom:video-decoder-webm-vp8: 9c59270c3fd7afecdb556c50c9e8de78 -> 
  custom:audio-decoder-ogg-vorbis: bf7c407c2cedff20999df2af8eb42d56 -> 
  custom:audio-encoder-webm-vorbis: bf7c407c2cedff20999df2af8eb42d56 -> 
========================================================================
Received Prepare
Registering precompiled user dll's ...
Registered in 0.028401 seconds.
Begin MonoManager ReloadAssembly
Native extension for WindowsStandalone target not found
Refreshing native plugins compatible for Editor in 3.45 ms, found 3 plugins.
Preloading 0 native plugins for Editor in 0.00 ms.
GPGSUpgrader start
0x00007ff6ebe948bc (Unity) StackWalker::GetCurrentCallstack
0x00007ff6ebe9cf59 (Unity) StackWalker::ShowCallstack
0x00007ff6ed3bbe7c (Unity) GetStacktrace
0x00007ff6ee4e87c3 (Unity) DebugStringToFile
0x00007ff6ebf3f4c6 (Unity) DebugLogHandler_CUSTOM_Internal_Log
0x0000016d10b725cb (Mono JIT Code) (wrapper managed-to-native) UnityEngine.DebugLogHandler:Internal_Log (UnityEngine.LogType,UnityEngine.LogOption,string,UnityEngine.Object)
0x0000016d10b721db (Mono JIT Code) UnityEngine.DebugLogHandler:LogFormat (UnityEngine.LogType,UnityEngine.Object,string,object[])
0x0000016d10b7100e (Mono JIT Code) UnityEngine.Logger:Log (UnityEngine.LogType,object)
0x0000016d10b3fbed (Mono JIT Code) UnityEngine.Debug:Log (object)
0x0000016d10b3e833 (Mono JIT Code) [GPGSUpgrader.cs:38] GooglePlayGames.Editor.GPGSUpgrader:.cctor () 
0x0000016d10b3f755 (Mono JIT Code) (wrapper runtime-invoke) object:runtime_invoke_void (object,intptr,intptr,intptr)
0x00007ff98d8ce660 (mono-2.0-bdwgc) [mini-runtime.c:2816] mono_jit_runtime_invoke 
0x00007ff98d852ae2 (mono-2.0-bdwgc) [object.c:2921] do_runtime_invoke 
0x00007ff98d85b1fc (mono-2.0-bdwgc) [object.c:477] mono_runtime_class_init_full 
0x00007ff98d808d5e (mono-2.0-bdwgc) [icall.c:990] ves_icall_System_Runtime_CompilerServices_RuntimeHelpers_RunClassConstructor 
0x0000016d0da93d67 (Mono JIT Code) (wrapper managed-to-native) System.Runtime.CompilerServices.RuntimeHelpers:RunClassConstructor (intptr)
0x0000016d0da93c3b (Mono JIT Code) System.Runtime.CompilerServices.RuntimeHelpers:RunClassConstructor (System.RuntimeTypeHandle)
0x0000016d0da92eeb (Mono JIT Code) UnityEditor.EditorAssemblies:ProcessInitializeOnLoadAttributes (System.Type[])
0x0000016d10cc3fdb (Mono JIT Code) (wrapper runtime-invoke) <Module>:runtime_invoke_void_object (object,intptr,intptr,intptr)
0x00007ff98d8ce660 (mono-2.0-bdwgc) [mini-runtime.c:2816] mono_jit_runtime_invoke 
0x00007ff98d852ae2 (mono-2.0-bdwgc) [object.c:2921] do_runtime_invoke 
0x00007ff98d85bb3f (mono-2.0-bdwgc) [object.c:2968] mono_runtime_invoke 
0x00007ff6ebd1c0e4 (Unity) scripting_method_invoke
0x00007ff6ebd14a35 (Unity) ScriptingInvocation::Invoke
0x00007ff6ebd0d525 (Unity) ScriptingInvocation::Invoke<void>
0x00007ff6ea35c11b (Unity) Scripting::UnityEditor::EditorAssembliesProxy::ProcessInitializeOnLoadAttributes
0x00007ff6ebccc715 (Unity) MonoManager::SetupLoadedEditorAssemblies
0x00007ff6ebcc3801 (Unity) MonoManager::EndReloadAssembly
0x00007ff6ebcca771 (Unity) MonoManager::ReloadAssembly
0x00007ff6ed0b67a1 (Unity) LoadDomainAndUserAssemblies
0x00007ff6ed0b6c4e (Unity) LoadUserAssemblies
0x00007ff6ed52dab8 (Unity) <lambda_d5cd3abeeb3ed75489242b6b28c1fa53>::operator()
0x00007ff6ed5d1612 (Unity) asio::detail::completion_handler<core::mutable_function<void __cdecl(void)> >::do_complete
0x00007ff6ed5d3770 (Unity) asio::detail::win_iocp_io_service::do_one
0x00007ff6ed5d6efe (Unity) asio::io_service::run
0x00007ff6ed55a13b (Unity) RunAssetImportWorkerClientV2
0x00007ff6ed55a190 (Unity) RunAssetImporterV2
0x00007ff6eca21596 (Unity) Application::InitializeProject
0x00007ff6ed3c93e2 (Unity) WinMain
0x00007ff6ef21bf46 (Unity) __scrt_common_main_seh
0x00007ff9eb257034 (KERNEL32) BaseThreadInitThunk
0x00007ff9ebdc2651 (ntdll) RtlUserThreadStart

GPGSUpgrader done
0x00007ff6ebe948bc (Unity) StackWalker::GetCurrentCallstack
0x00007ff6ebe9cf59 (Unity) StackWalker::ShowCallstack
0x00007ff6ed3bbe7c (Unity) GetStacktrace
0x00007ff6ee4e87c3 (Unity) DebugStringToFile
0x00007ff6ebf3f4c6 (Unity) DebugLogHandler_CUSTOM_Internal_Log
0x0000016d10b725cb (Mono JIT Code) (wrapper managed-to-native) UnityEngine.DebugLogHandler:Internal_Log (UnityEngine.LogType,UnityEngine.LogOption,string,UnityEngine.Object)
0x0000016d10b721db (Mono JIT Code) UnityEngine.DebugLogHandler:LogFormat (UnityEngine.LogType,UnityEngine.Object,string,object[])
0x0000016d10b7100e (Mono JIT Code) UnityEngine.Logger:Log (UnityEngine.LogType,object)
0x0000016d10b3fbed (Mono JIT Code) UnityEngine.Debug:Log (object)
0x0000016d10b3f46b (Mono JIT Code) [GPGSUpgrader.cs:105] GooglePlayGames.Editor.GPGSUpgrader:.cctor () 
0x0000016d10b3f755 (Mono JIT Code) (wrapper runtime-invoke) object:runtime_invoke_void (object,intptr,intptr,intptr)
0x00007ff98d8ce660 (mono-2.0-bdwgc) [mini-runtime.c:2816] mono_jit_runtime_invoke 
0x00007ff98d852ae2 (mono-2.0-bdwgc) [object.c:2921] do_runtime_invoke 
0x00007ff98d85b1fc (mono-2.0-bdwgc) [object.c:477] mono_runtime_class_init_full 
0x00007ff98d808d5e (mono-2.0-bdwgc) [icall.c:990] ves_icall_System_Runtime_CompilerServices_RuntimeHelpers_RunClassConstructor 
0x0000016d0da93d67 (Mono JIT Code) (wrapper managed-to-native) System.Runtime.CompilerServices.RuntimeHelpers:RunClassConstructor (intptr)
0x0000016d0da93c3b (Mono JIT Code) System.Runtime.CompilerServices.RuntimeHelpers:RunClassConstructor (System.RuntimeTypeHandle)
0x0000016d0da92eeb (Mono JIT Code) UnityEditor.EditorAssemblies:ProcessInitializeOnLoadAttributes (System.Type[])
0x0000016d10cc3fdb (Mono JIT Code) (wrapper runtime-invoke) <Module>:runtime_invoke_void_object (object,intptr,intptr,intptr)
0x00007ff98d8ce660 (mono-2.0-bdwgc) [mini-runtime.c:2816] mono_jit_runtime_invoke 
0x00007ff98d852ae2 (mono-2.0-bdwgc) [object.c:2921] do_runtime_invoke 
0x00007ff98d85bb3f (mono-2.0-bdwgc) [object.c:2968] mono_runtime_invoke 
0x00007ff6ebd1c0e4 (Unity) scripting_method_invoke
0x00007ff6ebd14a35 (Unity) ScriptingInvocation::Invoke
0x00007ff6ebd0d525 (Unity) ScriptingInvocation::Invoke<void>
0x00007ff6ea35c11b (Unity) Scripting::UnityEditor::EditorAssembliesProxy::ProcessInitializeOnLoadAttributes
0x00007ff6ebccc715 (Unity) MonoManager::SetupLoadedEditorAssemblies
0x00007ff6ebcc3801 (Unity) MonoManager::EndReloadAssembly
0x00007ff6ebcca771 (Unity) MonoManager::ReloadAssembly
0x00007ff6ed0b67a1 (Unity) LoadDomainAndUserAssemblies
0x00007ff6ed0b6c4e (Unity) LoadUserAssemblies
0x00007ff6ed52dab8 (Unity) <lambda_d5cd3abeeb3ed75489242b6b28c1fa53>::operator()
0x00007ff6ed5d1612 (Unity) asio::detail::completion_handler<core::mutable_function<void __cdecl(void)> >::do_complete
0x00007ff6ed5d3770 (Unity) asio::detail::win_iocp_io_service::do_one
0x00007ff6ed5d6efe (Unity) asio::io_service::run
0x00007ff6ed55a13b (Unity) RunAssetImportWorkerClientV2
0x00007ff6ed55a190 (Unity) RunAssetImporterV2
0x00007ff6eca21596 (Unity) Application::InitializeProject
0x00007ff6ed3c93e2 (Unity) WinMain
0x00007ff6ef21bf46 (Unity) __scrt_common_main_seh
0x00007ff9eb257034 (KERNEL32) BaseThreadInitThunk
0x00007ff9ebdc2651 (ntdll) RtlUserThreadStart

Mono: successfully reloaded assembly
- Completed reload, in  2.826 seconds
Domain Reload Profiling:
	ReloadAssembly (2827ms)
		BeginReloadAssembly (206ms)
			ExecutionOrderSort (0ms)
			DisableScriptedObjects (12ms)
			BackupInstance (0ms)
			ReleaseScriptingObjects (0ms)
			CreateAndSetChildDomain (64ms)
		EndReloadAssembly (2461ms)
			LoadAssemblies (250ms)
			RebuildTransferFunctionScriptingTraits (0ms)
			SetupTypeCache (653ms)
			ReleaseScriptCaches (1ms)
			RebuildScriptCaches (124ms)
			SetupLoadedEditorAssemblies (1223ms)
				LogAssemblyErrors (0ms)
				InitializePlatformSupportModulesInManaged (18ms)
				SetLoadedEditorAssemblies (2ms)
				RefreshPlugins (4ms)
				BeforeProcessingInitializeOnLoad (268ms)
				ProcessInitializeOnLoadAttributes (916ms)
				ProcessInitializeOnLoadMethodAttributes (10ms)
				AfterProcessingInitializeOnLoad (5ms)
				EditorAssembliesLoaded (0ms)
			ExecutionOrderSort2 (0ms)
			AwakeInstancesAfterBackupRestoration (16ms)
Platform modules already initialized, skipping
Switching build target platform(19) subTarget(0) extendedPlatform(0) -> platform(13) subTarget(537395200) extendedPlatform(0)
Refreshing native plugins compatible for Editor in 1.48 ms, found 3 plugins.
Preloading 0 native plugins for Editor in 0.00 ms.
Unloading 2341 Unused Serialized files (Serialized files now loaded: 0)
System memory in use before: 100.3 MB.
System memory in use after: 100.5 MB.

Unloading 94 unused Assets to reduce memory usage. Loaded Objects now: 2724.
Total: 4.817000 ms (FindLiveObjects: 0.260400 ms CreateObjectMapping: 0.136000 ms MarkObjects: 4.346100 ms  DeleteObjects: 0.072600 ms)

AssetImportParameters requested are different than current active one (requested -> active):
  custom:framework-win-MediaFoundation: 216162199b28c13a410421893ffa2e32 -> 
  custom:video-decoder-ogg-theora: a1e56fd34408186e4bbccfd4996cb3dc -> 
  custom:container-muxer-webm: aa71ff27fc2769a1b78a27578f13a17b -> 
  custom:container-demuxer-webm: 4f35f7cbe854078d1ac9338744f61a02 -> 
  custom:container-demuxer-ogg: 62fdf1f143b41e24485cea50d1cbac27 -> 
  custom:video-encoder-webm-vp8: eb34c28f22e8b96e1ab97ce403110664 -> 
  custom:video-decoder-webm-vp8: 9c59270c3fd7afecdb556c50c9e8de78 -> 
  custom:graphics/normal-map-encoding: 01000000000000000000000000000000 -> 02000000000000000000000000000000
  custom:audio-decoder-ogg-vorbis: bf7c407c2cedff20999df2af8eb42d56 -> 
  custom:audio-encoder-webm-vorbis: bf7c407c2cedff20999df2af8eb42d56 -> 
========================================================================
Received Import Request.
  Time since last request: 532.411836 seconds.
  path: Assets/Scripts/Control/Controller.cs
  artifactKey: Guid(86a094942de56334b8c901150212bc3d) Importer(815301076,1909f56bfc062723c751e8b465ee728b)
Start importing Assets/Scripts/Control/Controller.cs using Guid(86a094942de56334b8c901150212bc3d) Importer(815301076,1909f56bfc062723c751e8b465ee728b)  -> (artifact id: '1134a5e30336d0d94b8f63cc18806d9b') in 0.010874 seconds 
  Import took 0.086282 seconds .

========================================================================
Received Import Request.
  Time since last request: 0.166143 seconds.
  path: Assets/Scripts/Control/Controller.cs
  artifactKey: Guid(86a094942de56334b8c901150212bc3d) Importer(815301076,1909f56bfc062723c751e8b465ee728b)
Start importing Assets/Scripts/Control/Controller.cs using Guid(86a094942de56334b8c901150212bc3d) Importer(815301076,1909f56bfc062723c751e8b465ee728b)  -> (artifact id: '1134a5e30336d0d94b8f63cc18806d9b') in 0.007713 seconds 
  Import took 0.016029 seconds .

========================================================================
Received Prepare
Registering precompiled user dll's ...
Registered in 0.016788 seconds.
Begin MonoManager ReloadAssembly
Native extension for WindowsStandalone target not found
Refreshing native plugins compatible for Editor in 2.86 ms, found 3 plugins.
Preloading 0 native plugins for Editor in 0.00 ms.
GPGSUpgrader start
0x00007ff6ebe948bc (Unity) StackWalker::GetCurrentCallstack
0x00007ff6ebe9cf59 (Unity) StackWalker::ShowCallstack
0x00007ff6ed3bbe7c (Unity) GetStacktrace
0x00007ff6ee4e87c3 (Unity) DebugStringToFile
0x00007ff6ebf3f4c6 (Unity) DebugLogHandler_CUSTOM_Internal_Log
0x0000016d10bcfbeb (Mono JIT Code) (wrapper managed-to-native) UnityEngine.DebugLogHandler:Internal_Log (UnityEngine.LogType,UnityEngine.LogOption,string,UnityEngine.Object)
0x0000016d10bcf0cb (Mono JIT Code) UnityEngine.DebugLogHandler:LogFormat (UnityEngine.LogType,UnityEngine.Object,string,object[])
0x0000016d10c5fcae (Mono JIT Code) UnityEngine.Logger:Log (UnityEngine.LogType,object)
0x0000016d10c5f0fd (Mono JIT Code) UnityEngine.Debug:Log (object)
0x0000016d10c5dcd3 (Mono JIT Code) [GPGSUpgrader.cs:38] GooglePlayGames.Editor.GPGSUpgrader:.cctor () 
0x0000016d10c5ec65 (Mono JIT Code) (wrapper runtime-invoke) object:runtime_invoke_void (object,intptr,intptr,intptr)
0x00007ff98d8ce660 (mono-2.0-bdwgc) [mini-runtime.c:2816] mono_jit_runtime_invoke 
0x00007ff98d852ae2 (mono-2.0-bdwgc) [object.c:2921] do_runtime_invoke 
0x00007ff98d85b1fc (mono-2.0-bdwgc) [object.c:477] mono_runtime_class_init_full 
0x00007ff98d808d5e (mono-2.0-bdwgc) [icall.c:990] ves_icall_System_Runtime_CompilerServices_RuntimeHelpers_RunClassConstructor 
0x0000016d0e8936e7 (Mono JIT Code) (wrapper managed-to-native) System.Runtime.CompilerServices.RuntimeHelpers:RunClassConstructor (intptr)
0x0000016d0e8935bb (Mono JIT Code) System.Runtime.CompilerServices.RuntimeHelpers:RunClassConstructor (System.RuntimeTypeHandle)
0x0000016d0e89286b (Mono JIT Code) UnityEditor.EditorAssemblies:ProcessInitializeOnLoadAttributes (System.Type[])
0x0000016d0f953fdb (Mono JIT Code) (wrapper runtime-invoke) <Module>:runtime_invoke_void_object (object,intptr,intptr,intptr)
0x00007ff98d8ce660 (mono-2.0-bdwgc) [mini-runtime.c:2816] mono_jit_runtime_invoke 
0x00007ff98d852ae2 (mono-2.0-bdwgc) [object.c:2921] do_runtime_invoke 
0x00007ff98d85bb3f (mono-2.0-bdwgc) [object.c:2968] mono_runtime_invoke 
0x00007ff6ebd1c0e4 (Unity) scripting_method_invoke
0x00007ff6ebd14a35 (Unity) ScriptingInvocation::Invoke
0x00007ff6ebd0d525 (Unity) ScriptingInvocation::Invoke<void>
0x00007ff6ea35c11b (Unity) Scripting::UnityEditor::EditorAssembliesProxy::ProcessInitializeOnLoadAttributes
0x00007ff6ebccc715 (Unity) MonoManager::SetupLoadedEditorAssemblies
0x00007ff6ebcc3801 (Unity) MonoManager::EndReloadAssembly
0x00007ff6ebcca771 (Unity) MonoManager::ReloadAssembly
0x00007ff6ed0b67a1 (Unity) LoadDomainAndUserAssemblies
0x00007ff6ed0b6c4e (Unity) LoadUserAssemblies
0x00007ff6ed52dab8 (Unity) <lambda_d5cd3abeeb3ed75489242b6b28c1fa53>::operator()
0x00007ff6ed5d1612 (Unity) asio::detail::completion_handler<core::mutable_function<void __cdecl(void)> >::do_complete
0x00007ff6ed5d3770 (Unity) asio::detail::win_iocp_io_service::do_one
0x00007ff6ed5d6efe (Unity) asio::io_service::run
0x00007ff6ed55a13b (Unity) RunAssetImportWorkerClientV2
0x00007ff6ed55a190 (Unity) RunAssetImporterV2
0x00007ff6eca21596 (Unity) Application::InitializeProject
0x00007ff6ed3c93e2 (Unity) WinMain
0x00007ff6ef21bf46 (Unity) __scrt_common_main_seh
0x00007ff9eb257034 (KERNEL32) BaseThreadInitThunk
0x00007ff9ebdc2651 (ntdll) RtlUserThreadStart

GPGSUpgrader done
0x00007ff6ebe948bc (Unity) StackWalker::GetCurrentCallstack
0x00007ff6ebe9cf59 (Unity) StackWalker::ShowCallstack
0x00007ff6ed3bbe7c (Unity) GetStacktrace
0x00007ff6ee4e87c3 (Unity) DebugStringToFile
0x00007ff6ebf3f4c6 (Unity) DebugLogHandler_CUSTOM_Internal_Log
0x0000016d10bcfbeb (Mono JIT Code) (wrapper managed-to-native) UnityEngine.DebugLogHandler:Internal_Log (UnityEngine.LogType,UnityEngine.LogOption,string,UnityEngine.Object)
0x0000016d10bcf0cb (Mono JIT Code) UnityEngine.DebugLogHandler:LogFormat (UnityEngine.LogType,UnityEngine.Object,string,object[])
0x0000016d10c5fcae (Mono JIT Code) UnityEngine.Logger:Log (UnityEngine.LogType,object)
0x0000016d10c5f0fd (Mono JIT Code) UnityEngine.Debug:Log (object)
0x0000016d10c5e90b (Mono JIT Code) [GPGSUpgrader.cs:105] GooglePlayGames.Editor.GPGSUpgrader:.cctor () 
0x0000016d10c5ec65 (Mono JIT Code) (wrapper runtime-invoke) object:runtime_invoke_void (object,intptr,intptr,intptr)
0x00007ff98d8ce660 (mono-2.0-bdwgc) [mini-runtime.c:2816] mono_jit_runtime_invoke 
0x00007ff98d852ae2 (mono-2.0-bdwgc) [object.c:2921] do_runtime_invoke 
0x00007ff98d85b1fc (mono-2.0-bdwgc) [object.c:477] mono_runtime_class_init_full 
0x00007ff98d808d5e (mono-2.0-bdwgc) [icall.c:990] ves_icall_System_Runtime_CompilerServices_RuntimeHelpers_RunClassConstructor 
0x0000016d0e8936e7 (Mono JIT Code) (wrapper managed-to-native) System.Runtime.CompilerServices.RuntimeHelpers:RunClassConstructor (intptr)
0x0000016d0e8935bb (Mono JIT Code) System.Runtime.CompilerServices.RuntimeHelpers:RunClassConstructor (System.RuntimeTypeHandle)
0x0000016d0e89286b (Mono JIT Code) UnityEditor.EditorAssemblies:ProcessInitializeOnLoadAttributes (System.Type[])
0x0000016d0f953fdb (Mono JIT Code) (wrapper runtime-invoke) <Module>:runtime_invoke_void_object (object,intptr,intptr,intptr)
0x00007ff98d8ce660 (mono-2.0-bdwgc) [mini-runtime.c:2816] mono_jit_runtime_invoke 
0x00007ff98d852ae2 (mono-2.0-bdwgc) [object.c:2921] do_runtime_invoke 
0x00007ff98d85bb3f (mono-2.0-bdwgc) [object.c:2968] mono_runtime_invoke 
0x00007ff6ebd1c0e4 (Unity) scripting_method_invoke
0x00007ff6ebd14a35 (Unity) ScriptingInvocation::Invoke
0x00007ff6ebd0d525 (Unity) ScriptingInvocation::Invoke<void>
0x00007ff6ea35c11b (Unity) Scripting::UnityEditor::EditorAssembliesProxy::ProcessInitializeOnLoadAttributes
0x00007ff6ebccc715 (Unity) MonoManager::SetupLoadedEditorAssemblies
0x00007ff6ebcc3801 (Unity) MonoManager::EndReloadAssembly
0x00007ff6ebcca771 (Unity) MonoManager::ReloadAssembly
0x00007ff6ed0b67a1 (Unity) LoadDomainAndUserAssemblies
0x00007ff6ed0b6c4e (Unity) LoadUserAssemblies
0x00007ff6ed52dab8 (Unity) <lambda_d5cd3abeeb3ed75489242b6b28c1fa53>::operator()
0x00007ff6ed5d1612 (Unity) asio::detail::completion_handler<core::mutable_function<void __cdecl(void)> >::do_complete
0x00007ff6ed5d3770 (Unity) asio::detail::win_iocp_io_service::do_one
0x00007ff6ed5d6efe (Unity) asio::io_service::run
0x00007ff6ed55a13b (Unity) RunAssetImportWorkerClientV2
0x00007ff6ed55a190 (Unity) RunAssetImporterV2
0x00007ff6eca21596 (Unity) Application::InitializeProject
0x00007ff6ed3c93e2 (Unity) WinMain
0x00007ff6ef21bf46 (Unity) __scrt_common_main_seh
0x00007ff9eb257034 (KERNEL32) BaseThreadInitThunk
0x00007ff9ebdc2651 (ntdll) RtlUserThreadStart

Mono: successfully reloaded assembly
- Completed reload, in  3.067 seconds
Domain Reload Profiling:
	ReloadAssembly (3068ms)
		BeginReloadAssembly (227ms)
			ExecutionOrderSort (0ms)
			DisableScriptedObjects (9ms)
			BackupInstance (0ms)
			ReleaseScriptingObjects (0ms)
			CreateAndSetChildDomain (53ms)
		EndReloadAssembly (2746ms)
			LoadAssemblies (281ms)
			RebuildTransferFunctionScriptingTraits (0ms)
			SetupTypeCache (654ms)
			ReleaseScriptCaches (2ms)
			RebuildScriptCaches (236ms)
			SetupLoadedEditorAssemblies (1140ms)
				LogAssemblyErrors (0ms)
				InitializePlatformSupportModulesInManaged (17ms)
				SetLoadedEditorAssemblies (2ms)
				RefreshPlugins (3ms)
				BeforeProcessingInitializeOnLoad (298ms)
				ProcessInitializeOnLoadAttributes (767ms)
				ProcessInitializeOnLoadMethodAttributes (40ms)
				AfterProcessingInitializeOnLoad (13ms)
				EditorAssembliesLoaded (1ms)
			ExecutionOrderSort2 (0ms)
			AwakeInstancesAfterBackupRestoration (35ms)
Platform modules already initialized, skipping
Switching build target platform(19) subTarget(0) extendedPlatform(0) -> platform(13) subTarget(537395200) extendedPlatform(0)
Refreshing native plugins compatible for Editor in 2.69 ms, found 3 plugins.
Preloading 0 native plugins for Editor in 0.00 ms.
Unloading 2341 Unused Serialized files (Serialized files now loaded: 0)
System memory in use before: 100.3 MB.
System memory in use after: 100.6 MB.

Unloading 94 unused Assets to reduce memory usage. Loaded Objects now: 2727.
Total: 7.307800 ms (FindLiveObjects: 0.604400 ms CreateObjectMapping: 0.290200 ms MarkObjects: 6.350100 ms  DeleteObjects: 0.060900 ms)

AssetImportParameters requested are different than current active one (requested -> active):
  custom:framework-win-MediaFoundation: 216162199b28c13a410421893ffa2e32 -> 
  custom:video-decoder-ogg-theora: a1e56fd34408186e4bbccfd4996cb3dc -> 
  custom:container-muxer-webm: aa71ff27fc2769a1b78a27578f13a17b -> 
  custom:container-demuxer-webm: 4f35f7cbe854078d1ac9338744f61a02 -> 
  custom:container-demuxer-ogg: 62fdf1f143b41e24485cea50d1cbac27 -> 
  custom:video-encoder-webm-vp8: eb34c28f22e8b96e1ab97ce403110664 -> 
  custom:video-decoder-webm-vp8: 9c59270c3fd7afecdb556c50c9e8de78 -> 
  custom:graphics/normal-map-encoding: 01000000000000000000000000000000 -> 02000000000000000000000000000000
  custom:audio-decoder-ogg-vorbis: bf7c407c2cedff20999df2af8eb42d56 -> 
  custom:audio-encoder-webm-vorbis: bf7c407c2cedff20999df2af8eb42d56 -> 
========================================================================
Received Prepare
Registering precompiled user dll's ...
Registered in 0.024637 seconds.
Begin MonoManager ReloadAssembly
Native extension for WindowsStandalone target not found
Refreshing native plugins compatible for Editor in 1.81 ms, found 3 plugins.
Preloading 0 native plugins for Editor in 0.00 ms.
GPGSUpgrader start
0x00007ff6ebe948bc (Unity) StackWalker::GetCurrentCallstack
0x00007ff6ebe9cf59 (Unity) StackWalker::ShowCallstack
0x00007ff6ed3bbe7c (Unity) GetStacktrace
0x00007ff6ee4e87c3 (Unity) DebugStringToFile
0x00007ff6ebf3f4c6 (Unity) DebugLogHandler_CUSTOM_Internal_Log
0x0000016d10ba1ddb (Mono JIT Code) (wrapper managed-to-native) UnityEngine.DebugLogHandler:Internal_Log (UnityEngine.LogType,UnityEngine.LogOption,string,UnityEngine.Object)
0x0000016d10ba137b (Mono JIT Code) UnityEngine.DebugLogHandler:LogFormat (UnityEngine.LogType,UnityEngine.Object,string,object[])
0x0000016d10ba01de (Mono JIT Code) UnityEngine.Logger:Log (UnityEngine.LogType,object)
0x0000016d10b9f55d (Mono JIT Code) UnityEngine.Debug:Log (object)
0x0000016d10b9e133 (Mono JIT Code) [GPGSUpgrader.cs:38] GooglePlayGames.Editor.GPGSUpgrader:.cctor () 
0x0000016d10b9f0c5 (Mono JIT Code) (wrapper runtime-invoke) object:runtime_invoke_void (object,intptr,intptr,intptr)
0x00007ff98d8ce660 (mono-2.0-bdwgc) [mini-runtime.c:2816] mono_jit_runtime_invoke 
0x00007ff98d852ae2 (mono-2.0-bdwgc) [object.c:2921] do_runtime_invoke 
0x00007ff98d85b1fc (mono-2.0-bdwgc) [object.c:477] mono_runtime_class_init_full 
0x00007ff98d808d5e (mono-2.0-bdwgc) [icall.c:990] ves_icall_System_Runtime_CompilerServices_RuntimeHelpers_RunClassConstructor 
0x0000016d0da836e7 (Mono JIT Code) (wrapper managed-to-native) System.Runtime.CompilerServices.RuntimeHelpers:RunClassConstructor (intptr)
0x0000016d0da835bb (Mono JIT Code) System.Runtime.CompilerServices.RuntimeHelpers:RunClassConstructor (System.RuntimeTypeHandle)
0x0000016d0da8286b (Mono JIT Code) UnityEditor.EditorAssemblies:ProcessInitializeOnLoadAttributes (System.Type[])
0x0000016d0e953fdb (Mono JIT Code) (wrapper runtime-invoke) <Module>:runtime_invoke_void_object (object,intptr,intptr,intptr)
0x00007ff98d8ce660 (mono-2.0-bdwgc) [mini-runtime.c:2816] mono_jit_runtime_invoke 
0x00007ff98d852ae2 (mono-2.0-bdwgc) [object.c:2921] do_runtime_invoke 
0x00007ff98d85bb3f (mono-2.0-bdwgc) [object.c:2968] mono_runtime_invoke 
0x00007ff6ebd1c0e4 (Unity) scripting_method_invoke
0x00007ff6ebd14a35 (Unity) ScriptingInvocation::Invoke
0x00007ff6ebd0d525 (Unity) ScriptingInvocation::Invoke<void>
0x00007ff6ea35c11b (Unity) Scripting::UnityEditor::EditorAssembliesProxy::ProcessInitializeOnLoadAttributes
0x00007ff6ebccc715 (Unity) MonoManager::SetupLoadedEditorAssemblies
0x00007ff6ebcc3801 (Unity) MonoManager::EndReloadAssembly
0x00007ff6ebcca771 (Unity) MonoManager::ReloadAssembly
0x00007ff6ed0b67a1 (Unity) LoadDomainAndUserAssemblies
0x00007ff6ed0b6c4e (Unity) LoadUserAssemblies
0x00007ff6ed52dab8 (Unity) <lambda_d5cd3abeeb3ed75489242b6b28c1fa53>::operator()
0x00007ff6ed5d1612 (Unity) asio::detail::completion_handler<core::mutable_function<void __cdecl(void)> >::do_complete
0x00007ff6ed5d3770 (Unity) asio::detail::win_iocp_io_service::do_one
0x00007ff6ed5d6efe (Unity) asio::io_service::run
0x00007ff6ed55a13b (Unity) RunAssetImportWorkerClientV2
0x00007ff6ed55a190 (Unity) RunAssetImporterV2
0x00007ff6eca21596 (Unity) Application::InitializeProject
0x00007ff6ed3c93e2 (Unity) WinMain
0x00007ff6ef21bf46 (Unity) __scrt_common_main_seh
0x00007ff9eb257034 (KERNEL32) BaseThreadInitThunk
0x00007ff9ebdc2651 (ntdll) RtlUserThreadStart

GPGSUpgrader done
0x00007ff6ebe948bc (Unity) StackWalker::GetCurrentCallstack
0x00007ff6ebe9cf59 (Unity) StackWalker::ShowCallstack
0x00007ff6ed3bbe7c (Unity) GetStacktrace
0x00007ff6ee4e87c3 (Unity) DebugStringToFile
0x00007ff6ebf3f4c6 (Unity) DebugLogHandler_CUSTOM_Internal_Log
0x0000016d10ba1ddb (Mono JIT Code) (wrapper managed-to-native) UnityEngine.DebugLogHandler:Internal_Log (UnityEngine.LogType,UnityEngine.LogOption,string,UnityEngine.Object)
0x0000016d10ba137b (Mono JIT Code) UnityEngine.DebugLogHandler:LogFormat (UnityEngine.LogType,UnityEngine.Object,string,object[])
0x0000016d10ba01de (Mono JIT Code) UnityEngine.Logger:Log (UnityEngine.LogType,object)
0x0000016d10b9f55d (Mono JIT Code) UnityEngine.Debug:Log (object)
0x0000016d10b9ed6b (Mono JIT Code) [GPGSUpgrader.cs:105] GooglePlayGames.Editor.GPGSUpgrader:.cctor () 
0x0000016d10b9f0c5 (Mono JIT Code) (wrapper runtime-invoke) object:runtime_invoke_void (object,intptr,intptr,intptr)
0x00007ff98d8ce660 (mono-2.0-bdwgc) [mini-runtime.c:2816] mono_jit_runtime_invoke 
0x00007ff98d852ae2 (mono-2.0-bdwgc) [object.c:2921] do_runtime_invoke 
0x00007ff98d85b1fc (mono-2.0-bdwgc) [object.c:477] mono_runtime_class_init_full 
0x00007ff98d808d5e (mono-2.0-bdwgc) [icall.c:990] ves_icall_System_Runtime_CompilerServices_RuntimeHelpers_RunClassConstructor 
0x0000016d0da836e7 (Mono JIT Code) (wrapper managed-to-native) System.Runtime.CompilerServices.RuntimeHelpers:RunClassConstructor (intptr)
0x0000016d0da835bb (Mono JIT Code) System.Runtime.CompilerServices.RuntimeHelpers:RunClassConstructor (System.RuntimeTypeHandle)
0x0000016d0da8286b (Mono JIT Code) UnityEditor.EditorAssemblies:ProcessInitializeOnLoadAttributes (System.Type[])
0x0000016d0e953fdb (Mono JIT Code) (wrapper runtime-invoke) <Module>:runtime_invoke_void_object (object,intptr,intptr,intptr)
0x00007ff98d8ce660 (mono-2.0-bdwgc) [mini-runtime.c:2816] mono_jit_runtime_invoke 
0x00007ff98d852ae2 (mono-2.0-bdwgc) [object.c:2921] do_runtime_invoke 
0x00007ff98d85bb3f (mono-2.0-bdwgc) [object.c:2968] mono_runtime_invoke 
0x00007ff6ebd1c0e4 (Unity) scripting_method_invoke
0x00007ff6ebd14a35 (Unity) ScriptingInvocation::Invoke
0x00007ff6ebd0d525 (Unity) ScriptingInvocation::Invoke<void>
0x00007ff6ea35c11b (Unity) Scripting::UnityEditor::EditorAssembliesProxy::ProcessInitializeOnLoadAttributes
0x00007ff6ebccc715 (Unity) MonoManager::SetupLoadedEditorAssemblies
0x00007ff6ebcc3801 (Unity) MonoManager::EndReloadAssembly
0x00007ff6ebcca771 (Unity) MonoManager::ReloadAssembly
0x00007ff6ed0b67a1 (Unity) LoadDomainAndUserAssemblies
0x00007ff6ed0b6c4e (Unity) LoadUserAssemblies
0x00007ff6ed52dab8 (Unity) <lambda_d5cd3abeeb3ed75489242b6b28c1fa53>::operator()
0x00007ff6ed5d1612 (Unity) asio::detail::completion_handler<core::mutable_function<void __cdecl(void)> >::do_complete
0x00007ff6ed5d3770 (Unity) asio::detail::win_iocp_io_service::do_one
0x00007ff6ed5d6efe (Unity) asio::io_service::run
0x00007ff6ed55a13b (Unity) RunAssetImportWorkerClientV2
0x00007ff6ed55a190 (Unity) RunAssetImporterV2
0x00007ff6eca21596 (Unity) Application::InitializeProject
0x00007ff6ed3c93e2 (Unity) WinMain
0x00007ff6ef21bf46 (Unity) __scrt_common_main_seh
0x00007ff9eb257034 (KERNEL32) BaseThreadInitThunk
0x00007ff9ebdc2651 (ntdll) RtlUserThreadStart

Mono: successfully reloaded assembly
- Completed reload, in  1.879 seconds
Domain Reload Profiling:
	ReloadAssembly (1880ms)
		BeginReloadAssembly (178ms)
			ExecutionOrderSort (0ms)
			DisableScriptedObjects (9ms)
			BackupInstance (0ms)
			ReleaseScriptingObjects (0ms)
			CreateAndSetChildDomain (46ms)
		EndReloadAssembly (1627ms)
			LoadAssemblies (163ms)
			RebuildTransferFunctionScriptingTraits (0ms)
			SetupTypeCache (526ms)
			ReleaseScriptCaches (2ms)
			RebuildScriptCaches (106ms)
			SetupLoadedEditorAssemblies (565ms)
				LogAssemblyErrors (0ms)
				InitializePlatformSupportModulesInManaged (8ms)
				SetLoadedEditorAssemblies (1ms)
				RefreshPlugins (2ms)
				BeforeProcessingInitializeOnLoad (121ms)
				ProcessInitializeOnLoadAttributes (422ms)
				ProcessInitializeOnLoadMethodAttributes (8ms)
				AfterProcessingInitializeOnLoad (4ms)
				EditorAssembliesLoaded (0ms)
			ExecutionOrderSort2 (0ms)
			AwakeInstancesAfterBackupRestoration (39ms)
Platform modules already initialized, skipping
Switching build target platform(19) subTarget(0) extendedPlatform(0) -> platform(13) subTarget(537395200) extendedPlatform(0)
Refreshing native plugins compatible for Editor in 1.21 ms, found 3 plugins.
Preloading 0 native plugins for Editor in 0.00 ms.
Unloading 2341 Unused Serialized files (Serialized files now loaded: 0)
System memory in use before: 100.4 MB.
System memory in use after: 100.6 MB.

Unloading 94 unused Assets to reduce memory usage. Loaded Objects now: 2730.
Total: 5.063500 ms (FindLiveObjects: 0.350300 ms CreateObjectMapping: 0.146100 ms MarkObjects: 4.516000 ms  DeleteObjects: 0.049700 ms)

AssetImportParameters requested are different than current active one (requested -> active):
  custom:framework-win-MediaFoundation: 216162199b28c13a410421893ffa2e32 -> 
  custom:video-decoder-ogg-theora: a1e56fd34408186e4bbccfd4996cb3dc -> 
  custom:container-muxer-webm: aa71ff27fc2769a1b78a27578f13a17b -> 
  custom:container-demuxer-webm: 4f35f7cbe854078d1ac9338744f61a02 -> 
  custom:container-demuxer-ogg: 62fdf1f143b41e24485cea50d1cbac27 -> 
  custom:video-encoder-webm-vp8: eb34c28f22e8b96e1ab97ce403110664 -> 
  custom:video-decoder-webm-vp8: 9c59270c3fd7afecdb556c50c9e8de78 -> 
  custom:graphics/normal-map-encoding: 01000000000000000000000000000000 -> 02000000000000000000000000000000
  custom:audio-decoder-ogg-vorbis: bf7c407c2cedff20999df2af8eb42d56 -> 
  custom:audio-encoder-webm-vorbis: bf7c407c2cedff20999df2af8eb42d56 -> 
========================================================================
Received Prepare
Registering precompiled user dll's ...
Registered in 0.022897 seconds.
Begin MonoManager ReloadAssembly
Native extension for WindowsStandalone target not found
Refreshing native plugins compatible for Editor in 2.71 ms, found 3 plugins.
Preloading 0 native plugins for Editor in 0.00 ms.
GPGSUpgrader start
0x00007ff6ebe948bc (Unity) StackWalker::GetCurrentCallstack
0x00007ff6ebe9cf59 (Unity) StackWalker::ShowCallstack
0x00007ff6ed3bbe7c (Unity) GetStacktrace
0x00007ff6ee4e87c3 (Unity) DebugStringToFile
0x00007ff6ebf3f4c6 (Unity) DebugLogHandler_CUSTOM_Internal_Log
0x0000016d10b4fe1b (Mono JIT Code) (wrapper managed-to-native) UnityEngine.DebugLogHandler:Internal_Log (UnityEngine.LogType,UnityEngine.LogOption,string,UnityEngine.Object)
0x0000016d10b4fa4b (Mono JIT Code) UnityEngine.DebugLogHandler:LogFormat (UnityEngine.LogType,UnityEngine.Object,string,object[])
0x0000016d10bcf4fe (Mono JIT Code) UnityEngine.Logger:Log (UnityEngine.LogType,object)
0x0000016d10bcea1d (Mono JIT Code) UnityEngine.Debug:Log (object)
0x0000016d10bcd5f3 (Mono JIT Code) [GPGSUpgrader.cs:38] GooglePlayGames.Editor.GPGSUpgrader:.cctor () 
0x0000016d10bce585 (Mono JIT Code) (wrapper runtime-invoke) object:runtime_invoke_void (object,intptr,intptr,intptr)
0x00007ff98d8ce660 (mono-2.0-bdwgc) [mini-runtime.c:2816] mono_jit_runtime_invoke 
0x00007ff98d852ae2 (mono-2.0-bdwgc) [object.c:2921] do_runtime_invoke 
0x00007ff98d85b1fc (mono-2.0-bdwgc) [object.c:477] mono_runtime_class_init_full 
0x00007ff98d808d5e (mono-2.0-bdwgc) [icall.c:990] ves_icall_System_Runtime_CompilerServices_RuntimeHelpers_RunClassConstructor 
0x0000016d0da836e7 (Mono JIT Code) (wrapper managed-to-native) System.Runtime.CompilerServices.RuntimeHelpers:RunClassConstructor (intptr)
0x0000016d0da835bb (Mono JIT Code) System.Runtime.CompilerServices.RuntimeHelpers:RunClassConstructor (System.RuntimeTypeHandle)
0x0000016d0da8286b (Mono JIT Code) UnityEditor.EditorAssemblies:ProcessInitializeOnLoadAttributes (System.Type[])
0x0000016d10bb3fdb (Mono JIT Code) (wrapper runtime-invoke) <Module>:runtime_invoke_void_object (object,intptr,intptr,intptr)
0x00007ff98d8ce660 (mono-2.0-bdwgc) [mini-runtime.c:2816] mono_jit_runtime_invoke 
0x00007ff98d852ae2 (mono-2.0-bdwgc) [object.c:2921] do_runtime_invoke 
0x00007ff98d85bb3f (mono-2.0-bdwgc) [object.c:2968] mono_runtime_invoke 
0x00007ff6ebd1c0e4 (Unity) scripting_method_invoke
0x00007ff6ebd14a35 (Unity) ScriptingInvocation::Invoke
0x00007ff6ebd0d525 (Unity) ScriptingInvocation::Invoke<void>
0x00007ff6ea35c11b (Unity) Scripting::UnityEditor::EditorAssembliesProxy::ProcessInitializeOnLoadAttributes
0x00007ff6ebccc715 (Unity) MonoManager::SetupLoadedEditorAssemblies
0x00007ff6ebcc3801 (Unity) MonoManager::EndReloadAssembly
0x00007ff6ebcca771 (Unity) MonoManager::ReloadAssembly
0x00007ff6ed0b67a1 (Unity) LoadDomainAndUserAssemblies
0x00007ff6ed0b6c4e (Unity) LoadUserAssemblies
0x00007ff6ed52dab8 (Unity) <lambda_d5cd3abeeb3ed75489242b6b28c1fa53>::operator()
0x00007ff6ed5d1612 (Unity) asio::detail::completion_handler<core::mutable_function<void __cdecl(void)> >::do_complete
0x00007ff6ed5d3770 (Unity) asio::detail::win_iocp_io_service::do_one
0x00007ff6ed5d6efe (Unity) asio::io_service::run
0x00007ff6ed55a13b (Unity) RunAssetImportWorkerClientV2
0x00007ff6ed55a190 (Unity) RunAssetImporterV2
0x00007ff6eca21596 (Unity) Application::InitializeProject
0x00007ff6ed3c93e2 (Unity) WinMain
0x00007ff6ef21bf46 (Unity) __scrt_common_main_seh
0x00007ff9eb257034 (KERNEL32) BaseThreadInitThunk
0x00007ff9ebdc2651 (ntdll) RtlUserThreadStart

GPGSUpgrader done
0x00007ff6ebe948bc (Unity) StackWalker::GetCurrentCallstack
0x00007ff6ebe9cf59 (Unity) StackWalker::ShowCallstack
0x00007ff6ed3bbe7c (Unity) GetStacktrace
0x00007ff6ee4e87c3 (Unity) DebugStringToFile
0x00007ff6ebf3f4c6 (Unity) DebugLogHandler_CUSTOM_Internal_Log
0x0000016d10b4fe1b (Mono JIT Code) (wrapper managed-to-native) UnityEngine.DebugLogHandler:Internal_Log (UnityEngine.LogType,UnityEngine.LogOption,string,UnityEngine.Object)
0x0000016d10b4fa4b (Mono JIT Code) UnityEngine.DebugLogHandler:LogFormat (UnityEngine.LogType,UnityEngine.Object,string,object[])
0x0000016d10bcf4fe (Mono JIT Code) UnityEngine.Logger:Log (UnityEngine.LogType,object)
0x0000016d10bcea1d (Mono JIT Code) UnityEngine.Debug:Log (object)
0x0000016d10bce22b (Mono JIT Code) [GPGSUpgrader.cs:105] GooglePlayGames.Editor.GPGSUpgrader:.cctor () 
0x0000016d10bce585 (Mono JIT Code) (wrapper runtime-invoke) object:runtime_invoke_void (object,intptr,intptr,intptr)
0x00007ff98d8ce660 (mono-2.0-bdwgc) [mini-runtime.c:2816] mono_jit_runtime_invoke 
0x00007ff98d852ae2 (mono-2.0-bdwgc) [object.c:2921] do_runtime_invoke 
0x00007ff98d85b1fc (mono-2.0-bdwgc) [object.c:477] mono_runtime_class_init_full 
0x00007ff98d808d5e (mono-2.0-bdwgc) [icall.c:990] ves_icall_System_Runtime_CompilerServices_RuntimeHelpers_RunClassConstructor 
0x0000016d0da836e7 (Mono JIT Code) (wrapper managed-to-native) System.Runtime.CompilerServices.RuntimeHelpers:RunClassConstructor (intptr)
0x0000016d0da835bb (Mono JIT Code) System.Runtime.CompilerServices.RuntimeHelpers:RunClassConstructor (System.RuntimeTypeHandle)
0x0000016d0da8286b (Mono JIT Code) UnityEditor.EditorAssemblies:ProcessInitializeOnLoadAttributes (System.Type[])
0x0000016d10bb3fdb (Mono JIT Code) (wrapper runtime-invoke) <Module>:runtime_invoke_void_object (object,intptr,intptr,intptr)
0x00007ff98d8ce660 (mono-2.0-bdwgc) [mini-runtime.c:2816] mono_jit_runtime_invoke 
0x00007ff98d852ae2 (mono-2.0-bdwgc) [object.c:2921] do_runtime_invoke 
0x00007ff98d85bb3f (mono-2.0-bdwgc) [object.c:2968] mono_runtime_invoke 
0x00007ff6ebd1c0e4 (Unity) scripting_method_invoke
0x00007ff6ebd14a35 (Unity) ScriptingInvocation::Invoke
0x00007ff6ebd0d525 (Unity) ScriptingInvocation::Invoke<void>
0x00007ff6ea35c11b (Unity) Scripting::UnityEditor::EditorAssembliesProxy::ProcessInitializeOnLoadAttributes
0x00007ff6ebccc715 (Unity) MonoManager::SetupLoadedEditorAssemblies
0x00007ff6ebcc3801 (Unity) MonoManager::EndReloadAssembly
0x00007ff6ebcca771 (Unity) MonoManager::ReloadAssembly
0x00007ff6ed0b67a1 (Unity) LoadDomainAndUserAssemblies
0x00007ff6ed0b6c4e (Unity) LoadUserAssemblies
0x00007ff6ed52dab8 (Unity) <lambda_d5cd3abeeb3ed75489242b6b28c1fa53>::operator()
0x00007ff6ed5d1612 (Unity) asio::detail::completion_handler<core::mutable_function<void __cdecl(void)> >::do_complete
0x00007ff6ed5d3770 (Unity) asio::detail::win_iocp_io_service::do_one
0x00007ff6ed5d6efe (Unity) asio::io_service::run
0x00007ff6ed55a13b (Unity) RunAssetImportWorkerClientV2
0x00007ff6ed55a190 (Unity) RunAssetImporterV2
0x00007ff6eca21596 (Unity) Application::InitializeProject
0x00007ff6ed3c93e2 (Unity) WinMain
0x00007ff6ef21bf46 (Unity) __scrt_common_main_seh
0x00007ff9eb257034 (KERNEL32) BaseThreadInitThunk
0x00007ff9ebdc2651 (ntdll) RtlUserThreadStart

Mono: successfully reloaded assembly
- Completed reload, in  2.663 seconds
Domain Reload Profiling:
	ReloadAssembly (2664ms)
		BeginReloadAssembly (299ms)
			ExecutionOrderSort (0ms)
			DisableScriptedObjects (15ms)
			BackupInstance (0ms)
			ReleaseScriptingObjects (0ms)
			CreateAndSetChildDomain (80ms)
		EndReloadAssembly (2206ms)
			LoadAssemblies (336ms)
			RebuildTransferFunctionScriptingTraits (0ms)
			SetupTypeCache (792ms)
			ReleaseScriptCaches (1ms)
			RebuildScriptCaches (74ms)
			SetupLoadedEditorAssemblies (798ms)
				LogAssemblyErrors (0ms)
				InitializePlatformSupportModulesInManaged (11ms)
				SetLoadedEditorAssemblies (1ms)
				RefreshPlugins (3ms)
				BeforeProcessingInitializeOnLoad (199ms)
				ProcessInitializeOnLoadAttributes (569ms)
				ProcessInitializeOnLoadMethodAttributes (10ms)
				AfterProcessingInitializeOnLoad (5ms)
				EditorAssembliesLoaded (0ms)
			ExecutionOrderSort2 (0ms)
			AwakeInstancesAfterBackupRestoration (18ms)
Platform modules already initialized, skipping
Switching build target platform(19) subTarget(0) extendedPlatform(0) -> platform(13) subTarget(537395200) extendedPlatform(0)
Refreshing native plugins compatible for Editor in 2.23 ms, found 3 plugins.
Preloading 0 native plugins for Editor in 0.00 ms.
Unloading 2341 Unused Serialized files (Serialized files now loaded: 0)
System memory in use before: 100.4 MB.
System memory in use after: 100.7 MB.

Unloading 94 unused Assets to reduce memory usage. Loaded Objects now: 2733.
Total: 4.145900 ms (FindLiveObjects: 0.272400 ms CreateObjectMapping: 0.134100 ms MarkObjects: 3.682800 ms  DeleteObjects: 0.055200 ms)

AssetImportParameters requested are different than current active one (requested -> active):
  custom:framework-win-MediaFoundation: 216162199b28c13a410421893ffa2e32 -> 
  custom:video-decoder-ogg-theora: a1e56fd34408186e4bbccfd4996cb3dc -> 
  custom:container-muxer-webm: aa71ff27fc2769a1b78a27578f13a17b -> 
  custom:container-demuxer-webm: 4f35f7cbe854078d1ac9338744f61a02 -> 
  custom:container-demuxer-ogg: 62fdf1f143b41e24485cea50d1cbac27 -> 
  custom:video-encoder-webm-vp8: eb34c28f22e8b96e1ab97ce403110664 -> 
  custom:video-decoder-webm-vp8: 9c59270c3fd7afecdb556c50c9e8de78 -> 
  custom:graphics/normal-map-encoding: 01000000000000000000000000000000 -> 02000000000000000000000000000000
  custom:audio-decoder-ogg-vorbis: bf7c407c2cedff20999df2af8eb42d56 -> 
  custom:audio-encoder-webm-vorbis: bf7c407c2cedff20999df2af8eb42d56 -> 
========================================================================
Received Import Request.
  Time since last request: 103.706067 seconds.
  path: Assets/Scripts/Control/Controller.cs
  artifactKey: Guid(86a094942de56334b8c901150212bc3d) Importer(815301076,1909f56bfc062723c751e8b465ee728b)
Start importing Assets/Scripts/Control/Controller.cs using Guid(86a094942de56334b8c901150212bc3d) Importer(815301076,1909f56bfc062723c751e8b465ee728b)  -> (artifact id: '3dad64d22700b316373091227953b22e') in 0.008546 seconds 
  Import took 0.014181 seconds .

========================================================================
Received Prepare
Registering precompiled user dll's ...
Registered in 0.053088 seconds.
Begin MonoManager ReloadAssembly
Native extension for WindowsStandalone target not found
Refreshing native plugins compatible for Editor in 2.84 ms, found 3 plugins.
Preloading 0 native plugins for Editor in 0.00 ms.
GPGSUpgrader start
0x00007ff6ebe948bc (Unity) StackWalker::GetCurrentCallstack
0x00007ff6ebe9cf59 (Unity) StackWalker::ShowCallstack
0x00007ff6ed3bbe7c (Unity) GetStacktrace
0x00007ff6ee4e87c3 (Unity) DebugStringToFile
0x00007ff6ebf3f4c6 (Unity) DebugLogHandler_CUSTOM_Internal_Log
0x0000016d10c8636b (Mono JIT Code) (wrapper managed-to-native) UnityEngine.DebugLogHandler:Internal_Log (UnityEngine.LogType,UnityEngine.LogOption,string,UnityEngine.Object)
0x0000016d10c85f7b (Mono JIT Code) UnityEngine.DebugLogHandler:LogFormat (UnityEngine.LogType,UnityEngine.Object,string,object[])
0x0000016d10c84bbe (Mono JIT Code) UnityEngine.Logger:Log (UnityEngine.LogType,object)
0x0000016d10c82c2d (Mono JIT Code) UnityEngine.Debug:Log (object)
0x0000016d10c817b3 (Mono JIT Code) [GPGSUpgrader.cs:38] GooglePlayGames.Editor.GPGSUpgrader:.cctor () 
0x0000016d10c82795 (Mono JIT Code) (wrapper runtime-invoke) object:runtime_invoke_void (object,intptr,intptr,intptr)
0x00007ff98d8ce660 (mono-2.0-bdwgc) [mini-runtime.c:2816] mono_jit_runtime_invoke 
0x00007ff98d852ae2 (mono-2.0-bdwgc) [object.c:2921] do_runtime_invoke 
0x00007ff98d85b1fc (mono-2.0-bdwgc) [object.c:477] mono_runtime_class_init_full 
0x00007ff98d808d5e (mono-2.0-bdwgc) [icall.c:990] ves_icall_System_Runtime_CompilerServices_RuntimeHelpers_RunClassConstructor 
0x0000016d0da936e7 (Mono JIT Code) (wrapper managed-to-native) System.Runtime.CompilerServices.RuntimeHelpers:RunClassConstructor (intptr)
0x0000016d0da935bb (Mono JIT Code) System.Runtime.CompilerServices.RuntimeHelpers:RunClassConstructor (System.RuntimeTypeHandle)
0x0000016d0da9286b (Mono JIT Code) UnityEditor.EditorAssemblies:ProcessInitializeOnLoadAttributes (System.Type[])
0x0000016d0f963fdb (Mono JIT Code) (wrapper runtime-invoke) <Module>:runtime_invoke_void_object (object,intptr,intptr,intptr)
0x00007ff98d8ce660 (mono-2.0-bdwgc) [mini-runtime.c:2816] mono_jit_runtime_invoke 
0x00007ff98d852ae2 (mono-2.0-bdwgc) [object.c:2921] do_runtime_invoke 
0x00007ff98d85bb3f (mono-2.0-bdwgc) [object.c:2968] mono_runtime_invoke 
0x00007ff6ebd1c0e4 (Unity) scripting_method_invoke
0x00007ff6ebd14a35 (Unity) ScriptingInvocation::Invoke
0x00007ff6ebd0d525 (Unity) ScriptingInvocation::Invoke<void>
0x00007ff6ea35c11b (Unity) Scripting::UnityEditor::EditorAssembliesProxy::ProcessInitializeOnLoadAttributes
0x00007ff6ebccc715 (Unity) MonoManager::SetupLoadedEditorAssemblies
0x00007ff6ebcc3801 (Unity) MonoManager::EndReloadAssembly
0x00007ff6ebcca771 (Unity) MonoManager::ReloadAssembly
0x00007ff6ed0b67a1 (Unity) LoadDomainAndUserAssemblies
0x00007ff6ed0b6c4e (Unity) LoadUserAssemblies
0x00007ff6ed52dab8 (Unity) <lambda_d5cd3abeeb3ed75489242b6b28c1fa53>::operator()
0x00007ff6ed5d1612 (Unity) asio::detail::completion_handler<core::mutable_function<void __cdecl(void)> >::do_complete
0x00007ff6ed5d3770 (Unity) asio::detail::win_iocp_io_service::do_one
0x00007ff6ed5d6efe (Unity) asio::io_service::run
0x00007ff6ed55a13b (Unity) RunAssetImportWorkerClientV2
0x00007ff6ed55a190 (Unity) RunAssetImporterV2
0x00007ff6eca21596 (Unity) Application::InitializeProject
0x00007ff6ed3c93e2 (Unity) WinMain
0x00007ff6ef21bf46 (Unity) __scrt_common_main_seh
0x00007ff9eb257034 (KERNEL32) BaseThreadInitThunk
0x00007ff9ebdc2651 (ntdll) RtlUserThreadStart

GPGSUpgrader done
0x00007ff6ebe948bc (Unity) StackWalker::GetCurrentCallstack
0x00007ff6ebe9cf59 (Unity) StackWalker::ShowCallstack
0x00007ff6ed3bbe7c (Unity) GetStacktrace
0x00007ff6ee4e87c3 (Unity) DebugStringToFile
0x00007ff6ebf3f4c6 (Unity) DebugLogHandler_CUSTOM_Internal_Log
0x0000016d10c8636b (Mono JIT Code) (wrapper managed-to-native) UnityEngine.DebugLogHandler:Internal_Log (UnityEngine.LogType,UnityEngine.LogOption,string,UnityEngine.Object)
0x0000016d10c85f7b (Mono JIT Code) UnityEngine.DebugLogHandler:LogFormat (UnityEngine.LogType,UnityEngine.Object,string,object[])
0x0000016d10c84bbe (Mono JIT Code) UnityEngine.Logger:Log (UnityEngine.LogType,object)
0x0000016d10c82c2d (Mono JIT Code) UnityEngine.Debug:Log (object)
0x0000016d10c823eb (Mono JIT Code) [GPGSUpgrader.cs:105] GooglePlayGames.Editor.GPGSUpgrader:.cctor () 
0x0000016d10c82795 (Mono JIT Code) (wrapper runtime-invoke) object:runtime_invoke_void (object,intptr,intptr,intptr)
0x00007ff98d8ce660 (mono-2.0-bdwgc) [mini-runtime.c:2816] mono_jit_runtime_invoke 
0x00007ff98d852ae2 (mono-2.0-bdwgc) [object.c:2921] do_runtime_invoke 
0x00007ff98d85b1fc (mono-2.0-bdwgc) [object.c:477] mono_runtime_class_init_full 
0x00007ff98d808d5e (mono-2.0-bdwgc) [icall.c:990] ves_icall_System_Runtime_CompilerServices_RuntimeHelpers_RunClassConstructor 
0x0000016d0da936e7 (Mono JIT Code) (wrapper managed-to-native) System.Runtime.CompilerServices.RuntimeHelpers:RunClassConstructor (intptr)
0x0000016d0da935bb (Mono JIT Code) System.Runtime.CompilerServices.RuntimeHelpers:RunClassConstructor (System.RuntimeTypeHandle)
0x0000016d0da9286b (Mono JIT Code) UnityEditor.EditorAssemblies:ProcessInitializeOnLoadAttributes (System.Type[])
0x0000016d0f963fdb (Mono JIT Code) (wrapper runtime-invoke) <Module>:runtime_invoke_void_object (object,intptr,intptr,intptr)
0x00007ff98d8ce660 (mono-2.0-bdwgc) [mini-runtime.c:2816] mono_jit_runtime_invoke 
0x00007ff98d852ae2 (mono-2.0-bdwgc) [object.c:2921] do_runtime_invoke 
0x00007ff98d85bb3f (mono-2.0-bdwgc) [object.c:2968] mono_runtime_invoke 
0x00007ff6ebd1c0e4 (Unity) scripting_method_invoke
0x00007ff6ebd14a35 (Unity) ScriptingInvocation::Invoke
0x00007ff6ebd0d525 (Unity) ScriptingInvocation::Invoke<void>
0x00007ff6ea35c11b (Unity) Scripting::UnityEditor::EditorAssembliesProxy::ProcessInitializeOnLoadAttributes
0x00007ff6ebccc715 (Unity) MonoManager::SetupLoadedEditorAssemblies
0x00007ff6ebcc3801 (Unity) MonoManager::EndReloadAssembly
0x00007ff6ebcca771 (Unity) MonoManager::ReloadAssembly
0x00007ff6ed0b67a1 (Unity) LoadDomainAndUserAssemblies
0x00007ff6ed0b6c4e (Unity) LoadUserAssemblies
0x00007ff6ed52dab8 (Unity) <lambda_d5cd3abeeb3ed75489242b6b28c1fa53>::operator()
0x00007ff6ed5d1612 (Unity) asio::detail::completion_handler<core::mutable_function<void __cdecl(void)> >::do_complete
0x00007ff6ed5d3770 (Unity) asio::detail::win_iocp_io_service::do_one
0x00007ff6ed5d6efe (Unity) asio::io_service::run
0x00007ff6ed55a13b (Unity) RunAssetImportWorkerClientV2
0x00007ff6ed55a190 (Unity) RunAssetImporterV2
0x00007ff6eca21596 (Unity) Application::InitializeProject
0x00007ff6ed3c93e2 (Unity) WinMain
0x00007ff6ef21bf46 (Unity) __scrt_common_main_seh
0x00007ff9eb257034 (KERNEL32) BaseThreadInitThunk
0x00007ff9ebdc2651 (ntdll) RtlUserThreadStart

Mono: successfully reloaded assembly
- Completed reload, in  2.839 seconds
Domain Reload Profiling:
	ReloadAssembly (2841ms)
		BeginReloadAssembly (248ms)
			ExecutionOrderSort (0ms)
			DisableScriptedObjects (16ms)
			BackupInstance (0ms)
			ReleaseScriptingObjects (0ms)
			CreateAndSetChildDomain (62ms)
		EndReloadAssembly (2511ms)
			LoadAssemblies (248ms)
			RebuildTransferFunctionScriptingTraits (0ms)
			SetupTypeCache (551ms)
			ReleaseScriptCaches (2ms)
			RebuildScriptCaches (135ms)
			SetupLoadedEditorAssemblies (1162ms)
				LogAssemblyErrors (0ms)
				InitializePlatformSupportModulesInManaged (11ms)
				SetLoadedEditorAssemblies (1ms)
				RefreshPlugins (3ms)
				BeforeProcessingInitializeOnLoad (345ms)
				ProcessInitializeOnLoadAttributes (773ms)
				ProcessInitializeOnLoadMethodAttributes (12ms)
				AfterProcessingInitializeOnLoad (16ms)
				EditorAssembliesLoaded (1ms)
			ExecutionOrderSort2 (0ms)
			AwakeInstancesAfterBackupRestoration (50ms)
Platform modules already initialized, skipping
Switching build target platform(19) subTarget(0) extendedPlatform(0) -> platform(13) subTarget(537395200) extendedPlatform(0)
Refreshing native plugins compatible for Editor in 3.66 ms, found 3 plugins.
Preloading 0 native plugins for Editor in 0.00 ms.
Unloading 2341 Unused Serialized files (Serialized files now loaded: 0)
System memory in use before: 100.4 MB.
System memory in use after: 100.6 MB.

Unloading 94 unused Assets to reduce memory usage. Loaded Objects now: 2736.
Total: 13.096000 ms (FindLiveObjects: 0.590100 ms CreateObjectMapping: 0.278800 ms MarkObjects: 11.982700 ms  DeleteObjects: 0.240000 ms)

AssetImportParameters requested are different than current active one (requested -> active):
  custom:framework-win-MediaFoundation: 216162199b28c13a410421893ffa2e32 -> 
  custom:video-decoder-ogg-theora: a1e56fd34408186e4bbccfd4996cb3dc -> 
  custom:container-muxer-webm: aa71ff27fc2769a1b78a27578f13a17b -> 
  custom:container-demuxer-webm: 4f35f7cbe854078d1ac9338744f61a02 -> 
  custom:container-demuxer-ogg: 62fdf1f143b41e24485cea50d1cbac27 -> 
  custom:video-encoder-webm-vp8: eb34c28f22e8b96e1ab97ce403110664 -> 
  custom:video-decoder-webm-vp8: 9c59270c3fd7afecdb556c50c9e8de78 -> 
  custom:graphics/normal-map-encoding: 01000000000000000000000000000000 -> 02000000000000000000000000000000
  custom:audio-decoder-ogg-vorbis: bf7c407c2cedff20999df2af8eb42d56 -> 
  custom:audio-encoder-webm-vorbis: bf7c407c2cedff20999df2af8eb42d56 -> 
========================================================================
Received Prepare
Registering precompiled user dll's ...
Registered in 0.023981 seconds.
Begin MonoManager ReloadAssembly
Native extension for WindowsStandalone target not found
Refreshing native plugins compatible for Editor in 3.09 ms, found 3 plugins.
Preloading 0 native plugins for Editor in 0.00 ms.
GPGSUpgrader start
0x00007ff6ebe948bc (Unity) StackWalker::GetCurrentCallstack
0x00007ff6ebe9cf59 (Unity) StackWalker::ShowCallstack
0x00007ff6ed3bbe7c (Unity) GetStacktrace
0x00007ff6ee4e87c3 (Unity) DebugStringToFile
0x00007ff6ebf3f4c6 (Unity) DebugLogHandler_CUSTOM_Internal_Log
0x0000016d10c014cb (Mono JIT Code) (wrapper managed-to-native) UnityEngine.DebugLogHandler:Internal_Log (UnityEngine.LogType,UnityEngine.LogOption,string,UnityEngine.Object)
0x0000016d10c00b0b (Mono JIT Code) UnityEngine.DebugLogHandler:LogFormat (UnityEngine.LogType,UnityEngine.Object,string,object[])
0x0000016d10b3fd1e (Mono JIT Code) UnityEngine.Logger:Log (UnityEngine.LogType,object)
0x0000016d10bff0fd (Mono JIT Code) UnityEngine.Debug:Log (object)
0x0000016d10bfd323 (Mono JIT Code) [GPGSUpgrader.cs:38] GooglePlayGames.Editor.GPGSUpgrader:.cctor () 
0x0000016d10bfe835 (Mono JIT Code) (wrapper runtime-invoke) object:runtime_invoke_void (object,intptr,intptr,intptr)
0x00007ff98d8ce660 (mono-2.0-bdwgc) [mini-runtime.c:2816] mono_jit_runtime_invoke 
0x00007ff98d852ae2 (mono-2.0-bdwgc) [object.c:2921] do_runtime_invoke 
0x00007ff98d85b1fc (mono-2.0-bdwgc) [object.c:477] mono_runtime_class_init_full 
0x00007ff98d808d5e (mono-2.0-bdwgc) [icall.c:990] ves_icall_System_Runtime_CompilerServices_RuntimeHelpers_RunClassConstructor 
0x0000016d0da836e7 (Mono JIT Code) (wrapper managed-to-native) System.Runtime.CompilerServices.RuntimeHelpers:RunClassConstructor (intptr)
0x0000016d0da835bb (Mono JIT Code) System.Runtime.CompilerServices.RuntimeHelpers:RunClassConstructor (System.RuntimeTypeHandle)
0x0000016d0da8286b (Mono JIT Code) UnityEditor.EditorAssemblies:ProcessInitializeOnLoadAttributes (System.Type[])
0x0000016d11153fdb (Mono JIT Code) (wrapper runtime-invoke) <Module>:runtime_invoke_void_object (object,intptr,intptr,intptr)
0x00007ff98d8ce660 (mono-2.0-bdwgc) [mini-runtime.c:2816] mono_jit_runtime_invoke 
0x00007ff98d852ae2 (mono-2.0-bdwgc) [object.c:2921] do_runtime_invoke 
0x00007ff98d85bb3f (mono-2.0-bdwgc) [object.c:2968] mono_runtime_invoke 
0x00007ff6ebd1c0e4 (Unity) scripting_method_invoke
0x00007ff6ebd14a35 (Unity) ScriptingInvocation::Invoke
0x00007ff6ebd0d525 (Unity) ScriptingInvocation::Invoke<void>
0x00007ff6ea35c11b (Unity) Scripting::UnityEditor::EditorAssembliesProxy::ProcessInitializeOnLoadAttributes
0x00007ff6ebccc715 (Unity) MonoManager::SetupLoadedEditorAssemblies
0x00007ff6ebcc3801 (Unity) MonoManager::EndReloadAssembly
0x00007ff6ebcca771 (Unity) MonoManager::ReloadAssembly
0x00007ff6ed0b67a1 (Unity) LoadDomainAndUserAssemblies
0x00007ff6ed0b6c4e (Unity) LoadUserAssemblies
0x00007ff6ed52dab8 (Unity) <lambda_d5cd3abeeb3ed75489242b6b28c1fa53>::operator()
0x00007ff6ed5d1612 (Unity) asio::detail::completion_handler<core::mutable_function<void __cdecl(void)> >::do_complete
0x00007ff6ed5d3770 (Unity) asio::detail::win_iocp_io_service::do_one
0x00007ff6ed5d6efe (Unity) asio::io_service::run
0x00007ff6ed55a13b (Unity) RunAssetImportWorkerClientV2
0x00007ff6ed55a190 (Unity) RunAssetImporterV2
0x00007ff6eca21596 (Unity) Application::InitializeProject
0x00007ff6ed3c93e2 (Unity) WinMain
0x00007ff6ef21bf46 (Unity) __scrt_common_main_seh
0x00007ff9eb257034 (KERNEL32) BaseThreadInitThunk
0x00007ff9ebdc2651 (ntdll) RtlUserThreadStart

GPGSUpgrader done
0x00007ff6ebe948bc (Unity) StackWalker::GetCurrentCallstack
0x00007ff6ebe9cf59 (Unity) StackWalker::ShowCallstack
0x00007ff6ed3bbe7c (Unity) GetStacktrace
0x00007ff6ee4e87c3 (Unity) DebugStringToFile
0x00007ff6ebf3f4c6 (Unity) DebugLogHandler_CUSTOM_Internal_Log
0x0000016d10c014cb (Mono JIT Code) (wrapper managed-to-native) UnityEngine.DebugLogHandler:Internal_Log (UnityEngine.LogType,UnityEngine.LogOption,string,UnityEngine.Object)
0x0000016d10c00b0b (Mono JIT Code) UnityEngine.DebugLogHandler:LogFormat (UnityEngine.LogType,UnityEngine.Object,string,object[])
0x0000016d10b3fd1e (Mono JIT Code) UnityEngine.Logger:Log (UnityEngine.LogType,object)
0x0000016d10bff0fd (Mono JIT Code) UnityEngine.Debug:Log (object)
0x0000016d10bfdf5b (Mono JIT Code) [GPGSUpgrader.cs:105] GooglePlayGames.Editor.GPGSUpgrader:.cctor () 
0x0000016d10bfe835 (Mono JIT Code) (wrapper runtime-invoke) object:runtime_invoke_void (object,intptr,intptr,intptr)
0x00007ff98d8ce660 (mono-2.0-bdwgc) [mini-runtime.c:2816] mono_jit_runtime_invoke 
0x00007ff98d852ae2 (mono-2.0-bdwgc) [object.c:2921] do_runtime_invoke 
0x00007ff98d85b1fc (mono-2.0-bdwgc) [object.c:477] mono_runtime_class_init_full 
0x00007ff98d808d5e (mono-2.0-bdwgc) [icall.c:990] ves_icall_System_Runtime_CompilerServices_RuntimeHelpers_RunClassConstructor 
0x0000016d0da836e7 (Mono JIT Code) (wrapper managed-to-native) System.Runtime.CompilerServices.RuntimeHelpers:RunClassConstructor (intptr)
0x0000016d0da835bb (Mono JIT Code) System.Runtime.CompilerServices.RuntimeHelpers:RunClassConstructor (System.RuntimeTypeHandle)
0x0000016d0da8286b (Mono JIT Code) UnityEditor.EditorAssemblies:ProcessInitializeOnLoadAttributes (System.Type[])
0x0000016d11153fdb (Mono JIT Code) (wrapper runtime-invoke) <Module>:runtime_invoke_void_object (object,intptr,intptr,intptr)
0x00007ff98d8ce660 (mono-2.0-bdwgc) [mini-runtime.c:2816] mono_jit_runtime_invoke 
0x00007ff98d852ae2 (mono-2.0-bdwgc) [object.c:2921] do_runtime_invoke 
0x00007ff98d85bb3f (mono-2.0-bdwgc) [object.c:2968] mono_runtime_invoke 
0x00007ff6ebd1c0e4 (Unity) scripting_method_invoke
0x00007ff6ebd14a35 (Unity) ScriptingInvocation::Invoke
0x00007ff6ebd0d525 (Unity) ScriptingInvocation::Invoke<void>
0x00007ff6ea35c11b (Unity) Scripting::UnityEditor::EditorAssembliesProxy::ProcessInitializeOnLoadAttributes
0x00007ff6ebccc715 (Unity) MonoManager::SetupLoadedEditorAssemblies
0x00007ff6ebcc3801 (Unity) MonoManager::EndReloadAssembly
0x00007ff6ebcca771 (Unity) MonoManager::ReloadAssembly
0x00007ff6ed0b67a1 (Unity) LoadDomainAndUserAssemblies
0x00007ff6ed0b6c4e (Unity) LoadUserAssemblies
0x00007ff6ed52dab8 (Unity) <lambda_d5cd3abeeb3ed75489242b6b28c1fa53>::operator()
0x00007ff6ed5d1612 (Unity) asio::detail::completion_handler<core::mutable_function<void __cdecl(void)> >::do_complete
0x00007ff6ed5d3770 (Unity) asio::detail::win_iocp_io_service::do_one
0x00007ff6ed5d6efe (Unity) asio::io_service::run
0x00007ff6ed55a13b (Unity) RunAssetImportWorkerClientV2
0x00007ff6ed55a190 (Unity) RunAssetImporterV2
0x00007ff6eca21596 (Unity) Application::InitializeProject
0x00007ff6ed3c93e2 (Unity) WinMain
0x00007ff6ef21bf46 (Unity) __scrt_common_main_seh
0x00007ff9eb257034 (KERNEL32) BaseThreadInitThunk
0x00007ff9ebdc2651 (ntdll) RtlUserThreadStart

Mono: successfully reloaded assembly
- Completed reload, in  3.155 seconds
Domain Reload Profiling:
	ReloadAssembly (3156ms)
		BeginReloadAssembly (187ms)
			ExecutionOrderSort (0ms)
			DisableScriptedObjects (10ms)
			BackupInstance (0ms)
			ReleaseScriptingObjects (0ms)
			CreateAndSetChildDomain (50ms)
		EndReloadAssembly (2870ms)
			LoadAssemblies (217ms)
			RebuildTransferFunctionScriptingTraits (0ms)
			SetupTypeCache (704ms)
			ReleaseScriptCaches (1ms)
			RebuildScriptCaches (94ms)
			SetupLoadedEditorAssemblies (1385ms)
				LogAssemblyErrors (0ms)
				InitializePlatformSupportModulesInManaged (19ms)
				SetLoadedEditorAssemblies (2ms)
				RefreshPlugins (3ms)
				BeforeProcessingInitializeOnLoad (323ms)
				ProcessInitializeOnLoadAttributes (1007ms)
				ProcessInitializeOnLoadMethodAttributes (16ms)
				AfterProcessingInitializeOnLoad (15ms)
				EditorAssembliesLoaded (1ms)
			ExecutionOrderSort2 (0ms)
			AwakeInstancesAfterBackupRestoration (43ms)
Platform modules already initialized, skipping
Switching build target platform(19) subTarget(0) extendedPlatform(0) -> platform(13) subTarget(537395200) extendedPlatform(0)
Refreshing native plugins compatible for Editor in 1.74 ms, found 3 plugins.
Preloading 0 native plugins for Editor in 0.00 ms.
Unloading 2341 Unused Serialized files (Serialized files now loaded: 0)
System memory in use before: 100.5 MB.
System memory in use after: 100.7 MB.

Unloading 94 unused Assets to reduce memory usage. Loaded Objects now: 2739.
Total: 7.558700 ms (FindLiveObjects: 0.726900 ms CreateObjectMapping: 0.305500 ms MarkObjects: 6.420000 ms  DeleteObjects: 0.104000 ms)

AssetImportParameters requested are different than current active one (requested -> active):
  custom:framework-win-MediaFoundation: 216162199b28c13a410421893ffa2e32 -> 
  custom:video-decoder-ogg-theora: a1e56fd34408186e4bbccfd4996cb3dc -> 
  custom:container-muxer-webm: aa71ff27fc2769a1b78a27578f13a17b -> 
  custom:container-demuxer-webm: 4f35f7cbe854078d1ac9338744f61a02 -> 
  custom:container-demuxer-ogg: 62fdf1f143b41e24485cea50d1cbac27 -> 
  custom:video-encoder-webm-vp8: eb34c28f22e8b96e1ab97ce403110664 -> 
  custom:video-decoder-webm-vp8: 9c59270c3fd7afecdb556c50c9e8de78 -> 
  custom:graphics/normal-map-encoding: 01000000000000000000000000000000 -> 02000000000000000000000000000000
  custom:audio-decoder-ogg-vorbis: bf7c407c2cedff20999df2af8eb42d56 -> 
  custom:audio-encoder-webm-vorbis: bf7c407c2cedff20999df2af8eb42d56 -> 
