Using pre-set license
Built from '2020.3/staging' branch; Version is '2020.3.18f1 (a7d1c678663c) revision 10998214'; Using compiler version '192528614'; Build Type 'Release'
OS: 'Windows 10 Home; OS build 19042.1237; Version 2009; 64bit' Language: 'ko' Physical Memory: 32676 MB
BatchMode: 1, IsHumanControllingUs: 0, StartBugReporterOnCrash: 0, Is64bit: 1, IsPro: 0

COMMAND LINE ARGUMENTS:
D:\Unity\2020.3.18f1\Editor\Unity.exe
-adb2
-batchMode
-noUpm
-name
AssetImportWorker0
-projectPath
D:/UnityProject/Luxa_Unity
-logFile
Logs/AssetImportWorker0.log
-srvPort
58085
Successfully changed project path to: D:/UnityProject/Luxa_Unity
D:/UnityProject/Luxa_Unity
Using Asset Import Pipeline V2.
Refreshing native plugins compatible for Editor in 170.97 ms, found 3 plugins.
Preloading 0 native plugins for Editor in 0.00 ms.
Initialize engine version: 2020.3.18f1 (a7d1c678663c)
[Subsystems] Discovering subsystems at path D:/Unity/2020.3.18f1/Editor/Data/Resources/UnitySubsystems
[Subsystems] Discovering subsystems at path D:/UnityProject/Luxa_Unity/Assets
GfxDevice: creating device client; threaded=0
Direct3D:
    Version:  Direct3D 11.0 [level 11.1]
    Renderer: NVIDIA GeForce GTX 970M (ID=0x13d8)
    Vendor:   
    VRAM:     3040 MB
    Driver:   22.21.13.8205
Initialize mono
Mono path[0] = 'D:/Unity/2020.3.18f1/Editor/Data/Managed'
Mono path[1] = 'D:/Unity/2020.3.18f1/Editor/Data/MonoBleedingEdge/lib/mono/unityjit'
Mono config path = 'D:/Unity/2020.3.18f1/Editor/Data/MonoBleedingEdge/etc'
Using monoOptions --debugger-agent=transport=dt_socket,embedding=1,server=y,suspend=n,address=127.0.0.1:56648
Begin MonoManager ReloadAssembly
Registering precompiled unity dll's ...
Register platform support module: D:/Unity/2020.3.18f1/Editor/Data/PlaybackEngines/WindowsStandaloneSupport/UnityEditor.WindowsStandalone.Extensions.dll
Registered in 0.002341 seconds.
Native extension for WindowsStandalone target not found
Refreshing native plugins compatible for Editor in 152.96 ms, found 3 plugins.
Preloading 0 native plugins for Editor in 0.00 ms.
Mono: successfully reloaded assembly
- Completed reload, in  6.468 seconds
Domain Reload Profiling:
	ReloadAssembly (6469ms)
		BeginReloadAssembly (128ms)
			ExecutionOrderSort (0ms)
			DisableScriptedObjects (0ms)
			BackupInstance (0ms)
			ReleaseScriptingObjects (0ms)
			CreateAndSetChildDomain (1ms)
		EndReloadAssembly (1058ms)
			LoadAssemblies (128ms)
			RebuildTransferFunctionScriptingTraits (0ms)
			SetupTypeCache (257ms)
			ReleaseScriptCaches (0ms)
			RebuildScriptCaches (120ms)
			SetupLoadedEditorAssemblies (431ms)
				LogAssemblyErrors (0ms)
				InitializePlatformSupportModulesInManaged (9ms)
				SetLoadedEditorAssemblies (1ms)
				RefreshPlugins (153ms)
				BeforeProcessingInitializeOnLoad (40ms)
				ProcessInitializeOnLoadAttributes (177ms)
				ProcessInitializeOnLoadMethodAttributes (51ms)
				AfterProcessingInitializeOnLoad (0ms)
				EditorAssembliesLoaded (0ms)
			ExecutionOrderSort2 (0ms)
			AwakeInstancesAfterBackupRestoration (0ms)
Platform modules already initialized, skipping
Registering precompiled user dll's ...
Registered in 0.030611 seconds.
Begin MonoManager ReloadAssembly
Native extension for WindowsStandalone target not found
Refreshing native plugins compatible for Editor in 148.89 ms, found 3 plugins.
Preloading 0 native plugins for Editor in 0.00 ms.
GPGSUpgrader start
0x00007ff648d548bc (Unity) StackWalker::GetCurrentCallstack
0x00007ff648d5cf59 (Unity) StackWalker::ShowCallstack
0x00007ff64a27be7c (Unity) GetStacktrace
0x00007ff64b3a87c3 (Unity) DebugStringToFile
0x00007ff648dff4c6 (Unity) DebugLogHandler_CUSTOM_Internal_Log
0x0000022c92af2f3b (Mono JIT Code) (wrapper managed-to-native) UnityEngine.DebugLogHandler:Internal_Log (UnityEngine.LogType,UnityEngine.LogOption,string,UnityEngine.Object)
0x0000022c92af2b4b (Mono JIT Code) UnityEngine.DebugLogHandler:LogFormat (UnityEngine.LogType,UnityEngine.Object,string,object[])
0x0000022c92af206e (Mono JIT Code) UnityEngine.Logger:Log (UnityEngine.LogType,object)
0x0000022c92af158d (Mono JIT Code) UnityEngine.Debug:Log (object)
0x0000022c92af0163 (Mono JIT Code) [GPGSUpgrader.cs:38] GooglePlayGames.Editor.GPGSUpgrader:.cctor () 
0x0000022c92af10f5 (Mono JIT Code) (wrapper runtime-invoke) object:runtime_invoke_void (object,intptr,intptr,intptr)
0x00007ffdb372e660 (mono-2.0-bdwgc) [mini-runtime.c:2816] mono_jit_runtime_invoke 
0x00007ffdb36b2ae2 (mono-2.0-bdwgc) [object.c:2921] do_runtime_invoke 
0x00007ffdb36bb1fc (mono-2.0-bdwgc) [object.c:477] mono_runtime_class_init_full 
0x00007ffdb3668d5e (mono-2.0-bdwgc) [icall.c:990] ves_icall_System_Runtime_CompilerServices_RuntimeHelpers_RunClassConstructor 
0x0000022c9297e7d7 (Mono JIT Code) (wrapper managed-to-native) System.Runtime.CompilerServices.RuntimeHelpers:RunClassConstructor (intptr)
0x0000022c9297e6ab (Mono JIT Code) System.Runtime.CompilerServices.RuntimeHelpers:RunClassConstructor (System.RuntimeTypeHandle)
0x0000022c9297d95b (Mono JIT Code) UnityEditor.EditorAssemblies:ProcessInitializeOnLoadAttributes (System.Type[])
0x0000022c8e943fdb (Mono JIT Code) (wrapper runtime-invoke) <Module>:runtime_invoke_void_object (object,intptr,intptr,intptr)
0x00007ffdb372e660 (mono-2.0-bdwgc) [mini-runtime.c:2816] mono_jit_runtime_invoke 
0x00007ffdb36b2ae2 (mono-2.0-bdwgc) [object.c:2921] do_runtime_invoke 
0x00007ffdb36bbb3f (mono-2.0-bdwgc) [object.c:2968] mono_runtime_invoke 
0x00007ff648bdc0e4 (Unity) scripting_method_invoke
0x00007ff648bd4a35 (Unity) ScriptingInvocation::Invoke
0x00007ff648bcd525 (Unity) ScriptingInvocation::Invoke<void>
0x00007ff64721c11b (Unity) Scripting::UnityEditor::EditorAssembliesProxy::ProcessInitializeOnLoadAttributes
0x00007ff648b8c715 (Unity) MonoManager::SetupLoadedEditorAssemblies
0x00007ff648b83801 (Unity) MonoManager::EndReloadAssembly
0x00007ff648b8a771 (Unity) MonoManager::ReloadAssembly
0x00007ff649f767a1 (Unity) LoadDomainAndUserAssemblies
0x00007ff649f76c4e (Unity) LoadUserAssemblies
0x00007ff6498e1591 (Unity) Application::InitializeProject
0x00007ff64a2893e2 (Unity) WinMain
0x00007ff64c0dbf46 (Unity) __scrt_common_main_seh
0x00007ffdfcfc7034 (KERNEL32) BaseThreadInitThunk
0x00007ffdfdd02651 (ntdll) RtlUserThreadStart

GPGSUpgrader done
0x00007ff648d548bc (Unity) StackWalker::GetCurrentCallstack
0x00007ff648d5cf59 (Unity) StackWalker::ShowCallstack
0x00007ff64a27be7c (Unity) GetStacktrace
0x00007ff64b3a87c3 (Unity) DebugStringToFile
0x00007ff648dff4c6 (Unity) DebugLogHandler_CUSTOM_Internal_Log
0x0000022c92af2f3b (Mono JIT Code) (wrapper managed-to-native) UnityEngine.DebugLogHandler:Internal_Log (UnityEngine.LogType,UnityEngine.LogOption,string,UnityEngine.Object)
0x0000022c92af2b4b (Mono JIT Code) UnityEngine.DebugLogHandler:LogFormat (UnityEngine.LogType,UnityEngine.Object,string,object[])
0x0000022c92af206e (Mono JIT Code) UnityEngine.Logger:Log (UnityEngine.LogType,object)
0x0000022c92af158d (Mono JIT Code) UnityEngine.Debug:Log (object)
0x0000022c92af0d9b (Mono JIT Code) [GPGSUpgrader.cs:105] GooglePlayGames.Editor.GPGSUpgrader:.cctor () 
0x0000022c92af10f5 (Mono JIT Code) (wrapper runtime-invoke) object:runtime_invoke_void (object,intptr,intptr,intptr)
0x00007ffdb372e660 (mono-2.0-bdwgc) [mini-runtime.c:2816] mono_jit_runtime_invoke 
0x00007ffdb36b2ae2 (mono-2.0-bdwgc) [object.c:2921] do_runtime_invoke 
0x00007ffdb36bb1fc (mono-2.0-bdwgc) [object.c:477] mono_runtime_class_init_full 
0x00007ffdb3668d5e (mono-2.0-bdwgc) [icall.c:990] ves_icall_System_Runtime_CompilerServices_RuntimeHelpers_RunClassConstructor 
0x0000022c9297e7d7 (Mono JIT Code) (wrapper managed-to-native) System.Runtime.CompilerServices.RuntimeHelpers:RunClassConstructor (intptr)
0x0000022c9297e6ab (Mono JIT Code) System.Runtime.CompilerServices.RuntimeHelpers:RunClassConstructor (System.RuntimeTypeHandle)
0x0000022c9297d95b (Mono JIT Code) UnityEditor.EditorAssemblies:ProcessInitializeOnLoadAttributes (System.Type[])
0x0000022c8e943fdb (Mono JIT Code) (wrapper runtime-invoke) <Module>:runtime_invoke_void_object (object,intptr,intptr,intptr)
0x00007ffdb372e660 (mono-2.0-bdwgc) [mini-runtime.c:2816] mono_jit_runtime_invoke 
0x00007ffdb36b2ae2 (mono-2.0-bdwgc) [object.c:2921] do_runtime_invoke 
0x00007ffdb36bbb3f (mono-2.0-bdwgc) [object.c:2968] mono_runtime_invoke 
0x00007ff648bdc0e4 (Unity) scripting_method_invoke
0x00007ff648bd4a35 (Unity) ScriptingInvocation::Invoke
0x00007ff648bcd525 (Unity) ScriptingInvocation::Invoke<void>
0x00007ff64721c11b (Unity) Scripting::UnityEditor::EditorAssembliesProxy::ProcessInitializeOnLoadAttributes
0x00007ff648b8c715 (Unity) MonoManager::SetupLoadedEditorAssemblies
0x00007ff648b83801 (Unity) MonoManager::EndReloadAssembly
0x00007ff648b8a771 (Unity) MonoManager::ReloadAssembly
0x00007ff649f767a1 (Unity) LoadDomainAndUserAssemblies
0x00007ff649f76c4e (Unity) LoadUserAssemblies
0x00007ff6498e1591 (Unity) Application::InitializeProject
0x00007ff64a2893e2 (Unity) WinMain
0x00007ff64c0dbf46 (Unity) __scrt_common_main_seh
0x00007ffdfcfc7034 (KERNEL32) BaseThreadInitThunk
0x00007ffdfdd02651 (ntdll) RtlUserThreadStart

Mono: successfully reloaded assembly
- Completed reload, in  4.620 seconds
Domain Reload Profiling:
	ReloadAssembly (4622ms)
		BeginReloadAssembly (405ms)
			ExecutionOrderSort (0ms)
			DisableScriptedObjects (18ms)
			BackupInstance (0ms)
			ReleaseScriptingObjects (0ms)
			CreateAndSetChildDomain (34ms)
		EndReloadAssembly (4113ms)
			LoadAssemblies (327ms)
			RebuildTransferFunctionScriptingTraits (0ms)
			SetupTypeCache (772ms)
			ReleaseScriptCaches (1ms)
			RebuildScriptCaches (96ms)
			SetupLoadedEditorAssemblies (2439ms)
				LogAssemblyErrors (0ms)
				InitializePlatformSupportModulesInManaged (21ms)
				SetLoadedEditorAssemblies (1ms)
				RefreshPlugins (149ms)
				BeforeProcessingInitializeOnLoad (234ms)
				ProcessInitializeOnLoadAttributes (2013ms)
				ProcessInitializeOnLoadMethodAttributes (17ms)
				AfterProcessingInitializeOnLoad (4ms)
				EditorAssembliesLoaded (0ms)
			ExecutionOrderSort2 (0ms)
			AwakeInstancesAfterBackupRestoration (8ms)
Platform modules already initialized, skipping
========================================================================
Worker process is ready to serve import requests
Launched and connected shader compiler UnityShaderCompiler.exe after 0.29 seconds
Refreshing native plugins compatible for Editor in 1.19 ms, found 3 plugins.
Preloading 0 native plugins for Editor in 0.00 ms.
Unloading 2348 Unused Serialized files (Serialized files now loaded: 0)
System memory in use before: 100.7 MB.
System memory in use after: 100.8 MB.

Unloading 106 unused Assets to reduce memory usage. Loaded Objects now: 2721.
Total: 4.874100 ms (FindLiveObjects: 0.267000 ms CreateObjectMapping: 0.112100 ms MarkObjects: 4.385800 ms  DeleteObjects: 0.108100 ms)

AssetImportParameters requested are different than current active one (requested -> active):
  custom:framework-win-MediaFoundation: 216162199b28c13a410421893ffa2e32 -> 
  custom:video-decoder-ogg-theora: a1e56fd34408186e4bbccfd4996cb3dc -> 
  custom:container-muxer-webm: aa71ff27fc2769a1b78a27578f13a17b -> 
  custom:container-demuxer-webm: 4f35f7cbe854078d1ac9338744f61a02 -> 
  custom:container-demuxer-ogg: 62fdf1f143b41e24485cea50d1cbac27 -> 
  custom:video-encoder-webm-vp8: eb34c28f22e8b96e1ab97ce403110664 -> 
  custom:video-decoder-webm-vp8: 9c59270c3fd7afecdb556c50c9e8de78 -> 
  custom:audio-decoder-ogg-vorbis: bf7c407c2cedff20999df2af8eb42d56 -> 
  custom:audio-encoder-webm-vorbis: bf7c407c2cedff20999df2af8eb42d56 -> 
========================================================================
Received Prepare
Registering precompiled user dll's ...
Registered in 0.018276 seconds.
Begin MonoManager ReloadAssembly
Native extension for WindowsStandalone target not found
Refreshing native plugins compatible for Editor in 2.32 ms, found 3 plugins.
Preloading 0 native plugins for Editor in 0.00 ms.
GPGSUpgrader start
0x00007ff648d548bc (Unity) StackWalker::GetCurrentCallstack
0x00007ff648d5cf59 (Unity) StackWalker::ShowCallstack
0x00007ff64a27be7c (Unity) GetStacktrace
0x00007ff64b3a87c3 (Unity) DebugStringToFile
0x00007ff648dff4c6 (Unity) DebugLogHandler_CUSTOM_Internal_Log
0x0000022c92a016fb (Mono JIT Code) (wrapper managed-to-native) UnityEngine.DebugLogHandler:Internal_Log (UnityEngine.LogType,UnityEngine.LogOption,string,UnityEngine.Object)
0x0000022c92a0130b (Mono JIT Code) UnityEngine.DebugLogHandler:LogFormat (UnityEngine.LogType,UnityEngine.Object,string,object[])
0x0000022c929afe3e (Mono JIT Code) UnityEngine.Logger:Log (UnityEngine.LogType,object)
0x0000022c929bf97d (Mono JIT Code) UnityEngine.Debug:Log (object)
0x0000022c929be553 (Mono JIT Code) [GPGSUpgrader.cs:38] GooglePlayGames.Editor.GPGSUpgrader:.cctor () 
0x0000022c929bf4e5 (Mono JIT Code) (wrapper runtime-invoke) object:runtime_invoke_void (object,intptr,intptr,intptr)
0x00007ffdb372e660 (mono-2.0-bdwgc) [mini-runtime.c:2816] mono_jit_runtime_invoke 
0x00007ffdb36b2ae2 (mono-2.0-bdwgc) [object.c:2921] do_runtime_invoke 
0x00007ffdb36bb1fc (mono-2.0-bdwgc) [object.c:477] mono_runtime_class_init_full 
0x00007ffdb3668d5e (mono-2.0-bdwgc) [icall.c:990] ves_icall_System_Runtime_CompilerServices_RuntimeHelpers_RunClassConstructor 
0x0000022c8f9d3d67 (Mono JIT Code) (wrapper managed-to-native) System.Runtime.CompilerServices.RuntimeHelpers:RunClassConstructor (intptr)
0x0000022c8f9d3c3b (Mono JIT Code) System.Runtime.CompilerServices.RuntimeHelpers:RunClassConstructor (System.RuntimeTypeHandle)
0x0000022c8f9d2eeb (Mono JIT Code) UnityEditor.EditorAssemblies:ProcessInitializeOnLoadAttributes (System.Type[])
0x0000022c92ab3fdb (Mono JIT Code) (wrapper runtime-invoke) <Module>:runtime_invoke_void_object (object,intptr,intptr,intptr)
0x00007ffdb372e660 (mono-2.0-bdwgc) [mini-runtime.c:2816] mono_jit_runtime_invoke 
0x00007ffdb36b2ae2 (mono-2.0-bdwgc) [object.c:2921] do_runtime_invoke 
0x00007ffdb36bbb3f (mono-2.0-bdwgc) [object.c:2968] mono_runtime_invoke 
0x00007ff648bdc0e4 (Unity) scripting_method_invoke
0x00007ff648bd4a35 (Unity) ScriptingInvocation::Invoke
0x00007ff648bcd525 (Unity) ScriptingInvocation::Invoke<void>
0x00007ff64721c11b (Unity) Scripting::UnityEditor::EditorAssembliesProxy::ProcessInitializeOnLoadAttributes
0x00007ff648b8c715 (Unity) MonoManager::SetupLoadedEditorAssemblies
0x00007ff648b83801 (Unity) MonoManager::EndReloadAssembly
0x00007ff648b8a771 (Unity) MonoManager::ReloadAssembly
0x00007ff649f767a1 (Unity) LoadDomainAndUserAssemblies
0x00007ff649f76c4e (Unity) LoadUserAssemblies
0x00007ff64a3edab8 (Unity) <lambda_d5cd3abeeb3ed75489242b6b28c1fa53>::operator()
0x00007ff64a491612 (Unity) asio::detail::completion_handler<core::mutable_function<void __cdecl(void)> >::do_complete
0x00007ff64a493770 (Unity) asio::detail::win_iocp_io_service::do_one
0x00007ff64a496efe (Unity) asio::io_service::run
0x00007ff64a41a13b (Unity) RunAssetImportWorkerClientV2
0x00007ff64a41a190 (Unity) RunAssetImporterV2
0x00007ff6498e1596 (Unity) Application::InitializeProject
0x00007ff64a2893e2 (Unity) WinMain
0x00007ff64c0dbf46 (Unity) __scrt_common_main_seh
0x00007ffdfcfc7034 (KERNEL32) BaseThreadInitThunk
0x00007ffdfdd02651 (ntdll) RtlUserThreadStart

GPGSUpgrader done
0x00007ff648d548bc (Unity) StackWalker::GetCurrentCallstack
0x00007ff648d5cf59 (Unity) StackWalker::ShowCallstack
0x00007ff64a27be7c (Unity) GetStacktrace
0x00007ff64b3a87c3 (Unity) DebugStringToFile
0x00007ff648dff4c6 (Unity) DebugLogHandler_CUSTOM_Internal_Log
0x0000022c92a016fb (Mono JIT Code) (wrapper managed-to-native) UnityEngine.DebugLogHandler:Internal_Log (UnityEngine.LogType,UnityEngine.LogOption,string,UnityEngine.Object)
0x0000022c92a0130b (Mono JIT Code) UnityEngine.DebugLogHandler:LogFormat (UnityEngine.LogType,UnityEngine.Object,string,object[])
0x0000022c929afe3e (Mono JIT Code) UnityEngine.Logger:Log (UnityEngine.LogType,object)
0x0000022c929bf97d (Mono JIT Code) UnityEngine.Debug:Log (object)
0x0000022c929bf18b (Mono JIT Code) [GPGSUpgrader.cs:105] GooglePlayGames.Editor.GPGSUpgrader:.cctor () 
0x0000022c929bf4e5 (Mono JIT Code) (wrapper runtime-invoke) object:runtime_invoke_void (object,intptr,intptr,intptr)
0x00007ffdb372e660 (mono-2.0-bdwgc) [mini-runtime.c:2816] mono_jit_runtime_invoke 
0x00007ffdb36b2ae2 (mono-2.0-bdwgc) [object.c:2921] do_runtime_invoke 
0x00007ffdb36bb1fc (mono-2.0-bdwgc) [object.c:477] mono_runtime_class_init_full 
0x00007ffdb3668d5e (mono-2.0-bdwgc) [icall.c:990] ves_icall_System_Runtime_CompilerServices_RuntimeHelpers_RunClassConstructor 
0x0000022c8f9d3d67 (Mono JIT Code) (wrapper managed-to-native) System.Runtime.CompilerServices.RuntimeHelpers:RunClassConstructor (intptr)
0x0000022c8f9d3c3b (Mono JIT Code) System.Runtime.CompilerServices.RuntimeHelpers:RunClassConstructor (System.RuntimeTypeHandle)
0x0000022c8f9d2eeb (Mono JIT Code) UnityEditor.EditorAssemblies:ProcessInitializeOnLoadAttributes (System.Type[])
0x0000022c92ab3fdb (Mono JIT Code) (wrapper runtime-invoke) <Module>:runtime_invoke_void_object (object,intptr,intptr,intptr)
0x00007ffdb372e660 (mono-2.0-bdwgc) [mini-runtime.c:2816] mono_jit_runtime_invoke 
0x00007ffdb36b2ae2 (mono-2.0-bdwgc) [object.c:2921] do_runtime_invoke 
0x00007ffdb36bbb3f (mono-2.0-bdwgc) [object.c:2968] mono_runtime_invoke 
0x00007ff648bdc0e4 (Unity) scripting_method_invoke
0x00007ff648bd4a35 (Unity) ScriptingInvocation::Invoke
0x00007ff648bcd525 (Unity) ScriptingInvocation::Invoke<void>
0x00007ff64721c11b (Unity) Scripting::UnityEditor::EditorAssembliesProxy::ProcessInitializeOnLoadAttributes
0x00007ff648b8c715 (Unity) MonoManager::SetupLoadedEditorAssemblies
0x00007ff648b83801 (Unity) MonoManager::EndReloadAssembly
0x00007ff648b8a771 (Unity) MonoManager::ReloadAssembly
0x00007ff649f767a1 (Unity) LoadDomainAndUserAssemblies
0x00007ff649f76c4e (Unity) LoadUserAssemblies
0x00007ff64a3edab8 (Unity) <lambda_d5cd3abeeb3ed75489242b6b28c1fa53>::operator()
0x00007ff64a491612 (Unity) asio::detail::completion_handler<core::mutable_function<void __cdecl(void)> >::do_complete
0x00007ff64a493770 (Unity) asio::detail::win_iocp_io_service::do_one
0x00007ff64a496efe (Unity) asio::io_service::run
0x00007ff64a41a13b (Unity) RunAssetImportWorkerClientV2
0x00007ff64a41a190 (Unity) RunAssetImporterV2
0x00007ff6498e1596 (Unity) Application::InitializeProject
0x00007ff64a2893e2 (Unity) WinMain
0x00007ff64c0dbf46 (Unity) __scrt_common_main_seh
0x00007ffdfcfc7034 (KERNEL32) BaseThreadInitThunk
0x00007ffdfdd02651 (ntdll) RtlUserThreadStart

Mono: successfully reloaded assembly
- Completed reload, in  3.736 seconds
Domain Reload Profiling:
	ReloadAssembly (3738ms)
		BeginReloadAssembly (446ms)
			ExecutionOrderSort (0ms)
			DisableScriptedObjects (30ms)
			BackupInstance (0ms)
			ReleaseScriptingObjects (0ms)
			CreateAndSetChildDomain (128ms)
		EndReloadAssembly (3155ms)
			LoadAssemblies (359ms)
			RebuildTransferFunctionScriptingTraits (0ms)
			SetupTypeCache (812ms)
			ReleaseScriptCaches (2ms)
			RebuildScriptCaches (173ms)
			SetupLoadedEditorAssemblies (1451ms)
				LogAssemblyErrors (0ms)
				InitializePlatformSupportModulesInManaged (17ms)
				SetLoadedEditorAssemblies (1ms)
				RefreshPlugins (2ms)
				BeforeProcessingInitializeOnLoad (261ms)
				ProcessInitializeOnLoadAttributes (1130ms)
				ProcessInitializeOnLoadMethodAttributes (26ms)
				AfterProcessingInitializeOnLoad (13ms)
				EditorAssembliesLoaded (1ms)
			ExecutionOrderSort2 (0ms)
			AwakeInstancesAfterBackupRestoration (42ms)
Platform modules already initialized, skipping
Switching build target platform(19) subTarget(0) extendedPlatform(0) -> platform(13) subTarget(537395200) extendedPlatform(0)
Refreshing native plugins compatible for Editor in 2.00 ms, found 3 plugins.
Preloading 0 native plugins for Editor in 0.00 ms.
Unloading 2341 Unused Serialized files (Serialized files now loaded: 0)
System memory in use before: 100.3 MB.
System memory in use after: 100.5 MB.

Unloading 94 unused Assets to reduce memory usage. Loaded Objects now: 2724.
Total: 5.566900 ms (FindLiveObjects: 0.280100 ms CreateObjectMapping: 0.206500 ms MarkObjects: 4.995000 ms  DeleteObjects: 0.083700 ms)

AssetImportParameters requested are different than current active one (requested -> active):
  custom:framework-win-MediaFoundation: 216162199b28c13a410421893ffa2e32 -> 
  custom:video-decoder-ogg-theora: a1e56fd34408186e4bbccfd4996cb3dc -> 
  custom:container-muxer-webm: aa71ff27fc2769a1b78a27578f13a17b -> 
  custom:container-demuxer-webm: 4f35f7cbe854078d1ac9338744f61a02 -> 
  custom:container-demuxer-ogg: 62fdf1f143b41e24485cea50d1cbac27 -> 
  custom:video-encoder-webm-vp8: eb34c28f22e8b96e1ab97ce403110664 -> 
  custom:video-decoder-webm-vp8: 9c59270c3fd7afecdb556c50c9e8de78 -> 
  custom:graphics/normal-map-encoding: 01000000000000000000000000000000 -> 02000000000000000000000000000000
  custom:audio-decoder-ogg-vorbis: bf7c407c2cedff20999df2af8eb42d56 -> 
  custom:audio-encoder-webm-vorbis: bf7c407c2cedff20999df2af8eb42d56 -> 
========================================================================
Received Prepare
Registering precompiled user dll's ...
Registered in 0.045667 seconds.
Begin MonoManager ReloadAssembly
Native extension for WindowsStandalone target not found
Refreshing native plugins compatible for Editor in 2.14 ms, found 3 plugins.
Preloading 0 native plugins for Editor in 0.00 ms.
GPGSUpgrader start
0x00007ff648d548bc (Unity) StackWalker::GetCurrentCallstack
0x00007ff648d5cf59 (Unity) StackWalker::ShowCallstack
0x00007ff64a27be7c (Unity) GetStacktrace
0x00007ff64b3a87c3 (Unity) DebugStringToFile
0x00007ff648dff4c6 (Unity) DebugLogHandler_CUSTOM_Internal_Log
0x0000022c92ab09ab (Mono JIT Code) (wrapper managed-to-native) UnityEngine.DebugLogHandler:Internal_Log (UnityEngine.LogType,UnityEngine.LogOption,string,UnityEngine.Object)
0x0000022c92a4ff9b (Mono JIT Code) UnityEngine.DebugLogHandler:LogFormat (UnityEngine.LogType,UnityEngine.Object,string,object[])
0x0000022c92a4f0de (Mono JIT Code) UnityEngine.Logger:Log (UnityEngine.LogType,object)
0x0000022c92a7f86d (Mono JIT Code) UnityEngine.Debug:Log (object)
0x0000022c92a7e443 (Mono JIT Code) [GPGSUpgrader.cs:38] GooglePlayGames.Editor.GPGSUpgrader:.cctor () 
0x0000022c92a7f3d5 (Mono JIT Code) (wrapper runtime-invoke) object:runtime_invoke_void (object,intptr,intptr,intptr)
0x00007ffdb372e660 (mono-2.0-bdwgc) [mini-runtime.c:2816] mono_jit_runtime_invoke 
0x00007ffdb36b2ae2 (mono-2.0-bdwgc) [object.c:2921] do_runtime_invoke 
0x00007ffdb36bb1fc (mono-2.0-bdwgc) [object.c:477] mono_runtime_class_init_full 
0x00007ffdb3668d5e (mono-2.0-bdwgc) [icall.c:990] ves_icall_System_Runtime_CompilerServices_RuntimeHelpers_RunClassConstructor 
0x0000022c8f9b36e7 (Mono JIT Code) (wrapper managed-to-native) System.Runtime.CompilerServices.RuntimeHelpers:RunClassConstructor (intptr)
0x0000022c8f9b35bb (Mono JIT Code) System.Runtime.CompilerServices.RuntimeHelpers:RunClassConstructor (System.RuntimeTypeHandle)
0x0000022c8f9b286b (Mono JIT Code) UnityEditor.EditorAssemblies:ProcessInitializeOnLoadAttributes (System.Type[])
0x0000022c92963fdb (Mono JIT Code) (wrapper runtime-invoke) <Module>:runtime_invoke_void_object (object,intptr,intptr,intptr)
0x00007ffdb372e660 (mono-2.0-bdwgc) [mini-runtime.c:2816] mono_jit_runtime_invoke 
0x00007ffdb36b2ae2 (mono-2.0-bdwgc) [object.c:2921] do_runtime_invoke 
0x00007ffdb36bbb3f (mono-2.0-bdwgc) [object.c:2968] mono_runtime_invoke 
0x00007ff648bdc0e4 (Unity) scripting_method_invoke
0x00007ff648bd4a35 (Unity) ScriptingInvocation::Invoke
0x00007ff648bcd525 (Unity) ScriptingInvocation::Invoke<void>
0x00007ff64721c11b (Unity) Scripting::UnityEditor::EditorAssembliesProxy::ProcessInitializeOnLoadAttributes
0x00007ff648b8c715 (Unity) MonoManager::SetupLoadedEditorAssemblies
0x00007ff648b83801 (Unity) MonoManager::EndReloadAssembly
0x00007ff648b8a771 (Unity) MonoManager::ReloadAssembly
0x00007ff649f767a1 (Unity) LoadDomainAndUserAssemblies
0x00007ff649f76c4e (Unity) LoadUserAssemblies
0x00007ff64a3edab8 (Unity) <lambda_d5cd3abeeb3ed75489242b6b28c1fa53>::operator()
0x00007ff64a491612 (Unity) asio::detail::completion_handler<core::mutable_function<void __cdecl(void)> >::do_complete
0x00007ff64a493770 (Unity) asio::detail::win_iocp_io_service::do_one
0x00007ff64a496efe (Unity) asio::io_service::run
0x00007ff64a41a13b (Unity) RunAssetImportWorkerClientV2
0x00007ff64a41a190 (Unity) RunAssetImporterV2
0x00007ff6498e1596 (Unity) Application::InitializeProject
0x00007ff64a2893e2 (Unity) WinMain
0x00007ff64c0dbf46 (Unity) __scrt_common_main_seh
0x00007ffdfcfc7034 (KERNEL32) BaseThreadInitThunk
0x00007ffdfdd02651 (ntdll) RtlUserThreadStart

GPGSUpgrader done
0x00007ff648d548bc (Unity) StackWalker::GetCurrentCallstack
0x00007ff648d5cf59 (Unity) StackWalker::ShowCallstack
0x00007ff64a27be7c (Unity) GetStacktrace
0x00007ff64b3a87c3 (Unity) DebugStringToFile
0x00007ff648dff4c6 (Unity) DebugLogHandler_CUSTOM_Internal_Log
0x0000022c92ab09ab (Mono JIT Code) (wrapper managed-to-native) UnityEngine.DebugLogHandler:Internal_Log (UnityEngine.LogType,UnityEngine.LogOption,string,UnityEngine.Object)
0x0000022c92a4ff9b (Mono JIT Code) UnityEngine.DebugLogHandler:LogFormat (UnityEngine.LogType,UnityEngine.Object,string,object[])
0x0000022c92a4f0de (Mono JIT Code) UnityEngine.Logger:Log (UnityEngine.LogType,object)
0x0000022c92a7f86d (Mono JIT Code) UnityEngine.Debug:Log (object)
0x0000022c92a7f07b (Mono JIT Code) [GPGSUpgrader.cs:105] GooglePlayGames.Editor.GPGSUpgrader:.cctor () 
0x0000022c92a7f3d5 (Mono JIT Code) (wrapper runtime-invoke) object:runtime_invoke_void (object,intptr,intptr,intptr)
0x00007ffdb372e660 (mono-2.0-bdwgc) [mini-runtime.c:2816] mono_jit_runtime_invoke 
0x00007ffdb36b2ae2 (mono-2.0-bdwgc) [object.c:2921] do_runtime_invoke 
0x00007ffdb36bb1fc (mono-2.0-bdwgc) [object.c:477] mono_runtime_class_init_full 
0x00007ffdb3668d5e (mono-2.0-bdwgc) [icall.c:990] ves_icall_System_Runtime_CompilerServices_RuntimeHelpers_RunClassConstructor 
0x0000022c8f9b36e7 (Mono JIT Code) (wrapper managed-to-native) System.Runtime.CompilerServices.RuntimeHelpers:RunClassConstructor (intptr)
0x0000022c8f9b35bb (Mono JIT Code) System.Runtime.CompilerServices.RuntimeHelpers:RunClassConstructor (System.RuntimeTypeHandle)
0x0000022c8f9b286b (Mono JIT Code) UnityEditor.EditorAssemblies:ProcessInitializeOnLoadAttributes (System.Type[])
0x0000022c92963fdb (Mono JIT Code) (wrapper runtime-invoke) <Module>:runtime_invoke_void_object (object,intptr,intptr,intptr)
0x00007ffdb372e660 (mono-2.0-bdwgc) [mini-runtime.c:2816] mono_jit_runtime_invoke 
0x00007ffdb36b2ae2 (mono-2.0-bdwgc) [object.c:2921] do_runtime_invoke 
0x00007ffdb36bbb3f (mono-2.0-bdwgc) [object.c:2968] mono_runtime_invoke 
0x00007ff648bdc0e4 (Unity) scripting_method_invoke
0x00007ff648bd4a35 (Unity) ScriptingInvocation::Invoke
0x00007ff648bcd525 (Unity) ScriptingInvocation::Invoke<void>
0x00007ff64721c11b (Unity) Scripting::UnityEditor::EditorAssembliesProxy::ProcessInitializeOnLoadAttributes
0x00007ff648b8c715 (Unity) MonoManager::SetupLoadedEditorAssemblies
0x00007ff648b83801 (Unity) MonoManager::EndReloadAssembly
0x00007ff648b8a771 (Unity) MonoManager::ReloadAssembly
0x00007ff649f767a1 (Unity) LoadDomainAndUserAssemblies
0x00007ff649f76c4e (Unity) LoadUserAssemblies
0x00007ff64a3edab8 (Unity) <lambda_d5cd3abeeb3ed75489242b6b28c1fa53>::operator()
0x00007ff64a491612 (Unity) asio::detail::completion_handler<core::mutable_function<void __cdecl(void)> >::do_complete
0x00007ff64a493770 (Unity) asio::detail::win_iocp_io_service::do_one
0x00007ff64a496efe (Unity) asio::io_service::run
0x00007ff64a41a13b (Unity) RunAssetImportWorkerClientV2
0x00007ff64a41a190 (Unity) RunAssetImporterV2
0x00007ff6498e1596 (Unity) Application::InitializeProject
0x00007ff64a2893e2 (Unity) WinMain
0x00007ff64c0dbf46 (Unity) __scrt_common_main_seh
0x00007ffdfcfc7034 (KERNEL32) BaseThreadInitThunk
0x00007ffdfdd02651 (ntdll) RtlUserThreadStart

Mono: successfully reloaded assembly
- Completed reload, in  3.259 seconds
Domain Reload Profiling:
	ReloadAssembly (3260ms)
		BeginReloadAssembly (286ms)
			ExecutionOrderSort (0ms)
			DisableScriptedObjects (16ms)
			BackupInstance (0ms)
			ReleaseScriptingObjects (0ms)
			CreateAndSetChildDomain (63ms)
		EndReloadAssembly (2785ms)
			LoadAssemblies (312ms)
			RebuildTransferFunctionScriptingTraits (0ms)
			SetupTypeCache (799ms)
			ReleaseScriptCaches (3ms)
			RebuildScriptCaches (113ms)
			SetupLoadedEditorAssemblies (1217ms)
				LogAssemblyErrors (0ms)
				InitializePlatformSupportModulesInManaged (18ms)
				SetLoadedEditorAssemblies (1ms)
				RefreshPlugins (2ms)
				BeforeProcessingInitializeOnLoad (314ms)
				ProcessInitializeOnLoadAttributes (846ms)
				ProcessInitializeOnLoadMethodAttributes (23ms)
				AfterProcessingInitializeOnLoad (12ms)
				EditorAssembliesLoaded (1ms)
			ExecutionOrderSort2 (0ms)
			AwakeInstancesAfterBackupRestoration (47ms)
Platform modules already initialized, skipping
Switching build target platform(19) subTarget(0) extendedPlatform(0) -> platform(13) subTarget(537395200) extendedPlatform(0)
Refreshing native plugins compatible for Editor in 2.33 ms, found 3 plugins.
Preloading 0 native plugins for Editor in 0.00 ms.
Unloading 2341 Unused Serialized files (Serialized files now loaded: 0)
System memory in use before: 100.3 MB.
System memory in use after: 100.6 MB.

Unloading 94 unused Assets to reduce memory usage. Loaded Objects now: 2727.
Total: 6.756600 ms (FindLiveObjects: 0.349800 ms CreateObjectMapping: 0.196500 ms MarkObjects: 6.085400 ms  DeleteObjects: 0.123000 ms)

AssetImportParameters requested are different than current active one (requested -> active):
  custom:framework-win-MediaFoundation: 216162199b28c13a410421893ffa2e32 -> 
  custom:video-decoder-ogg-theora: a1e56fd34408186e4bbccfd4996cb3dc -> 
  custom:container-muxer-webm: aa71ff27fc2769a1b78a27578f13a17b -> 
  custom:container-demuxer-webm: 4f35f7cbe854078d1ac9338744f61a02 -> 
  custom:container-demuxer-ogg: 62fdf1f143b41e24485cea50d1cbac27 -> 
  custom:video-encoder-webm-vp8: eb34c28f22e8b96e1ab97ce403110664 -> 
  custom:video-decoder-webm-vp8: 9c59270c3fd7afecdb556c50c9e8de78 -> 
  custom:graphics/normal-map-encoding: 01000000000000000000000000000000 -> 02000000000000000000000000000000
  custom:audio-decoder-ogg-vorbis: bf7c407c2cedff20999df2af8eb42d56 -> 
  custom:audio-encoder-webm-vorbis: bf7c407c2cedff20999df2af8eb42d56 -> 
========================================================================
Received Prepare
Registering precompiled user dll's ...
Registered in 0.034511 seconds.
Begin MonoManager ReloadAssembly
Native extension for WindowsStandalone target not found
Refreshing native plugins compatible for Editor in 4.89 ms, found 3 plugins.
Preloading 0 native plugins for Editor in 0.00 ms.
GPGSUpgrader start
0x00007ff648d548bc (Unity) StackWalker::GetCurrentCallstack
0x00007ff648d5cf59 (Unity) StackWalker::ShowCallstack
0x00007ff64a27be7c (Unity) GetStacktrace
0x00007ff64b3a87c3 (Unity) DebugStringToFile
0x00007ff648dff4c6 (Unity) DebugLogHandler_CUSTOM_Internal_Log
0x0000022c929efd4b (Mono JIT Code) (wrapper managed-to-native) UnityEngine.DebugLogHandler:Internal_Log (UnityEngine.LogType,UnityEngine.LogOption,string,UnityEngine.Object)
0x0000022c929ef95b (Mono JIT Code) UnityEngine.DebugLogHandler:LogFormat (UnityEngine.LogType,UnityEngine.Object,string,object[])
0x0000022c929eee7e (Mono JIT Code) UnityEngine.Logger:Log (UnityEngine.LogType,object)
0x0000022c929ee39d (Mono JIT Code) UnityEngine.Debug:Log (object)
0x0000022c929ecf73 (Mono JIT Code) [GPGSUpgrader.cs:38] GooglePlayGames.Editor.GPGSUpgrader:.cctor () 
0x0000022c929edf05 (Mono JIT Code) (wrapper runtime-invoke) object:runtime_invoke_void (object,intptr,intptr,intptr)
0x00007ffdb372e660 (mono-2.0-bdwgc) [mini-runtime.c:2816] mono_jit_runtime_invoke 
0x00007ffdb36b2ae2 (mono-2.0-bdwgc) [object.c:2921] do_runtime_invoke 
0x00007ffdb36bb1fc (mono-2.0-bdwgc) [object.c:477] mono_runtime_class_init_full 
0x00007ffdb3668d5e (mono-2.0-bdwgc) [icall.c:990] ves_icall_System_Runtime_CompilerServices_RuntimeHelpers_RunClassConstructor 
0x0000022c8f9c36e7 (Mono JIT Code) (wrapper managed-to-native) System.Runtime.CompilerServices.RuntimeHelpers:RunClassConstructor (intptr)
0x0000022c8f9c35bb (Mono JIT Code) System.Runtime.CompilerServices.RuntimeHelpers:RunClassConstructor (System.RuntimeTypeHandle)
0x0000022c8f9c286b (Mono JIT Code) UnityEditor.EditorAssemblies:ProcessInitializeOnLoadAttributes (System.Type[])
0x0000022c8fa83fdb (Mono JIT Code) (wrapper runtime-invoke) <Module>:runtime_invoke_void_object (object,intptr,intptr,intptr)
0x00007ffdb372e660 (mono-2.0-bdwgc) [mini-runtime.c:2816] mono_jit_runtime_invoke 
0x00007ffdb36b2ae2 (mono-2.0-bdwgc) [object.c:2921] do_runtime_invoke 
0x00007ffdb36bbb3f (mono-2.0-bdwgc) [object.c:2968] mono_runtime_invoke 
0x00007ff648bdc0e4 (Unity) scripting_method_invoke
0x00007ff648bd4a35 (Unity) ScriptingInvocation::Invoke
0x00007ff648bcd525 (Unity) ScriptingInvocation::Invoke<void>
0x00007ff64721c11b (Unity) Scripting::UnityEditor::EditorAssembliesProxy::ProcessInitializeOnLoadAttributes
0x00007ff648b8c715 (Unity) MonoManager::SetupLoadedEditorAssemblies
0x00007ff648b83801 (Unity) MonoManager::EndReloadAssembly
0x00007ff648b8a771 (Unity) MonoManager::ReloadAssembly
0x00007ff649f767a1 (Unity) LoadDomainAndUserAssemblies
0x00007ff649f76c4e (Unity) LoadUserAssemblies
0x00007ff64a3edab8 (Unity) <lambda_d5cd3abeeb3ed75489242b6b28c1fa53>::operator()
0x00007ff64a491612 (Unity) asio::detail::completion_handler<core::mutable_function<void __cdecl(void)> >::do_complete
0x00007ff64a493770 (Unity) asio::detail::win_iocp_io_service::do_one
0x00007ff64a496efe (Unity) asio::io_service::run
0x00007ff64a41a13b (Unity) RunAssetImportWorkerClientV2
0x00007ff64a41a190 (Unity) RunAssetImporterV2
0x00007ff6498e1596 (Unity) Application::InitializeProject
0x00007ff64a2893e2 (Unity) WinMain
0x00007ff64c0dbf46 (Unity) __scrt_common_main_seh
0x00007ffdfcfc7034 (KERNEL32) BaseThreadInitThunk
0x00007ffdfdd02651 (ntdll) RtlUserThreadStart

GPGSUpgrader done
0x00007ff648d548bc (Unity) StackWalker::GetCurrentCallstack
0x00007ff648d5cf59 (Unity) StackWalker::ShowCallstack
0x00007ff64a27be7c (Unity) GetStacktrace
0x00007ff64b3a87c3 (Unity) DebugStringToFile
0x00007ff648dff4c6 (Unity) DebugLogHandler_CUSTOM_Internal_Log
0x0000022c929efd4b (Mono JIT Code) (wrapper managed-to-native) UnityEngine.DebugLogHandler:Internal_Log (UnityEngine.LogType,UnityEngine.LogOption,string,UnityEngine.Object)
0x0000022c929ef95b (Mono JIT Code) UnityEngine.DebugLogHandler:LogFormat (UnityEngine.LogType,UnityEngine.Object,string,object[])
0x0000022c929eee7e (Mono JIT Code) UnityEngine.Logger:Log (UnityEngine.LogType,object)
0x0000022c929ee39d (Mono JIT Code) UnityEngine.Debug:Log (object)
0x0000022c929edbab (Mono JIT Code) [GPGSUpgrader.cs:105] GooglePlayGames.Editor.GPGSUpgrader:.cctor () 
0x0000022c929edf05 (Mono JIT Code) (wrapper runtime-invoke) object:runtime_invoke_void (object,intptr,intptr,intptr)
0x00007ffdb372e660 (mono-2.0-bdwgc) [mini-runtime.c:2816] mono_jit_runtime_invoke 
0x00007ffdb36b2ae2 (mono-2.0-bdwgc) [object.c:2921] do_runtime_invoke 
0x00007ffdb36bb1fc (mono-2.0-bdwgc) [object.c:477] mono_runtime_class_init_full 
0x00007ffdb3668d5e (mono-2.0-bdwgc) [icall.c:990] ves_icall_System_Runtime_CompilerServices_RuntimeHelpers_RunClassConstructor 
0x0000022c8f9c36e7 (Mono JIT Code) (wrapper managed-to-native) System.Runtime.CompilerServices.RuntimeHelpers:RunClassConstructor (intptr)
0x0000022c8f9c35bb (Mono JIT Code) System.Runtime.CompilerServices.RuntimeHelpers:RunClassConstructor (System.RuntimeTypeHandle)
0x0000022c8f9c286b (Mono JIT Code) UnityEditor.EditorAssemblies:ProcessInitializeOnLoadAttributes (System.Type[])
0x0000022c8fa83fdb (Mono JIT Code) (wrapper runtime-invoke) <Module>:runtime_invoke_void_object (object,intptr,intptr,intptr)
0x00007ffdb372e660 (mono-2.0-bdwgc) [mini-runtime.c:2816] mono_jit_runtime_invoke 
0x00007ffdb36b2ae2 (mono-2.0-bdwgc) [object.c:2921] do_runtime_invoke 
0x00007ffdb36bbb3f (mono-2.0-bdwgc) [object.c:2968] mono_runtime_invoke 
0x00007ff648bdc0e4 (Unity) scripting_method_invoke
0x00007ff648bd4a35 (Unity) ScriptingInvocation::Invoke
0x00007ff648bcd525 (Unity) ScriptingInvocation::Invoke<void>
0x00007ff64721c11b (Unity) Scripting::UnityEditor::EditorAssembliesProxy::ProcessInitializeOnLoadAttributes
0x00007ff648b8c715 (Unity) MonoManager::SetupLoadedEditorAssemblies
0x00007ff648b83801 (Unity) MonoManager::EndReloadAssembly
0x00007ff648b8a771 (Unity) MonoManager::ReloadAssembly
0x00007ff649f767a1 (Unity) LoadDomainAndUserAssemblies
0x00007ff649f76c4e (Unity) LoadUserAssemblies
0x00007ff64a3edab8 (Unity) <lambda_d5cd3abeeb3ed75489242b6b28c1fa53>::operator()
0x00007ff64a491612 (Unity) asio::detail::completion_handler<core::mutable_function<void __cdecl(void)> >::do_complete
0x00007ff64a493770 (Unity) asio::detail::win_iocp_io_service::do_one
0x00007ff64a496efe (Unity) asio::io_service::run
0x00007ff64a41a13b (Unity) RunAssetImportWorkerClientV2
0x00007ff64a41a190 (Unity) RunAssetImporterV2
0x00007ff6498e1596 (Unity) Application::InitializeProject
0x00007ff64a2893e2 (Unity) WinMain
0x00007ff64c0dbf46 (Unity) __scrt_common_main_seh
0x00007ffdfcfc7034 (KERNEL32) BaseThreadInitThunk
0x00007ffdfdd02651 (ntdll) RtlUserThreadStart

Mono: successfully reloaded assembly
- Completed reload, in  2.468 seconds
Domain Reload Profiling:
	ReloadAssembly (2469ms)
		BeginReloadAssembly (252ms)
			ExecutionOrderSort (0ms)
			DisableScriptedObjects (20ms)
			BackupInstance (0ms)
			ReleaseScriptingObjects (0ms)
			CreateAndSetChildDomain (66ms)
		EndReloadAssembly (2096ms)
			LoadAssemblies (304ms)
			RebuildTransferFunctionScriptingTraits (0ms)
			SetupTypeCache (563ms)
			ReleaseScriptCaches (3ms)
			RebuildScriptCaches (125ms)
			SetupLoadedEditorAssemblies (804ms)
				LogAssemblyErrors (0ms)
				InitializePlatformSupportModulesInManaged (15ms)
				SetLoadedEditorAssemblies (3ms)
				RefreshPlugins (5ms)
				BeforeProcessingInitializeOnLoad (229ms)
				ProcessInitializeOnLoadAttributes (521ms)
				ProcessInitializeOnLoadMethodAttributes (21ms)
				AfterProcessingInitializeOnLoad (9ms)
				EditorAssembliesLoaded (0ms)
			ExecutionOrderSort2 (0ms)
			AwakeInstancesAfterBackupRestoration (28ms)
Platform modules already initialized, skipping
Switching build target platform(19) subTarget(0) extendedPlatform(0) -> platform(13) subTarget(537395200) extendedPlatform(0)
Refreshing native plugins compatible for Editor in 1.15 ms, found 3 plugins.
Preloading 0 native plugins for Editor in 0.00 ms.
Unloading 2341 Unused Serialized files (Serialized files now loaded: 0)
System memory in use before: 100.4 MB.
System memory in use after: 100.6 MB.

Unloading 94 unused Assets to reduce memory usage. Loaded Objects now: 2730.
Total: 3.734900 ms (FindLiveObjects: 0.239900 ms CreateObjectMapping: 0.122400 ms MarkObjects: 3.302300 ms  DeleteObjects: 0.068800 ms)

AssetImportParameters requested are different than current active one (requested -> active):
  custom:framework-win-MediaFoundation: 216162199b28c13a410421893ffa2e32 -> 
  custom:video-decoder-ogg-theora: a1e56fd34408186e4bbccfd4996cb3dc -> 
  custom:container-muxer-webm: aa71ff27fc2769a1b78a27578f13a17b -> 
  custom:container-demuxer-webm: 4f35f7cbe854078d1ac9338744f61a02 -> 
  custom:container-demuxer-ogg: 62fdf1f143b41e24485cea50d1cbac27 -> 
  custom:video-encoder-webm-vp8: eb34c28f22e8b96e1ab97ce403110664 -> 
  custom:video-decoder-webm-vp8: 9c59270c3fd7afecdb556c50c9e8de78 -> 
  custom:graphics/normal-map-encoding: 01000000000000000000000000000000 -> 02000000000000000000000000000000
  custom:audio-decoder-ogg-vorbis: bf7c407c2cedff20999df2af8eb42d56 -> 
  custom:audio-encoder-webm-vorbis: bf7c407c2cedff20999df2af8eb42d56 -> 
========================================================================
Received Prepare
Registering precompiled user dll's ...
Registered in 0.026418 seconds.
Begin MonoManager ReloadAssembly
Native extension for WindowsStandalone target not found
Refreshing native plugins compatible for Editor in 1.78 ms, found 3 plugins.
Preloading 0 native plugins for Editor in 0.00 ms.
GPGSUpgrader start
0x00007ff648d548bc (Unity) StackWalker::GetCurrentCallstack
0x00007ff648d5cf59 (Unity) StackWalker::ShowCallstack
0x00007ff64a27be7c (Unity) GetStacktrace
0x00007ff64b3a87c3 (Unity) DebugStringToFile
0x00007ff648dff4c6 (Unity) DebugLogHandler_CUSTOM_Internal_Log
0x0000022c929703db (Mono JIT Code) (wrapper managed-to-native) UnityEngine.DebugLogHandler:Internal_Log (UnityEngine.LogType,UnityEngine.LogOption,string,UnityEngine.Object)
0x0000022c9296fafb (Mono JIT Code) UnityEngine.DebugLogHandler:LogFormat (UnityEngine.LogType,UnityEngine.Object,string,object[])
0x0000022c9296f01e (Mono JIT Code) UnityEngine.Logger:Log (UnityEngine.LogType,object)
0x0000022c9296e53d (Mono JIT Code) UnityEngine.Debug:Log (object)
0x0000022c9296d113 (Mono JIT Code) [GPGSUpgrader.cs:38] GooglePlayGames.Editor.GPGSUpgrader:.cctor () 
0x0000022c9296e0a5 (Mono JIT Code) (wrapper runtime-invoke) object:runtime_invoke_void (object,intptr,intptr,intptr)
0x00007ffdb372e660 (mono-2.0-bdwgc) [mini-runtime.c:2816] mono_jit_runtime_invoke 
0x00007ffdb36b2ae2 (mono-2.0-bdwgc) [object.c:2921] do_runtime_invoke 
0x00007ffdb36bb1fc (mono-2.0-bdwgc) [object.c:477] mono_runtime_class_init_full 
0x00007ffdb3668d5e (mono-2.0-bdwgc) [icall.c:990] ves_icall_System_Runtime_CompilerServices_RuntimeHelpers_RunClassConstructor 
0x0000022c8f9c36e7 (Mono JIT Code) (wrapper managed-to-native) System.Runtime.CompilerServices.RuntimeHelpers:RunClassConstructor (intptr)
0x0000022c8f9c35bb (Mono JIT Code) System.Runtime.CompilerServices.RuntimeHelpers:RunClassConstructor (System.RuntimeTypeHandle)
0x0000022c8f9c286b (Mono JIT Code) UnityEditor.EditorAssemblies:ProcessInitializeOnLoadAttributes (System.Type[])
0x0000022c92a13fdb (Mono JIT Code) (wrapper runtime-invoke) <Module>:runtime_invoke_void_object (object,intptr,intptr,intptr)
0x00007ffdb372e660 (mono-2.0-bdwgc) [mini-runtime.c:2816] mono_jit_runtime_invoke 
0x00007ffdb36b2ae2 (mono-2.0-bdwgc) [object.c:2921] do_runtime_invoke 
0x00007ffdb36bbb3f (mono-2.0-bdwgc) [object.c:2968] mono_runtime_invoke 
0x00007ff648bdc0e4 (Unity) scripting_method_invoke
0x00007ff648bd4a35 (Unity) ScriptingInvocation::Invoke
0x00007ff648bcd525 (Unity) ScriptingInvocation::Invoke<void>
0x00007ff64721c11b (Unity) Scripting::UnityEditor::EditorAssembliesProxy::ProcessInitializeOnLoadAttributes
0x00007ff648b8c715 (Unity) MonoManager::SetupLoadedEditorAssemblies
0x00007ff648b83801 (Unity) MonoManager::EndReloadAssembly
0x00007ff648b8a771 (Unity) MonoManager::ReloadAssembly
0x00007ff649f767a1 (Unity) LoadDomainAndUserAssemblies
0x00007ff649f76c4e (Unity) LoadUserAssemblies
0x00007ff64a3edab8 (Unity) <lambda_d5cd3abeeb3ed75489242b6b28c1fa53>::operator()
0x00007ff64a491612 (Unity) asio::detail::completion_handler<core::mutable_function<void __cdecl(void)> >::do_complete
0x00007ff64a493770 (Unity) asio::detail::win_iocp_io_service::do_one
0x00007ff64a496efe (Unity) asio::io_service::run
0x00007ff64a41a13b (Unity) RunAssetImportWorkerClientV2
0x00007ff64a41a190 (Unity) RunAssetImporterV2
0x00007ff6498e1596 (Unity) Application::InitializeProject
0x00007ff64a2893e2 (Unity) WinMain
0x00007ff64c0dbf46 (Unity) __scrt_common_main_seh
0x00007ffdfcfc7034 (KERNEL32) BaseThreadInitThunk
0x00007ffdfdd02651 (ntdll) RtlUserThreadStart

GPGSUpgrader done
0x00007ff648d548bc (Unity) StackWalker::GetCurrentCallstack
0x00007ff648d5cf59 (Unity) StackWalker::ShowCallstack
0x00007ff64a27be7c (Unity) GetStacktrace
0x00007ff64b3a87c3 (Unity) DebugStringToFile
0x00007ff648dff4c6 (Unity) DebugLogHandler_CUSTOM_Internal_Log
0x0000022c929703db (Mono JIT Code) (wrapper managed-to-native) UnityEngine.DebugLogHandler:Internal_Log (UnityEngine.LogType,UnityEngine.LogOption,string,UnityEngine.Object)
0x0000022c9296fafb (Mono JIT Code) UnityEngine.DebugLogHandler:LogFormat (UnityEngine.LogType,UnityEngine.Object,string,object[])
0x0000022c9296f01e (Mono JIT Code) UnityEngine.Logger:Log (UnityEngine.LogType,object)
0x0000022c9296e53d (Mono JIT Code) UnityEngine.Debug:Log (object)
0x0000022c9296dd4b (Mono JIT Code) [GPGSUpgrader.cs:105] GooglePlayGames.Editor.GPGSUpgrader:.cctor () 
0x0000022c9296e0a5 (Mono JIT Code) (wrapper runtime-invoke) object:runtime_invoke_void (object,intptr,intptr,intptr)
0x00007ffdb372e660 (mono-2.0-bdwgc) [mini-runtime.c:2816] mono_jit_runtime_invoke 
0x00007ffdb36b2ae2 (mono-2.0-bdwgc) [object.c:2921] do_runtime_invoke 
0x00007ffdb36bb1fc (mono-2.0-bdwgc) [object.c:477] mono_runtime_class_init_full 
0x00007ffdb3668d5e (mono-2.0-bdwgc) [icall.c:990] ves_icall_System_Runtime_CompilerServices_RuntimeHelpers_RunClassConstructor 
0x0000022c8f9c36e7 (Mono JIT Code) (wrapper managed-to-native) System.Runtime.CompilerServices.RuntimeHelpers:RunClassConstructor (intptr)
0x0000022c8f9c35bb (Mono JIT Code) System.Runtime.CompilerServices.RuntimeHelpers:RunClassConstructor (System.RuntimeTypeHandle)
0x0000022c8f9c286b (Mono JIT Code) UnityEditor.EditorAssemblies:ProcessInitializeOnLoadAttributes (System.Type[])
0x0000022c92a13fdb (Mono JIT Code) (wrapper runtime-invoke) <Module>:runtime_invoke_void_object (object,intptr,intptr,intptr)
0x00007ffdb372e660 (mono-2.0-bdwgc) [mini-runtime.c:2816] mono_jit_runtime_invoke 
0x00007ffdb36b2ae2 (mono-2.0-bdwgc) [object.c:2921] do_runtime_invoke 
0x00007ffdb36bbb3f (mono-2.0-bdwgc) [object.c:2968] mono_runtime_invoke 
0x00007ff648bdc0e4 (Unity) scripting_method_invoke
0x00007ff648bd4a35 (Unity) ScriptingInvocation::Invoke
0x00007ff648bcd525 (Unity) ScriptingInvocation::Invoke<void>
0x00007ff64721c11b (Unity) Scripting::UnityEditor::EditorAssembliesProxy::ProcessInitializeOnLoadAttributes
0x00007ff648b8c715 (Unity) MonoManager::SetupLoadedEditorAssemblies
0x00007ff648b83801 (Unity) MonoManager::EndReloadAssembly
0x00007ff648b8a771 (Unity) MonoManager::ReloadAssembly
0x00007ff649f767a1 (Unity) LoadDomainAndUserAssemblies
0x00007ff649f76c4e (Unity) LoadUserAssemblies
0x00007ff64a3edab8 (Unity) <lambda_d5cd3abeeb3ed75489242b6b28c1fa53>::operator()
0x00007ff64a491612 (Unity) asio::detail::completion_handler<core::mutable_function<void __cdecl(void)> >::do_complete
0x00007ff64a493770 (Unity) asio::detail::win_iocp_io_service::do_one
0x00007ff64a496efe (Unity) asio::io_service::run
0x00007ff64a41a13b (Unity) RunAssetImportWorkerClientV2
0x00007ff64a41a190 (Unity) RunAssetImporterV2
0x00007ff6498e1596 (Unity) Application::InitializeProject
0x00007ff64a2893e2 (Unity) WinMain
0x00007ff64c0dbf46 (Unity) __scrt_common_main_seh
0x00007ffdfcfc7034 (KERNEL32) BaseThreadInitThunk
0x00007ffdfdd02651 (ntdll) RtlUserThreadStart

Mono: successfully reloaded assembly
- Completed reload, in  2.639 seconds
Domain Reload Profiling:
	ReloadAssembly (2639ms)
		BeginReloadAssembly (243ms)
			ExecutionOrderSort (0ms)
			DisableScriptedObjects (11ms)
			BackupInstance (0ms)
			ReleaseScriptingObjects (0ms)
			CreateAndSetChildDomain (60ms)
		EndReloadAssembly (2301ms)
			LoadAssemblies (236ms)
			RebuildTransferFunctionScriptingTraits (0ms)
			SetupTypeCache (799ms)
			ReleaseScriptCaches (3ms)
			RebuildScriptCaches (135ms)
			SetupLoadedEditorAssemblies (789ms)
				LogAssemblyErrors (0ms)
				InitializePlatformSupportModulesInManaged (13ms)
				SetLoadedEditorAssemblies (1ms)
				RefreshPlugins (2ms)
				BeforeProcessingInitializeOnLoad (191ms)
				ProcessInitializeOnLoadAttributes (568ms)
				ProcessInitializeOnLoadMethodAttributes (9ms)
				AfterProcessingInitializeOnLoad (4ms)
				EditorAssembliesLoaded (0ms)
			ExecutionOrderSort2 (0ms)
			AwakeInstancesAfterBackupRestoration (16ms)
Platform modules already initialized, skipping
Switching build target platform(19) subTarget(0) extendedPlatform(0) -> platform(13) subTarget(537395200) extendedPlatform(0)
Refreshing native plugins compatible for Editor in 1.24 ms, found 3 plugins.
Preloading 0 native plugins for Editor in 0.00 ms.
Unloading 2341 Unused Serialized files (Serialized files now loaded: 0)
System memory in use before: 100.4 MB.
System memory in use after: 100.7 MB.

Unloading 94 unused Assets to reduce memory usage. Loaded Objects now: 2733.
Total: 3.546700 ms (FindLiveObjects: 0.225900 ms CreateObjectMapping: 0.117700 ms MarkObjects: 3.156400 ms  DeleteObjects: 0.045500 ms)

AssetImportParameters requested are different than current active one (requested -> active):
  custom:framework-win-MediaFoundation: 216162199b28c13a410421893ffa2e32 -> 
  custom:video-decoder-ogg-theora: a1e56fd34408186e4bbccfd4996cb3dc -> 
  custom:container-muxer-webm: aa71ff27fc2769a1b78a27578f13a17b -> 
  custom:container-demuxer-webm: 4f35f7cbe854078d1ac9338744f61a02 -> 
  custom:container-demuxer-ogg: 62fdf1f143b41e24485cea50d1cbac27 -> 
  custom:video-encoder-webm-vp8: eb34c28f22e8b96e1ab97ce403110664 -> 
  custom:video-decoder-webm-vp8: 9c59270c3fd7afecdb556c50c9e8de78 -> 
  custom:graphics/normal-map-encoding: 01000000000000000000000000000000 -> 02000000000000000000000000000000
  custom:audio-decoder-ogg-vorbis: bf7c407c2cedff20999df2af8eb42d56 -> 
  custom:audio-encoder-webm-vorbis: bf7c407c2cedff20999df2af8eb42d56 -> 
========================================================================
Received Prepare
Registering precompiled user dll's ...
Registered in 0.015288 seconds.
Begin MonoManager ReloadAssembly
Native extension for WindowsStandalone target not found
Refreshing native plugins compatible for Editor in 4.84 ms, found 3 plugins.
Preloading 0 native plugins for Editor in 0.00 ms.
GPGSUpgrader start
0x00007ff648d548bc (Unity) StackWalker::GetCurrentCallstack
0x00007ff648d5cf59 (Unity) StackWalker::ShowCallstack
0x00007ff64a27be7c (Unity) GetStacktrace
0x00007ff64b3a87c3 (Unity) DebugStringToFile
0x00007ff648dff4c6 (Unity) DebugLogHandler_CUSTOM_Internal_Log
0x0000022c92a6fdfb (Mono JIT Code) (wrapper managed-to-native) UnityEngine.DebugLogHandler:Internal_Log (UnityEngine.LogType,UnityEngine.LogOption,string,UnityEngine.Object)
0x0000022c92a6fa0b (Mono JIT Code) UnityEngine.DebugLogHandler:LogFormat (UnityEngine.LogType,UnityEngine.Object,string,object[])
0x0000022c92a6ef2e (Mono JIT Code) UnityEngine.Logger:Log (UnityEngine.LogType,object)
0x0000022c92a6e44d (Mono JIT Code) UnityEngine.Debug:Log (object)
0x0000022c92a6d023 (Mono JIT Code) [GPGSUpgrader.cs:38] GooglePlayGames.Editor.GPGSUpgrader:.cctor () 
0x0000022c92a6dfb5 (Mono JIT Code) (wrapper runtime-invoke) object:runtime_invoke_void (object,intptr,intptr,intptr)
0x00007ffdb372e660 (mono-2.0-bdwgc) [mini-runtime.c:2816] mono_jit_runtime_invoke 
0x00007ffdb36b2ae2 (mono-2.0-bdwgc) [object.c:2921] do_runtime_invoke 
0x00007ffdb36bb1fc (mono-2.0-bdwgc) [object.c:477] mono_runtime_class_init_full 
0x00007ffdb3668d5e (mono-2.0-bdwgc) [icall.c:990] ves_icall_System_Runtime_CompilerServices_RuntimeHelpers_RunClassConstructor 
0x0000022c8f9b36e7 (Mono JIT Code) (wrapper managed-to-native) System.Runtime.CompilerServices.RuntimeHelpers:RunClassConstructor (intptr)
0x0000022c8f9b35bb (Mono JIT Code) System.Runtime.CompilerServices.RuntimeHelpers:RunClassConstructor (System.RuntimeTypeHandle)
0x0000022c8f9b286b (Mono JIT Code) UnityEditor.EditorAssemblies:ProcessInitializeOnLoadAttributes (System.Type[])
0x0000022c8fa83fdb (Mono JIT Code) (wrapper runtime-invoke) <Module>:runtime_invoke_void_object (object,intptr,intptr,intptr)
0x00007ffdb372e660 (mono-2.0-bdwgc) [mini-runtime.c:2816] mono_jit_runtime_invoke 
0x00007ffdb36b2ae2 (mono-2.0-bdwgc) [object.c:2921] do_runtime_invoke 
0x00007ffdb36bbb3f (mono-2.0-bdwgc) [object.c:2968] mono_runtime_invoke 
0x00007ff648bdc0e4 (Unity) scripting_method_invoke
0x00007ff648bd4a35 (Unity) ScriptingInvocation::Invoke
0x00007ff648bcd525 (Unity) ScriptingInvocation::Invoke<void>
0x00007ff64721c11b (Unity) Scripting::UnityEditor::EditorAssembliesProxy::ProcessInitializeOnLoadAttributes
0x00007ff648b8c715 (Unity) MonoManager::SetupLoadedEditorAssemblies
0x00007ff648b83801 (Unity) MonoManager::EndReloadAssembly
0x00007ff648b8a771 (Unity) MonoManager::ReloadAssembly
0x00007ff649f767a1 (Unity) LoadDomainAndUserAssemblies
0x00007ff649f76c4e (Unity) LoadUserAssemblies
0x00007ff64a3edab8 (Unity) <lambda_d5cd3abeeb3ed75489242b6b28c1fa53>::operator()
0x00007ff64a491612 (Unity) asio::detail::completion_handler<core::mutable_function<void __cdecl(void)> >::do_complete
0x00007ff64a493770 (Unity) asio::detail::win_iocp_io_service::do_one
0x00007ff64a496efe (Unity) asio::io_service::run
0x00007ff64a41a13b (Unity) RunAssetImportWorkerClientV2
0x00007ff64a41a190 (Unity) RunAssetImporterV2
0x00007ff6498e1596 (Unity) Application::InitializeProject
0x00007ff64a2893e2 (Unity) WinMain
0x00007ff64c0dbf46 (Unity) __scrt_common_main_seh
0x00007ffdfcfc7034 (KERNEL32) BaseThreadInitThunk
0x00007ffdfdd02651 (ntdll) RtlUserThreadStart

GPGSUpgrader done
0x00007ff648d548bc (Unity) StackWalker::GetCurrentCallstack
0x00007ff648d5cf59 (Unity) StackWalker::ShowCallstack
0x00007ff64a27be7c (Unity) GetStacktrace
0x00007ff64b3a87c3 (Unity) DebugStringToFile
0x00007ff648dff4c6 (Unity) DebugLogHandler_CUSTOM_Internal_Log
0x0000022c92a6fdfb (Mono JIT Code) (wrapper managed-to-native) UnityEngine.DebugLogHandler:Internal_Log (UnityEngine.LogType,UnityEngine.LogOption,string,UnityEngine.Object)
0x0000022c92a6fa0b (Mono JIT Code) UnityEngine.DebugLogHandler:LogFormat (UnityEngine.LogType,UnityEngine.Object,string,object[])
0x0000022c92a6ef2e (Mono JIT Code) UnityEngine.Logger:Log (UnityEngine.LogType,object)
0x0000022c92a6e44d (Mono JIT Code) UnityEngine.Debug:Log (object)
0x0000022c92a6dc5b (Mono JIT Code) [GPGSUpgrader.cs:105] GooglePlayGames.Editor.GPGSUpgrader:.cctor () 
0x0000022c92a6dfb5 (Mono JIT Code) (wrapper runtime-invoke) object:runtime_invoke_void (object,intptr,intptr,intptr)
0x00007ffdb372e660 (mono-2.0-bdwgc) [mini-runtime.c:2816] mono_jit_runtime_invoke 
0x00007ffdb36b2ae2 (mono-2.0-bdwgc) [object.c:2921] do_runtime_invoke 
0x00007ffdb36bb1fc (mono-2.0-bdwgc) [object.c:477] mono_runtime_class_init_full 
0x00007ffdb3668d5e (mono-2.0-bdwgc) [icall.c:990] ves_icall_System_Runtime_CompilerServices_RuntimeHelpers_RunClassConstructor 
0x0000022c8f9b36e7 (Mono JIT Code) (wrapper managed-to-native) System.Runtime.CompilerServices.RuntimeHelpers:RunClassConstructor (intptr)
0x0000022c8f9b35bb (Mono JIT Code) System.Runtime.CompilerServices.RuntimeHelpers:RunClassConstructor (System.RuntimeTypeHandle)
0x0000022c8f9b286b (Mono JIT Code) UnityEditor.EditorAssemblies:ProcessInitializeOnLoadAttributes (System.Type[])
0x0000022c8fa83fdb (Mono JIT Code) (wrapper runtime-invoke) <Module>:runtime_invoke_void_object (object,intptr,intptr,intptr)
0x00007ffdb372e660 (mono-2.0-bdwgc) [mini-runtime.c:2816] mono_jit_runtime_invoke 
0x00007ffdb36b2ae2 (mono-2.0-bdwgc) [object.c:2921] do_runtime_invoke 
0x00007ffdb36bbb3f (mono-2.0-bdwgc) [object.c:2968] mono_runtime_invoke 
0x00007ff648bdc0e4 (Unity) scripting_method_invoke
0x00007ff648bd4a35 (Unity) ScriptingInvocation::Invoke
0x00007ff648bcd525 (Unity) ScriptingInvocation::Invoke<void>
0x00007ff64721c11b (Unity) Scripting::UnityEditor::EditorAssembliesProxy::ProcessInitializeOnLoadAttributes
0x00007ff648b8c715 (Unity) MonoManager::SetupLoadedEditorAssemblies
0x00007ff648b83801 (Unity) MonoManager::EndReloadAssembly
0x00007ff648b8a771 (Unity) MonoManager::ReloadAssembly
0x00007ff649f767a1 (Unity) LoadDomainAndUserAssemblies
0x00007ff649f76c4e (Unity) LoadUserAssemblies
0x00007ff64a3edab8 (Unity) <lambda_d5cd3abeeb3ed75489242b6b28c1fa53>::operator()
0x00007ff64a491612 (Unity) asio::detail::completion_handler<core::mutable_function<void __cdecl(void)> >::do_complete
0x00007ff64a493770 (Unity) asio::detail::win_iocp_io_service::do_one
0x00007ff64a496efe (Unity) asio::io_service::run
0x00007ff64a41a13b (Unity) RunAssetImportWorkerClientV2
0x00007ff64a41a190 (Unity) RunAssetImporterV2
0x00007ff6498e1596 (Unity) Application::InitializeProject
0x00007ff64a2893e2 (Unity) WinMain
0x00007ff64c0dbf46 (Unity) __scrt_common_main_seh
0x00007ffdfcfc7034 (KERNEL32) BaseThreadInitThunk
0x00007ffdfdd02651 (ntdll) RtlUserThreadStart

Mono: successfully reloaded assembly
- Completed reload, in  3.062 seconds
Domain Reload Profiling:
	ReloadAssembly (3062ms)
		BeginReloadAssembly (222ms)
			ExecutionOrderSort (0ms)
			DisableScriptedObjects (9ms)
			BackupInstance (0ms)
			ReleaseScriptingObjects (0ms)
			CreateAndSetChildDomain (60ms)
		EndReloadAssembly (2713ms)
			LoadAssemblies (208ms)
			RebuildTransferFunctionScriptingTraits (0ms)
			SetupTypeCache (795ms)
			ReleaseScriptCaches (2ms)
			RebuildScriptCaches (115ms)
			SetupLoadedEditorAssemblies (1166ms)
				LogAssemblyErrors (0ms)
				InitializePlatformSupportModulesInManaged (17ms)
				SetLoadedEditorAssemblies (2ms)
				RefreshPlugins (5ms)
				BeforeProcessingInitializeOnLoad (281ms)
				ProcessInitializeOnLoadAttributes (842ms)
				ProcessInitializeOnLoadMethodAttributes (13ms)
				AfterProcessingInitializeOnLoad (5ms)
				EditorAssembliesLoaded (0ms)
			ExecutionOrderSort2 (0ms)
			AwakeInstancesAfterBackupRestoration (32ms)
Platform modules already initialized, skipping
Switching build target platform(19) subTarget(0) extendedPlatform(0) -> platform(13) subTarget(537395200) extendedPlatform(0)
Refreshing native plugins compatible for Editor in 4.59 ms, found 3 plugins.
Preloading 0 native plugins for Editor in 0.00 ms.
Unloading 2341 Unused Serialized files (Serialized files now loaded: 0)
System memory in use before: 100.4 MB.
System memory in use after: 100.6 MB.

Unloading 94 unused Assets to reduce memory usage. Loaded Objects now: 2736.
Total: 8.507100 ms (FindLiveObjects: 0.524700 ms CreateObjectMapping: 0.235700 ms MarkObjects: 7.658800 ms  DeleteObjects: 0.086100 ms)

AssetImportParameters requested are different than current active one (requested -> active):
  custom:framework-win-MediaFoundation: 216162199b28c13a410421893ffa2e32 -> 
  custom:video-decoder-ogg-theora: a1e56fd34408186e4bbccfd4996cb3dc -> 
  custom:container-muxer-webm: aa71ff27fc2769a1b78a27578f13a17b -> 
  custom:container-demuxer-webm: 4f35f7cbe854078d1ac9338744f61a02 -> 
  custom:container-demuxer-ogg: 62fdf1f143b41e24485cea50d1cbac27 -> 
  custom:video-encoder-webm-vp8: eb34c28f22e8b96e1ab97ce403110664 -> 
  custom:video-decoder-webm-vp8: 9c59270c3fd7afecdb556c50c9e8de78 -> 
  custom:graphics/normal-map-encoding: 01000000000000000000000000000000 -> 02000000000000000000000000000000
  custom:audio-decoder-ogg-vorbis: bf7c407c2cedff20999df2af8eb42d56 -> 
  custom:audio-encoder-webm-vorbis: bf7c407c2cedff20999df2af8eb42d56 -> 
========================================================================
Received Prepare
Registering precompiled user dll's ...
Registered in 0.027151 seconds.
Begin MonoManager ReloadAssembly
Native extension for WindowsStandalone target not found
Refreshing native plugins compatible for Editor in 3.09 ms, found 3 plugins.
Preloading 0 native plugins for Editor in 0.00 ms.
GPGSUpgrader start
0x00007ff648d548bc (Unity) StackWalker::GetCurrentCallstack
0x00007ff648d5cf59 (Unity) StackWalker::ShowCallstack
0x00007ff64a27be7c (Unity) GetStacktrace
0x00007ff64b3a87c3 (Unity) DebugStringToFile
0x00007ff648dff4c6 (Unity) DebugLogHandler_CUSTOM_Internal_Log
0x0000022c92a700eb (Mono JIT Code) (wrapper managed-to-native) UnityEngine.DebugLogHandler:Internal_Log (UnityEngine.LogType,UnityEngine.LogOption,string,UnityEngine.Object)
0x0000022c92a6fcfb (Mono JIT Code) UnityEngine.DebugLogHandler:LogFormat (UnityEngine.LogType,UnityEngine.Object,string,object[])
0x0000022c92a6e93e (Mono JIT Code) UnityEngine.Logger:Log (UnityEngine.LogType,object)
0x0000022c92a6d6ed (Mono JIT Code) UnityEngine.Debug:Log (object)
0x0000022c92a6c2c3 (Mono JIT Code) [GPGSUpgrader.cs:38] GooglePlayGames.Editor.GPGSUpgrader:.cctor () 
0x0000022c92a6d255 (Mono JIT Code) (wrapper runtime-invoke) object:runtime_invoke_void (object,intptr,intptr,intptr)
0x00007ffdb372e660 (mono-2.0-bdwgc) [mini-runtime.c:2816] mono_jit_runtime_invoke 
0x00007ffdb36b2ae2 (mono-2.0-bdwgc) [object.c:2921] do_runtime_invoke 
0x00007ffdb36bb1fc (mono-2.0-bdwgc) [object.c:477] mono_runtime_class_init_full 
0x00007ffdb3668d5e (mono-2.0-bdwgc) [icall.c:990] ves_icall_System_Runtime_CompilerServices_RuntimeHelpers_RunClassConstructor 
0x0000022c8f9c36e7 (Mono JIT Code) (wrapper managed-to-native) System.Runtime.CompilerServices.RuntimeHelpers:RunClassConstructor (intptr)
0x0000022c8f9c35bb (Mono JIT Code) System.Runtime.CompilerServices.RuntimeHelpers:RunClassConstructor (System.RuntimeTypeHandle)
0x0000022c8f9c286b (Mono JIT Code) UnityEditor.EditorAssemblies:ProcessInitializeOnLoadAttributes (System.Type[])
0x0000022c917b3fdb (Mono JIT Code) (wrapper runtime-invoke) <Module>:runtime_invoke_void_object (object,intptr,intptr,intptr)
0x00007ffdb372e660 (mono-2.0-bdwgc) [mini-runtime.c:2816] mono_jit_runtime_invoke 
0x00007ffdb36b2ae2 (mono-2.0-bdwgc) [object.c:2921] do_runtime_invoke 
0x00007ffdb36bbb3f (mono-2.0-bdwgc) [object.c:2968] mono_runtime_invoke 
0x00007ff648bdc0e4 (Unity) scripting_method_invoke
0x00007ff648bd4a35 (Unity) ScriptingInvocation::Invoke
0x00007ff648bcd525 (Unity) ScriptingInvocation::Invoke<void>
0x00007ff64721c11b (Unity) Scripting::UnityEditor::EditorAssembliesProxy::ProcessInitializeOnLoadAttributes
0x00007ff648b8c715 (Unity) MonoManager::SetupLoadedEditorAssemblies
0x00007ff648b83801 (Unity) MonoManager::EndReloadAssembly
0x00007ff648b8a771 (Unity) MonoManager::ReloadAssembly
0x00007ff649f767a1 (Unity) LoadDomainAndUserAssemblies
0x00007ff649f76c4e (Unity) LoadUserAssemblies
0x00007ff64a3edab8 (Unity) <lambda_d5cd3abeeb3ed75489242b6b28c1fa53>::operator()
0x00007ff64a491612 (Unity) asio::detail::completion_handler<core::mutable_function<void __cdecl(void)> >::do_complete
0x00007ff64a493770 (Unity) asio::detail::win_iocp_io_service::do_one
0x00007ff64a496efe (Unity) asio::io_service::run
0x00007ff64a41a13b (Unity) RunAssetImportWorkerClientV2
0x00007ff64a41a190 (Unity) RunAssetImporterV2
0x00007ff6498e1596 (Unity) Application::InitializeProject
0x00007ff64a2893e2 (Unity) WinMain
0x00007ff64c0dbf46 (Unity) __scrt_common_main_seh
0x00007ffdfcfc7034 (KERNEL32) BaseThreadInitThunk
0x00007ffdfdd02651 (ntdll) RtlUserThreadStart

GPGSUpgrader done
0x00007ff648d548bc (Unity) StackWalker::GetCurrentCallstack
0x00007ff648d5cf59 (Unity) StackWalker::ShowCallstack
0x00007ff64a27be7c (Unity) GetStacktrace
0x00007ff64b3a87c3 (Unity) DebugStringToFile
0x00007ff648dff4c6 (Unity) DebugLogHandler_CUSTOM_Internal_Log
0x0000022c92a700eb (Mono JIT Code) (wrapper managed-to-native) UnityEngine.DebugLogHandler:Internal_Log (UnityEngine.LogType,UnityEngine.LogOption,string,UnityEngine.Object)
0x0000022c92a6fcfb (Mono JIT Code) UnityEngine.DebugLogHandler:LogFormat (UnityEngine.LogType,UnityEngine.Object,string,object[])
0x0000022c92a6e93e (Mono JIT Code) UnityEngine.Logger:Log (UnityEngine.LogType,object)
0x0000022c92a6d6ed (Mono JIT Code) UnityEngine.Debug:Log (object)
0x0000022c92a6cefb (Mono JIT Code) [GPGSUpgrader.cs:105] GooglePlayGames.Editor.GPGSUpgrader:.cctor () 
0x0000022c92a6d255 (Mono JIT Code) (wrapper runtime-invoke) object:runtime_invoke_void (object,intptr,intptr,intptr)
0x00007ffdb372e660 (mono-2.0-bdwgc) [mini-runtime.c:2816] mono_jit_runtime_invoke 
0x00007ffdb36b2ae2 (mono-2.0-bdwgc) [object.c:2921] do_runtime_invoke 
0x00007ffdb36bb1fc (mono-2.0-bdwgc) [object.c:477] mono_runtime_class_init_full 
0x00007ffdb3668d5e (mono-2.0-bdwgc) [icall.c:990] ves_icall_System_Runtime_CompilerServices_RuntimeHelpers_RunClassConstructor 
0x0000022c8f9c36e7 (Mono JIT Code) (wrapper managed-to-native) System.Runtime.CompilerServices.RuntimeHelpers:RunClassConstructor (intptr)
0x0000022c8f9c35bb (Mono JIT Code) System.Runtime.CompilerServices.RuntimeHelpers:RunClassConstructor (System.RuntimeTypeHandle)
0x0000022c8f9c286b (Mono JIT Code) UnityEditor.EditorAssemblies:ProcessInitializeOnLoadAttributes (System.Type[])
0x0000022c917b3fdb (Mono JIT Code) (wrapper runtime-invoke) <Module>:runtime_invoke_void_object (object,intptr,intptr,intptr)
0x00007ffdb372e660 (mono-2.0-bdwgc) [mini-runtime.c:2816] mono_jit_runtime_invoke 
0x00007ffdb36b2ae2 (mono-2.0-bdwgc) [object.c:2921] do_runtime_invoke 
0x00007ffdb36bbb3f (mono-2.0-bdwgc) [object.c:2968] mono_runtime_invoke 
0x00007ff648bdc0e4 (Unity) scripting_method_invoke
0x00007ff648bd4a35 (Unity) ScriptingInvocation::Invoke
0x00007ff648bcd525 (Unity) ScriptingInvocation::Invoke<void>
0x00007ff64721c11b (Unity) Scripting::UnityEditor::EditorAssembliesProxy::ProcessInitializeOnLoadAttributes
0x00007ff648b8c715 (Unity) MonoManager::SetupLoadedEditorAssemblies
0x00007ff648b83801 (Unity) MonoManager::EndReloadAssembly
0x00007ff648b8a771 (Unity) MonoManager::ReloadAssembly
0x00007ff649f767a1 (Unity) LoadDomainAndUserAssemblies
0x00007ff649f76c4e (Unity) LoadUserAssemblies
0x00007ff64a3edab8 (Unity) <lambda_d5cd3abeeb3ed75489242b6b28c1fa53>::operator()
0x00007ff64a491612 (Unity) asio::detail::completion_handler<core::mutable_function<void __cdecl(void)> >::do_complete
0x00007ff64a493770 (Unity) asio::detail::win_iocp_io_service::do_one
0x00007ff64a496efe (Unity) asio::io_service::run
0x00007ff64a41a13b (Unity) RunAssetImportWorkerClientV2
0x00007ff64a41a190 (Unity) RunAssetImporterV2
0x00007ff6498e1596 (Unity) Application::InitializeProject
0x00007ff64a2893e2 (Unity) WinMain
0x00007ff64c0dbf46 (Unity) __scrt_common_main_seh
0x00007ffdfcfc7034 (KERNEL32) BaseThreadInitThunk
0x00007ffdfdd02651 (ntdll) RtlUserThreadStart

Mono: successfully reloaded assembly
- Completed reload, in  3.157 seconds
Domain Reload Profiling:
	ReloadAssembly (3158ms)
		BeginReloadAssembly (210ms)
			ExecutionOrderSort (0ms)
			DisableScriptedObjects (10ms)
			BackupInstance (0ms)
			ReleaseScriptingObjects (0ms)
			CreateAndSetChildDomain (46ms)
		EndReloadAssembly (2834ms)
			LoadAssemblies (233ms)
			RebuildTransferFunctionScriptingTraits (0ms)
			SetupTypeCache (770ms)
			ReleaseScriptCaches (1ms)
			RebuildScriptCaches (145ms)
			SetupLoadedEditorAssemblies (1247ms)
				LogAssemblyErrors (0ms)
				InitializePlatformSupportModulesInManaged (17ms)
				SetLoadedEditorAssemblies (1ms)
				RefreshPlugins (3ms)
				BeforeProcessingInitializeOnLoad (328ms)
				ProcessInitializeOnLoadAttributes (875ms)
				ProcessInitializeOnLoadMethodAttributes (14ms)
				AfterProcessingInitializeOnLoad (9ms)
				EditorAssembliesLoaded (0ms)
			ExecutionOrderSort2 (0ms)
			AwakeInstancesAfterBackupRestoration (27ms)
Platform modules already initialized, skipping
Switching build target platform(19) subTarget(0) extendedPlatform(0) -> platform(13) subTarget(537395200) extendedPlatform(0)
Refreshing native plugins compatible for Editor in 3.39 ms, found 3 plugins.
Preloading 0 native plugins for Editor in 0.00 ms.
Unloading 2341 Unused Serialized files (Serialized files now loaded: 0)
System memory in use before: 100.4 MB.
System memory in use after: 100.7 MB.

Unloading 94 unused Assets to reduce memory usage. Loaded Objects now: 2739.
Total: 8.083500 ms (FindLiveObjects: 0.389700 ms CreateObjectMapping: 0.233900 ms MarkObjects: 7.339400 ms  DeleteObjects: 0.118700 ms)

AssetImportParameters requested are different than current active one (requested -> active):
  custom:framework-win-MediaFoundation: 216162199b28c13a410421893ffa2e32 -> 
  custom:video-decoder-ogg-theora: a1e56fd34408186e4bbccfd4996cb3dc -> 
  custom:container-muxer-webm: aa71ff27fc2769a1b78a27578f13a17b -> 
  custom:container-demuxer-webm: 4f35f7cbe854078d1ac9338744f61a02 -> 
  custom:container-demuxer-ogg: 62fdf1f143b41e24485cea50d1cbac27 -> 
  custom:video-encoder-webm-vp8: eb34c28f22e8b96e1ab97ce403110664 -> 
  custom:video-decoder-webm-vp8: 9c59270c3fd7afecdb556c50c9e8de78 -> 
  custom:graphics/normal-map-encoding: 01000000000000000000000000000000 -> 02000000000000000000000000000000
  custom:audio-decoder-ogg-vorbis: bf7c407c2cedff20999df2af8eb42d56 -> 
  custom:audio-encoder-webm-vorbis: bf7c407c2cedff20999df2af8eb42d56 -> 
========================================================================
Received Prepare
Registering precompiled user dll's ...
Registered in 0.018627 seconds.
Begin MonoManager ReloadAssembly
Native extension for WindowsStandalone target not found
Refreshing native plugins compatible for Editor in 1.96 ms, found 3 plugins.
Preloading 0 native plugins for Editor in 0.00 ms.
GPGSUpgrader start
0x00007ff648d548bc (Unity) StackWalker::GetCurrentCallstack
0x00007ff648d5cf59 (Unity) StackWalker::ShowCallstack
0x00007ff64a27be7c (Unity) GetStacktrace
0x00007ff64b3a87c3 (Unity) DebugStringToFile
0x00007ff648dff4c6 (Unity) DebugLogHandler_CUSTOM_Internal_Log
0x0000022c929efb5b (Mono JIT Code) (wrapper managed-to-native) UnityEngine.DebugLogHandler:Internal_Log (UnityEngine.LogType,UnityEngine.LogOption,string,UnityEngine.Object)
0x0000022c929ef76b (Mono JIT Code) UnityEngine.DebugLogHandler:LogFormat (UnityEngine.LogType,UnityEngine.Object,string,object[])
0x0000022c929eebbe (Mono JIT Code) UnityEngine.Logger:Log (UnityEngine.LogType,object)
0x0000022c92a0eb8d (Mono JIT Code) UnityEngine.Debug:Log (object)
0x0000022c92a0d223 (Mono JIT Code) [GPGSUpgrader.cs:38] GooglePlayGames.Editor.GPGSUpgrader:.cctor () 
0x0000022c92a0e4d5 (Mono JIT Code) (wrapper runtime-invoke) object:runtime_invoke_void (object,intptr,intptr,intptr)
0x00007ffdb372e660 (mono-2.0-bdwgc) [mini-runtime.c:2816] mono_jit_runtime_invoke 
0x00007ffdb36b2ae2 (mono-2.0-bdwgc) [object.c:2921] do_runtime_invoke 
0x00007ffdb36bb1fc (mono-2.0-bdwgc) [object.c:477] mono_runtime_class_init_full 
0x00007ffdb3668d5e (mono-2.0-bdwgc) [icall.c:990] ves_icall_System_Runtime_CompilerServices_RuntimeHelpers_RunClassConstructor 
0x0000022c8f9c36e7 (Mono JIT Code) (wrapper managed-to-native) System.Runtime.CompilerServices.RuntimeHelpers:RunClassConstructor (intptr)
0x0000022c8f9c35bb (Mono JIT Code) System.Runtime.CompilerServices.RuntimeHelpers:RunClassConstructor (System.RuntimeTypeHandle)
0x0000022c8f9c286b (Mono JIT Code) UnityEditor.EditorAssemblies:ProcessInitializeOnLoadAttributes (System.Type[])
0x0000022c8fa43fdb (Mono JIT Code) (wrapper runtime-invoke) <Module>:runtime_invoke_void_object (object,intptr,intptr,intptr)
0x00007ffdb372e660 (mono-2.0-bdwgc) [mini-runtime.c:2816] mono_jit_runtime_invoke 
0x00007ffdb36b2ae2 (mono-2.0-bdwgc) [object.c:2921] do_runtime_invoke 
0x00007ffdb36bbb3f (mono-2.0-bdwgc) [object.c:2968] mono_runtime_invoke 
0x00007ff648bdc0e4 (Unity) scripting_method_invoke
0x00007ff648bd4a35 (Unity) ScriptingInvocation::Invoke
0x00007ff648bcd525 (Unity) ScriptingInvocation::Invoke<void>
0x00007ff64721c11b (Unity) Scripting::UnityEditor::EditorAssembliesProxy::ProcessInitializeOnLoadAttributes
0x00007ff648b8c715 (Unity) MonoManager::SetupLoadedEditorAssemblies
0x00007ff648b83801 (Unity) MonoManager::EndReloadAssembly
0x00007ff648b8a771 (Unity) MonoManager::ReloadAssembly
0x00007ff649f767a1 (Unity) LoadDomainAndUserAssemblies
0x00007ff649f76c4e (Unity) LoadUserAssemblies
0x00007ff64a3edab8 (Unity) <lambda_d5cd3abeeb3ed75489242b6b28c1fa53>::operator()
0x00007ff64a491612 (Unity) asio::detail::completion_handler<core::mutable_function<void __cdecl(void)> >::do_complete
0x00007ff64a493770 (Unity) asio::detail::win_iocp_io_service::do_one
0x00007ff64a496efe (Unity) asio::io_service::run
0x00007ff64a41a13b (Unity) RunAssetImportWorkerClientV2
0x00007ff64a41a190 (Unity) RunAssetImporterV2
0x00007ff6498e1596 (Unity) Application::InitializeProject
0x00007ff64a2893e2 (Unity) WinMain
0x00007ff64c0dbf46 (Unity) __scrt_common_main_seh
0x00007ffdfcfc7034 (KERNEL32) BaseThreadInitThunk
0x00007ffdfdd02651 (ntdll) RtlUserThreadStart

GPGSUpgrader done
0x00007ff648d548bc (Unity) StackWalker::GetCurrentCallstack
0x00007ff648d5cf59 (Unity) StackWalker::ShowCallstack
0x00007ff64a27be7c (Unity) GetStacktrace
0x00007ff64b3a87c3 (Unity) DebugStringToFile
0x00007ff648dff4c6 (Unity) DebugLogHandler_CUSTOM_Internal_Log
0x0000022c929efb5b (Mono JIT Code) (wrapper managed-to-native) UnityEngine.DebugLogHandler:Internal_Log (UnityEngine.LogType,UnityEngine.LogOption,string,UnityEngine.Object)
0x0000022c929ef76b (Mono JIT Code) UnityEngine.DebugLogHandler:LogFormat (UnityEngine.LogType,UnityEngine.Object,string,object[])
0x0000022c929eebbe (Mono JIT Code) UnityEngine.Logger:Log (UnityEngine.LogType,object)
0x0000022c92a0eb8d (Mono JIT Code) UnityEngine.Debug:Log (object)
0x0000022c92a0de5b (Mono JIT Code) [GPGSUpgrader.cs:105] GooglePlayGames.Editor.GPGSUpgrader:.cctor () 
0x0000022c92a0e4d5 (Mono JIT Code) (wrapper runtime-invoke) object:runtime_invoke_void (object,intptr,intptr,intptr)
0x00007ffdb372e660 (mono-2.0-bdwgc) [mini-runtime.c:2816] mono_jit_runtime_invoke 
0x00007ffdb36b2ae2 (mono-2.0-bdwgc) [object.c:2921] do_runtime_invoke 
0x00007ffdb36bb1fc (mono-2.0-bdwgc) [object.c:477] mono_runtime_class_init_full 
0x00007ffdb3668d5e (mono-2.0-bdwgc) [icall.c:990] ves_icall_System_Runtime_CompilerServices_RuntimeHelpers_RunClassConstructor 
0x0000022c8f9c36e7 (Mono JIT Code) (wrapper managed-to-native) System.Runtime.CompilerServices.RuntimeHelpers:RunClassConstructor (intptr)
0x0000022c8f9c35bb (Mono JIT Code) System.Runtime.CompilerServices.RuntimeHelpers:RunClassConstructor (System.RuntimeTypeHandle)
0x0000022c8f9c286b (Mono JIT Code) UnityEditor.EditorAssemblies:ProcessInitializeOnLoadAttributes (System.Type[])
0x0000022c8fa43fdb (Mono JIT Code) (wrapper runtime-invoke) <Module>:runtime_invoke_void_object (object,intptr,intptr,intptr)
0x00007ffdb372e660 (mono-2.0-bdwgc) [mini-runtime.c:2816] mono_jit_runtime_invoke 
0x00007ffdb36b2ae2 (mono-2.0-bdwgc) [object.c:2921] do_runtime_invoke 
0x00007ffdb36bbb3f (mono-2.0-bdwgc) [object.c:2968] mono_runtime_invoke 
0x00007ff648bdc0e4 (Unity) scripting_method_invoke
0x00007ff648bd4a35 (Unity) ScriptingInvocation::Invoke
0x00007ff648bcd525 (Unity) ScriptingInvocation::Invoke<void>
0x00007ff64721c11b (Unity) Scripting::UnityEditor::EditorAssembliesProxy::ProcessInitializeOnLoadAttributes
0x00007ff648b8c715 (Unity) MonoManager::SetupLoadedEditorAssemblies
0x00007ff648b83801 (Unity) MonoManager::EndReloadAssembly
0x00007ff648b8a771 (Unity) MonoManager::ReloadAssembly
0x00007ff649f767a1 (Unity) LoadDomainAndUserAssemblies
0x00007ff649f76c4e (Unity) LoadUserAssemblies
0x00007ff64a3edab8 (Unity) <lambda_d5cd3abeeb3ed75489242b6b28c1fa53>::operator()
0x00007ff64a491612 (Unity) asio::detail::completion_handler<core::mutable_function<void __cdecl(void)> >::do_complete
0x00007ff64a493770 (Unity) asio::detail::win_iocp_io_service::do_one
0x00007ff64a496efe (Unity) asio::io_service::run
0x00007ff64a41a13b (Unity) RunAssetImportWorkerClientV2
0x00007ff64a41a190 (Unity) RunAssetImporterV2
0x00007ff6498e1596 (Unity) Application::InitializeProject
0x00007ff64a2893e2 (Unity) WinMain
0x00007ff64c0dbf46 (Unity) __scrt_common_main_seh
0x00007ffdfcfc7034 (KERNEL32) BaseThreadInitThunk
0x00007ffdfdd02651 (ntdll) RtlUserThreadStart

Mono: successfully reloaded assembly
- Completed reload, in  3.309 seconds
Domain Reload Profiling:
	ReloadAssembly (3310ms)
		BeginReloadAssembly (279ms)
			ExecutionOrderSort (0ms)
			DisableScriptedObjects (11ms)
			BackupInstance (0ms)
			ReleaseScriptingObjects (0ms)
			CreateAndSetChildDomain (65ms)
		EndReloadAssembly (2829ms)
			LoadAssemblies (341ms)
			RebuildTransferFunctionScriptingTraits (0ms)
			SetupTypeCache (738ms)
			ReleaseScriptCaches (2ms)
			RebuildScriptCaches (160ms)
			SetupLoadedEditorAssemblies (1123ms)
				LogAssemblyErrors (0ms)
				InitializePlatformSupportModulesInManaged (14ms)
				SetLoadedEditorAssemblies (1ms)
				RefreshPlugins (2ms)
				BeforeProcessingInitializeOnLoad (262ms)
				ProcessInitializeOnLoadAttributes (829ms)
				ProcessInitializeOnLoadMethodAttributes (8ms)
				AfterProcessingInitializeOnLoad (7ms)
				EditorAssembliesLoaded (0ms)
			ExecutionOrderSort2 (0ms)
			AwakeInstancesAfterBackupRestoration (25ms)
Platform modules already initialized, skipping
Switching build target platform(19) subTarget(0) extendedPlatform(0) -> platform(13) subTarget(537395200) extendedPlatform(0)
Refreshing native plugins compatible for Editor in 3.15 ms, found 3 plugins.
Preloading 0 native plugins for Editor in 0.00 ms.
Unloading 2341 Unused Serialized files (Serialized files now loaded: 0)
System memory in use before: 100.5 MB.
System memory in use after: 100.7 MB.

Unloading 94 unused Assets to reduce memory usage. Loaded Objects now: 2742.
Total: 15.414500 ms (FindLiveObjects: 0.348600 ms CreateObjectMapping: 0.183500 ms MarkObjects: 14.783100 ms  DeleteObjects: 0.097400 ms)

AssetImportParameters requested are different than current active one (requested -> active):
  custom:framework-win-MediaFoundation: 216162199b28c13a410421893ffa2e32 -> 
  custom:video-decoder-ogg-theora: a1e56fd34408186e4bbccfd4996cb3dc -> 
  custom:container-muxer-webm: aa71ff27fc2769a1b78a27578f13a17b -> 
  custom:container-demuxer-webm: 4f35f7cbe854078d1ac9338744f61a02 -> 
  custom:container-demuxer-ogg: 62fdf1f143b41e24485cea50d1cbac27 -> 
  custom:video-encoder-webm-vp8: eb34c28f22e8b96e1ab97ce403110664 -> 
  custom:video-decoder-webm-vp8: 9c59270c3fd7afecdb556c50c9e8de78 -> 
  custom:graphics/normal-map-encoding: 01000000000000000000000000000000 -> 02000000000000000000000000000000
  custom:audio-decoder-ogg-vorbis: bf7c407c2cedff20999df2af8eb42d56 -> 
  custom:audio-encoder-webm-vorbis: bf7c407c2cedff20999df2af8eb42d56 -> 
========================================================================
Received Prepare
Refreshing native plugins compatible for Editor in 91.00 ms, found 3 plugins.
Preloading 0 native plugins for Editor in 0.00 ms.
Unloading 92 Unused Serialized files (Serialized files now loaded: 0)
System memory in use before: 56.1 MB.
System memory in use after: 56.3 MB.

Unloading 92 unused Assets to reduce memory usage. Loaded Objects now: 2742.
Total: 15.891100 ms (FindLiveObjects: 1.127200 ms CreateObjectMapping: 0.548600 ms MarkObjects: 14.039200 ms  DeleteObjects: 0.170900 ms)

AssetImportParameters requested are different than current active one (requested -> active):
  custom:framework-win-MediaFoundation: 216162199b28c13a410421893ffa2e32 -> 
  custom:video-decoder-ogg-theora: a1e56fd34408186e4bbccfd4996cb3dc -> 
  custom:container-muxer-webm: aa71ff27fc2769a1b78a27578f13a17b -> 
  custom:container-demuxer-webm: 4f35f7cbe854078d1ac9338744f61a02 -> 
  custom:container-demuxer-ogg: 62fdf1f143b41e24485cea50d1cbac27 -> 
  custom:video-encoder-webm-vp8: eb34c28f22e8b96e1ab97ce403110664 -> 
  custom:video-decoder-webm-vp8: 9c59270c3fd7afecdb556c50c9e8de78 -> 
  custom:audio-decoder-ogg-vorbis: bf7c407c2cedff20999df2af8eb42d56 -> 
  custom:audio-encoder-webm-vorbis: bf7c407c2cedff20999df2af8eb42d56 -> 
========================================================================
Received Prepare
Refreshing native plugins compatible for Editor in 75.60 ms, found 3 plugins.
Preloading 0 native plugins for Editor in 0.00 ms.
Unloading 92 Unused Serialized files (Serialized files now loaded: 0)
System memory in use before: 56.1 MB.
System memory in use after: 56.3 MB.

Unloading 92 unused Assets to reduce memory usage. Loaded Objects now: 2742.
Total: 11.300900 ms (FindLiveObjects: 0.501500 ms CreateObjectMapping: 0.241600 ms MarkObjects: 10.427000 ms  DeleteObjects: 0.127500 ms)

AssetImportParameters requested are different than current active one (requested -> active):
  custom:framework-win-MediaFoundation: 216162199b28c13a410421893ffa2e32 -> 
  custom:video-decoder-ogg-theora: a1e56fd34408186e4bbccfd4996cb3dc -> 
  custom:container-muxer-webm: aa71ff27fc2769a1b78a27578f13a17b -> 
  custom:container-demuxer-webm: 4f35f7cbe854078d1ac9338744f61a02 -> 
  custom:container-demuxer-ogg: 62fdf1f143b41e24485cea50d1cbac27 -> 
  custom:video-encoder-webm-vp8: eb34c28f22e8b96e1ab97ce403110664 -> 
  custom:video-decoder-webm-vp8: 9c59270c3fd7afecdb556c50c9e8de78 -> 
  custom:audio-decoder-ogg-vorbis: bf7c407c2cedff20999df2af8eb42d56 -> 
  custom:audio-encoder-webm-vorbis: bf7c407c2cedff20999df2af8eb42d56 -> 
========================================================================
Received Prepare
Refreshing native plugins compatible for Editor in 67.15 ms, found 3 plugins.
Preloading 0 native plugins for Editor in 0.00 ms.
Unloading 92 Unused Serialized files (Serialized files now loaded: 0)
System memory in use before: 56.1 MB.
System memory in use after: 56.3 MB.

Unloading 92 unused Assets to reduce memory usage. Loaded Objects now: 2742.
Total: 9.466300 ms (FindLiveObjects: 0.480500 ms CreateObjectMapping: 0.243600 ms MarkObjects: 8.636400 ms  DeleteObjects: 0.103000 ms)

AssetImportParameters requested are different than current active one (requested -> active):
  custom:framework-win-MediaFoundation: 216162199b28c13a410421893ffa2e32 -> 
  custom:video-decoder-ogg-theora: a1e56fd34408186e4bbccfd4996cb3dc -> 
  custom:container-muxer-webm: aa71ff27fc2769a1b78a27578f13a17b -> 
  custom:container-demuxer-webm: 4f35f7cbe854078d1ac9338744f61a02 -> 
  custom:container-demuxer-ogg: 62fdf1f143b41e24485cea50d1cbac27 -> 
  custom:video-encoder-webm-vp8: eb34c28f22e8b96e1ab97ce403110664 -> 
  custom:video-decoder-webm-vp8: 9c59270c3fd7afecdb556c50c9e8de78 -> 
  custom:audio-decoder-ogg-vorbis: bf7c407c2cedff20999df2af8eb42d56 -> 
  custom:audio-encoder-webm-vorbis: bf7c407c2cedff20999df2af8eb42d56 -> 
========================================================================
Received Prepare
Refreshing native plugins compatible for Editor in 27.35 ms, found 3 plugins.
Preloading 0 native plugins for Editor in 0.00 ms.
Unloading 92 Unused Serialized files (Serialized files now loaded: 0)
System memory in use before: 56.1 MB.
System memory in use after: 56.3 MB.

Unloading 92 unused Assets to reduce memory usage. Loaded Objects now: 2742.
Total: 4.494200 ms (FindLiveObjects: 0.237300 ms CreateObjectMapping: 0.089100 ms MarkObjects: 4.074000 ms  DeleteObjects: 0.092900 ms)

AssetImportParameters requested are different than current active one (requested -> active):
  custom:framework-win-MediaFoundation: 216162199b28c13a410421893ffa2e32 -> 
  custom:video-decoder-ogg-theora: a1e56fd34408186e4bbccfd4996cb3dc -> 
  custom:container-muxer-webm: aa71ff27fc2769a1b78a27578f13a17b -> 
  custom:container-demuxer-webm: 4f35f7cbe854078d1ac9338744f61a02 -> 
  custom:container-demuxer-ogg: 62fdf1f143b41e24485cea50d1cbac27 -> 
  custom:video-encoder-webm-vp8: eb34c28f22e8b96e1ab97ce403110664 -> 
  custom:video-decoder-webm-vp8: 9c59270c3fd7afecdb556c50c9e8de78 -> 
  custom:audio-decoder-ogg-vorbis: bf7c407c2cedff20999df2af8eb42d56 -> 
  custom:audio-encoder-webm-vorbis: bf7c407c2cedff20999df2af8eb42d56 -> 
AssetImportWorkerClient::OnTransportError - code=2 error=End of file
